<?xml version="1.0" encoding="UTF-8"?>
<testsuites>
  <testsuite name="C:\SAAC\SAAC-Backend\phpunit.xml" tests="608" assertions="1464" errors="0" failures="0" skipped="1" time="635.378489">
    <testsuite name="Unit" tests="248" assertions="408" errors="0" failures="0" skipped="0" time="102.437111">
      <testsuite name="Tests\Unit\AccreditationCycleTest" file="Accreditation Cycle (Tests\Unit\AccreditationCycle)" tests="10" assertions="15" errors="0" failures="0" skipped="0" time="30.724582">
        <testcase name="Creates an accreditation cycle" file="Accreditation Cycle (Tests\Unit\AccreditationCycle)::Creates an accreditation cycle" class="Tests\Unit\AccreditationCycleTest" classname="Tests.Unit.AccreditationCycleTest" assertions="1" time="28.816286">
          <system-out>clercler</system-out>
        </testcase>
        <testcase name="Requires nombre field" file="Accreditation Cycle (Tests\Unit\AccreditationCycle)::Requires nombre field" class="Tests\Unit\AccreditationCycleTest" classname="Tests.Unit.AccreditationCycleTest" assertions="1" time="0.174142"/>
        <testcase name="Updates an accreditation cycle" file="Accreditation Cycle (Tests\Unit\AccreditationCycle)::Updates an accreditation cycle" class="Tests\Unit\AccreditationCycleTest" classname="Tests.Unit.AccreditationCycleTest" assertions="1" time="0.192603"/>
        <testcase name="Deletes an accreditation cycle" file="Accreditation Cycle (Tests\Unit\AccreditationCycle)::Deletes an accreditation cycle" class="Tests\Unit\AccreditationCycleTest" classname="Tests.Unit.AccreditationCycleTest" assertions="1" time="0.218614"/>
        <testcase name="Accreditation cycle belongs to career campus" file="Accreditation Cycle (Tests\Unit\AccreditationCycle)::Accreditation cycle belongs to career campus" class="Tests\Unit\AccreditationCycleTest" classname="Tests.Unit.AccreditationCycleTest" assertions="1" time="0.237574"/>
        <testcase name="Accreditation cycle has many processes" file="Accreditation Cycle (Tests\Unit\AccreditationCycle)::Accreditation cycle has many processes" class="Tests\Unit\AccreditationCycleTest" classname="Tests.Unit.AccreditationCycleTest" assertions="1" time="0.207028"/>
        <testcase name="IsActive retorna true solo cuando estado es activo AC4" file="Accreditation Cycle (Tests\Unit\AccreditationCycle)::IsActive retorna true solo cuando estado es activo AC4" class="Tests\Unit\AccreditationCycleTest" classname="Tests.Unit.AccreditationCycleTest" assertions="3" time="0.245511"/>
        <testcase name="IsEditable retorna true solo para ciclo activo AC4" file="Accreditation Cycle (Tests\Unit\AccreditationCycle)::IsEditable retorna true solo para ciclo activo AC4" class="Tests\Unit\AccreditationCycleTest" classname="Tests.Unit.AccreditationCycleTest" assertions="3" time="0.197691"/>
        <testcase name="Scope active filtra solo ciclos activos" file="Accreditation Cycle (Tests\Unit\AccreditationCycle)::Scope active filtra solo ciclos activos" class="Tests\Unit\AccreditationCycleTest" classname="Tests.Unit.AccreditationCycleTest" assertions="2" time="0.209264"/>
        <testcase name="Permite crear ciclo inactivo sin restriccion de unicidad activa" file="Accreditation Cycle (Tests\Unit\AccreditationCycle)::Permite crear ciclo inactivo sin restriccion de unicidad activa" class="Tests\Unit\AccreditationCycleTest" classname="Tests.Unit.AccreditationCycleTest" assertions="1" time="0.225869"/>
      </testsuite>
      <testsuite name="Tests\Unit\AccreditationReportTest" file="Accreditation Report (Tests\Unit\AccreditationReport)" tests="5" assertions="8" errors="0" failures="0" skipped="0" time="1.119475">
        <testcase name="Crea informe y persiste en bd" file="Accreditation Report (Tests\Unit\AccreditationReport)::Crea informe y persiste en bd" class="Tests\Unit\AccreditationReportTest" classname="Tests.Unit.AccreditationReportTest" assertions="2" time="0.246166"/>
        <testcase name="Estado inicial es publicado" file="Accreditation Report (Tests\Unit\AccreditationReport)::Estado inicial es publicado" class="Tests\Unit\AccreditationReportTest" classname="Tests.Unit.AccreditationReportTest" assertions="2" time="0.223973"/>
        <testcase name="Is published retorna true cuando estado publicado" file="Accreditation Report (Tests\Unit\AccreditationReport)::Is published retorna true cuando estado publicado" class="Tests\Unit\AccreditationReportTest" classname="Tests.Unit.AccreditationReportTest" assertions="1" time="0.210818"/>
        <testcase name="Is unpublished retorna true cuando estado despublicado" file="Accreditation Report (Tests\Unit\AccreditationReport)::Is unpublished retorna true cuando estado despublicado" class="Tests\Unit\AccreditationReportTest" classname="Tests.Unit.AccreditationReportTest" assertions="2" time="0.219062"/>
        <testcase name="Relacion process" file="Accreditation Report (Tests\Unit\AccreditationReport)::Relacion process" class="Tests\Unit\AccreditationReportTest" classname="Tests.Unit.AccreditationReportTest" assertions="1" time="0.219456"/>
      </testsuite>
      <testsuite name="Tests\Unit\ActionTypeTest" file="tests\Unit\ActionTypeTest.php" tests="6" assertions="6" errors="0" failures="0" skipped="0" time="0.953005">
        <testcase name="it creates an action type" file="tests\Unit\ActionTypeTest.php::it creates an action type" class="Tests\Unit\ActionTypeTest" classname="Tests.Unit.ActionTypeTest" assertions="1" time="0.154132"/>
        <testcase name="it requires descripcion field" file="tests\Unit\ActionTypeTest.php::it requires descripcion field" class="Tests\Unit\ActionTypeTest" classname="Tests.Unit.ActionTypeTest" assertions="1" time="0.132662"/>
        <testcase name="it updates an action type" file="tests\Unit\ActionTypeTest.php::it updates an action type" class="Tests\Unit\ActionTypeTest" classname="Tests.Unit.ActionTypeTest" assertions="1" time="0.152562"/>
        <testcase name="it deletes an action type" file="tests\Unit\ActionTypeTest.php::it deletes an action type" class="Tests\Unit\ActionTypeTest" classname="Tests.Unit.ActionTypeTest" assertions="1" time="0.149065"/>
        <testcase name="it action type has many audit logs" file="tests\Unit\ActionTypeTest.php::it action type has many audit logs" class="Tests\Unit\ActionTypeTest" classname="Tests.Unit.ActionTypeTest" assertions="1" time="0.177800"/>
        <testcase name="it puede tener múltiples audit logs" file="tests\Unit\ActionTypeTest.php::it puede tener múltiples audit logs" class="Tests\Unit\ActionTypeTest" classname="Tests.Unit.ActionTypeTest" assertions="1" time="0.186785"/>
      </testsuite>
      <testsuite name="Tests\Unit\AuditLogTest" file="tests\Unit\AuditLogTest.php" tests="12" assertions="18" errors="0" failures="0" skipped="0" time="1.846301">
        <testcase name="it has correct table name" file="tests\Unit\AuditLogTest.php::it has correct table name" class="Tests\Unit\AuditLogTest" classname="Tests.Unit.AuditLogTest" assertions="1" time="0.167276"/>
        <testcase name="it has correct primary key" file="tests\Unit\AuditLogTest.php::it has correct primary key" class="Tests\Unit\AuditLogTest" classname="Tests.Unit.AuditLogTest" assertions="1" time="0.122145"/>
        <testcase name="it has fillable attributes" file="tests\Unit\AuditLogTest.php::it has fillable attributes" class="Tests\Unit\AuditLogTest" classname="Tests.Unit.AuditLogTest" assertions="1" time="0.123808"/>
        <testcase name="it can create audit log" file="tests\Unit\AuditLogTest.php::it can create audit log" class="Tests\Unit\AuditLogTest" classname="Tests.Unit.AuditLogTest" assertions="1" time="0.156491"/>
        <testcase name="it allows nullable usuario_id" file="tests\Unit\AuditLogTest.php::it allows nullable usuario_id" class="Tests\Unit\AuditLogTest" classname="Tests.Unit.AuditLogTest" assertions="2" time="0.177333"/>
        <testcase name="it requires tipo_accion_id" file="tests\Unit\AuditLogTest.php::it requires tipo_accion_id" class="Tests\Unit\AuditLogTest" classname="Tests.Unit.AuditLogTest" assertions="1" time="0.149171"/>
        <testcase name="it can update audit log" file="tests\Unit\AuditLogTest.php::it can update audit log" class="Tests\Unit\AuditLogTest" classname="Tests.Unit.AuditLogTest" assertions="1" time="0.172626"/>
        <testcase name="it can delete audit log" file="tests\Unit\AuditLogTest.php::it can delete audit log" class="Tests\Unit\AuditLogTest" classname="Tests.Unit.AuditLogTest" assertions="1" time="0.171677"/>
        <testcase name="it belongs to user" file="tests\Unit\AuditLogTest.php::it belongs to user" class="Tests\Unit\AuditLogTest" classname="Tests.Unit.AuditLogTest" assertions="2" time="0.161348"/>
        <testcase name="it belongs to action type" file="tests\Unit\AuditLogTest.php::it belongs to action type" class="Tests\Unit\AuditLogTest" classname="Tests.Unit.AuditLogTest" assertions="2" time="0.151420"/>
        <testcase name="it factory creates valid audit log" file="tests\Unit\AuditLogTest.php::it factory creates valid audit log" class="Tests\Unit\AuditLogTest" classname="Tests.Unit.AuditLogTest" assertions="4" time="0.138835"/>
        <testcase name="it can create audit log with specific detalle" file="tests\Unit\AuditLogTest.php::it can create audit log with specific detalle" class="Tests\Unit\AuditLogTest" classname="Tests.Unit.AuditLogTest" assertions="1" time="0.154172"/>
      </testsuite>
      <testsuite name="Tests\Unit\AutoevaluationTest" file="tests\Unit\AutoevaluationTest.php" tests="7" assertions="9" errors="0" failures="0" skipped="0" time="1.433682">
        <testcase name="it creates an autoevaluation" file="tests\Unit\AutoevaluationTest.php::it creates an autoevaluation" class="Tests\Unit\AutoevaluationTest" classname="Tests.Unit.AutoevaluationTest" assertions="1" time="0.238060"/>
        <testcase name="it requires proceso_id field" file="tests\Unit\AutoevaluationTest.php::it requires proceso_id field" class="Tests\Unit\AutoevaluationTest" classname="Tests.Unit.AutoevaluationTest" assertions="1" time="0.128073"/>
        <testcase name="it updates an autoevaluation" file="tests\Unit\AutoevaluationTest.php::it updates an autoevaluation" class="Tests\Unit\AutoevaluationTest" classname="Tests.Unit.AutoevaluationTest" assertions="1" time="0.215576"/>
        <testcase name="it deletes an autoevaluation" file="tests\Unit\AutoevaluationTest.php::it deletes an autoevaluation" class="Tests\Unit\AutoevaluationTest" classname="Tests.Unit.AutoevaluationTest" assertions="1" time="0.230566"/>
        <testcase name="it autoevaluation belongs to process" file="tests\Unit\AutoevaluationTest.php::it autoevaluation belongs to process" class="Tests\Unit\AutoevaluationTest" classname="Tests.Unit.AutoevaluationTest" assertions="1" time="0.230413"/>
        <testcase name="it puede crear autoevaluación con fechas" file="tests\Unit\AutoevaluationTest.php::it puede crear autoevaluación con fechas" class="Tests\Unit\AutoevaluationTest" classname="Tests.Unit.AutoevaluationTest" assertions="2" time="0.184613"/>
        <testcase name="it permite fechas nulas" file="tests\Unit\AutoevaluationTest.php::it permite fechas nulas" class="Tests\Unit\AutoevaluationTest" classname="Tests.Unit.AutoevaluationTest" assertions="2" time="0.206381"/>
      </testsuite>
      <testsuite name="Tests\Unit\CampusTest" file="tests\Unit\CampusTest.php" tests="10" assertions="14" errors="0" failures="0" skipped="0" time="1.888877">
        <testcase name="it creates a campus" file="tests\Unit\CampusTest.php::it creates a campus" class="Tests\Unit\CampusTest" classname="Tests.Unit.CampusTest" assertions="1" time="0.200103"/>
        <testcase name="it requires nombre field" file="tests\Unit\CampusTest.php::it requires nombre field" class="Tests\Unit\CampusTest" classname="Tests.Unit.CampusTest" assertions="1" time="0.218767"/>
        <testcase name="it requires universidad_id field" file="tests\Unit\CampusTest.php::it requires universidad_id field" class="Tests\Unit\CampusTest" classname="Tests.Unit.CampusTest" assertions="1" time="0.171764"/>
        <testcase name="it updates a campus" file="tests\Unit\CampusTest.php::it updates a campus" class="Tests\Unit\CampusTest" classname="Tests.Unit.CampusTest" assertions="1" time="0.198015"/>
        <testcase name="it deletes a campus" file="tests\Unit\CampusTest.php::it deletes a campus" class="Tests\Unit\CampusTest" classname="Tests.Unit.CampusTest" assertions="1" time="0.177126"/>
        <testcase name="it belongs to university" file="tests\Unit\CampusTest.php::it belongs to university" class="Tests\Unit\CampusTest" classname="Tests.Unit.CampusTest" assertions="1" time="0.157825"/>
        <testcase name="it puede tener carreras asociadas" file="tests\Unit\CampusTest.php::it puede tener carreras asociadas" class="Tests\Unit\CampusTest" classname="Tests.Unit.CampusTest" assertions="2" time="0.200902"/>
        <testcase name="it puede tener múltiples carreras asociadas" file="tests\Unit\CampusTest.php::it puede tener múltiples carreras asociadas" class="Tests\Unit\CampusTest" classname="Tests.Unit.CampusTest" assertions="3" time="0.199825"/>
        <testcase name="it puede desasociar carreras" file="tests\Unit\CampusTest.php::it puede desasociar carreras" class="Tests\Unit\CampusTest" classname="Tests.Unit.CampusTest" assertions="2" time="0.189000"/>
        <testcase name="it tiene campo activo por defecto" file="tests\Unit\CampusTest.php::it tiene campo activo por defecto" class="Tests\Unit\CampusTest" classname="Tests.Unit.CampusTest" assertions="1" time="0.175552"/>
      </testsuite>
      <testsuite name="Tests\Unit\CareerCampusTest" file="tests\Unit\CareerCampusTest.php" tests="9" assertions="11" errors="0" failures="0" skipped="0" time="1.661981">
        <testcase name="it creates a career campus" file="tests\Unit\CareerCampusTest.php::it creates a career campus" class="Tests\Unit\CareerCampusTest" classname="Tests.Unit.CareerCampusTest" assertions="1" time="0.204097"/>
        <testcase name="it requires carrera_id field" file="tests\Unit\CareerCampusTest.php::it requires carrera_id field" class="Tests\Unit\CareerCampusTest" classname="Tests.Unit.CareerCampusTest" assertions="1" time="0.172861"/>
        <testcase name="it requires sede_id field" file="tests\Unit\CareerCampusTest.php::it requires sede_id field" class="Tests\Unit\CareerCampusTest" classname="Tests.Unit.CareerCampusTest" assertions="1" time="0.175344"/>
        <testcase name="it updates a career campus" file="tests\Unit\CareerCampusTest.php::it updates a career campus" class="Tests\Unit\CareerCampusTest" classname="Tests.Unit.CareerCampusTest" assertions="1" time="0.171931"/>
        <testcase name="it deletes a career campus" file="tests\Unit\CareerCampusTest.php::it deletes a career campus" class="Tests\Unit\CareerCampusTest" classname="Tests.Unit.CareerCampusTest" assertions="1" time="0.159813"/>
        <testcase name="it career campus belongs to career" file="tests\Unit\CareerCampusTest.php::it career campus belongs to career" class="Tests\Unit\CareerCampusTest" classname="Tests.Unit.CareerCampusTest" assertions="1" time="0.174781"/>
        <testcase name="it career campus belongs to campus" file="tests\Unit\CareerCampusTest.php::it career campus belongs to campus" class="Tests\Unit\CareerCampusTest" classname="Tests.Unit.CareerCampusTest" assertions="1" time="0.207838"/>
        <testcase name="it career campus has many accreditation cycles" file="tests\Unit\CareerCampusTest.php::it career campus has many accreditation cycles" class="Tests\Unit\CareerCampusTest" classname="Tests.Unit.CareerCampusTest" assertions="1" time="0.203505"/>
        <testcase name="it puede tener múltiples ciclos de acreditación" file="tests\Unit\CareerCampusTest.php::it puede tener múltiples ciclos de acreditación" class="Tests\Unit\CareerCampusTest" classname="Tests.Unit.CareerCampusTest" assertions="3" time="0.191811"/>
      </testsuite>
      <testsuite name="Tests\Unit\CareerTest" file="tests\Unit\CareerTest.php" tests="7" assertions="9" errors="0" failures="0" skipped="0" time="1.154115">
        <testcase name="it creates a career" file="tests\Unit\CareerTest.php::it creates a career" class="Tests\Unit\CareerTest" classname="Tests.Unit.CareerTest" assertions="1" time="0.190836"/>
        <testcase name="it requires nombre field" file="tests\Unit\CareerTest.php::it requires nombre field" class="Tests\Unit\CareerTest" classname="Tests.Unit.CareerTest" assertions="1" time="0.145804"/>
        <testcase name="it updates a career" file="tests\Unit\CareerTest.php::it updates a career" class="Tests\Unit\CareerTest" classname="Tests.Unit.CareerTest" assertions="1" time="0.153794"/>
        <testcase name="it deletes a career" file="tests\Unit\CareerTest.php::it deletes a career" class="Tests\Unit\CareerTest" classname="Tests.Unit.CareerTest" assertions="1" time="0.162460"/>
        <testcase name="it puede asociarse con usuarios via carrera_sede" file="tests\Unit\CareerTest.php::it puede asociarse con usuarios via carrera_sede" class="Tests\Unit\CareerTest" classname="Tests.Unit.CareerTest" assertions="2" time="0.187870"/>
        <testcase name="it puede asociarse con sedes" file="tests\Unit\CareerTest.php::it puede asociarse con sedes" class="Tests\Unit\CareerTest" classname="Tests.Unit.CareerTest" assertions="2" time="0.159877"/>
        <testcase name="it tiene campo activo por defecto" file="tests\Unit\CareerTest.php::it tiene campo activo por defecto" class="Tests\Unit\CareerTest" classname="Tests.Unit.CareerTest" assertions="1" time="0.153473"/>
      </testsuite>
      <testsuite name="Tests\Unit\CommentTest" file="tests\Unit\CommentTest.php" tests="6" assertions="10" errors="0" failures="0" skipped="0" time="1.353111">
        <testcase name="it creates a comment" file="tests\Unit\CommentTest.php::it creates a comment" class="Tests\Unit\CommentTest" classname="Tests.Unit.CommentTest" assertions="1" time="0.260329"/>
        <testcase name="it requires texto field" file="tests\Unit\CommentTest.php::it requires texto field" class="Tests\Unit\CommentTest" classname="Tests.Unit.CommentTest" assertions="1" time="0.193274"/>
        <testcase name="it updates a comment" file="tests\Unit\CommentTest.php::it updates a comment" class="Tests\Unit\CommentTest" classname="Tests.Unit.CommentTest" assertions="1" time="0.185259"/>
        <testcase name="it deletes a comment" file="tests\Unit\CommentTest.php::it deletes a comment" class="Tests\Unit\CommentTest" classname="Tests.Unit.CommentTest" assertions="1" time="0.232058"/>
        <testcase name="it belongs to user" file="tests\Unit\CommentTest.php::it belongs to user" class="Tests\Unit\CommentTest" classname="Tests.Unit.CommentTest" assertions="2" time="0.209377"/>
        <testcase name="it has polymorphic commentable relation" file="tests\Unit\CommentTest.php::it has polymorphic commentable relation" class="Tests\Unit\CommentTest" classname="Tests.Unit.CommentTest" assertions="4" time="0.272814"/>
      </testsuite>
      <testsuite name="Tests\Unit\ComponentTest" file="tests\Unit\ComponentTest.php" tests="6" assertions="6" errors="0" failures="0" skipped="0" time="1.100088">
        <testcase name="it creates a component" file="tests\Unit\ComponentTest.php::it creates a component" class="Tests\Unit\ComponentTest" classname="Tests.Unit.ComponentTest" assertions="1" time="0.261317"/>
        <testcase name="it requires nombre field" file="tests\Unit\ComponentTest.php::it requires nombre field" class="Tests\Unit\ComponentTest" classname="Tests.Unit.ComponentTest" assertions="1" time="0.181907"/>
        <testcase name="it updates a component" file="tests\Unit\ComponentTest.php::it updates a component" class="Tests\Unit\ComponentTest" classname="Tests.Unit.ComponentTest" assertions="1" time="0.157939"/>
        <testcase name="it deletes a component" file="tests\Unit\ComponentTest.php::it deletes a component" class="Tests\Unit\ComponentTest" classname="Tests.Unit.ComponentTest" assertions="1" time="0.179648"/>
        <testcase name="it component belongs to dimension" file="tests\Unit\ComponentTest.php::it component belongs to dimension" class="Tests\Unit\ComponentTest" classname="Tests.Unit.ComponentTest" assertions="1" time="0.146968"/>
        <testcase name="it component has many criteria" file="tests\Unit\ComponentTest.php::it component has many criteria" class="Tests\Unit\ComponentTest" classname="Tests.Unit.ComponentTest" assertions="1" time="0.172310"/>
      </testsuite>
      <testsuite name="Tests\Unit\CriterionApprovalServiceTest" file="tests\Unit\CriterionApprovalServiceTest.php" tests="4" assertions="17" errors="0" failures="0" skipped="0" time="1.685457">
        <testcase name="it gets approval by criterion and process" file="tests\Unit\CriterionApprovalServiceTest.php::it gets approval by criterion and process" class="Tests\Unit\CriterionApprovalServiceTest" classname="Tests.Unit.CriterionApprovalServiceTest" assertions="2" time="0.298961"/>
        <testcase name="it approves an individual evidence and creates block approval" file="tests\Unit\CriterionApprovalServiceTest.php::it approves an individual evidence and creates block approval" class="Tests\Unit\CriterionApprovalServiceTest" classname="Tests.Unit.CriterionApprovalServiceTest" assertions="5" time="0.421162"/>
        <testcase name="it rejects an individual evidence and updates assignment data" file="tests\Unit\CriterionApprovalServiceTest.php::it rejects an individual evidence and updates assignment data" class="Tests\Unit\CriterionApprovalServiceTest" classname="Tests.Unit.CriterionApprovalServiceTest" assertions="5" time="0.559201"/>
        <testcase name="it lists individual evidence approvals for a criterion" file="tests\Unit\CriterionApprovalServiceTest.php::it lists individual evidence approvals for a criterion" class="Tests\Unit\CriterionApprovalServiceTest" classname="Tests.Unit.CriterionApprovalServiceTest" assertions="5" time="0.406133"/>
      </testsuite>
      <testsuite name="Tests\Unit\CriterionApprovalTest" file="tests\Unit\CriterionApprovalTest.php" tests="12" assertions="15" errors="0" failures="0" skipped="0" time="2.497613">
        <testcase name="it creates a criterion approval" file="tests\Unit\CriterionApprovalTest.php::it creates a criterion approval" class="Tests\Unit\CriterionApprovalTest" classname="Tests.Unit.CriterionApprovalTest" assertions="1" time="0.244587"/>
        <testcase name="it requires criterio_id field" file="tests\Unit\CriterionApprovalTest.php::it requires criterio_id field" class="Tests\Unit\CriterionApprovalTest" classname="Tests.Unit.CriterionApprovalTest" assertions="1" time="0.121383"/>
        <testcase name="it requires proceso_id field" file="tests\Unit\CriterionApprovalTest.php::it requires proceso_id field" class="Tests\Unit\CriterionApprovalTest" classname="Tests.Unit.CriterionApprovalTest" assertions="1" time="0.121427"/>
        <testcase name="it requires usuario_id field" file="tests\Unit\CriterionApprovalTest.php::it requires usuario_id field" class="Tests\Unit\CriterionApprovalTest" classname="Tests.Unit.CriterionApprovalTest" assertions="1" time="0.101030"/>
        <testcase name="it updates approval status" file="tests\Unit\CriterionApprovalTest.php::it updates approval status" class="Tests\Unit\CriterionApprovalTest" classname="Tests.Unit.CriterionApprovalTest" assertions="1" time="0.222061"/>
        <testcase name="it deletes an approval" file="tests\Unit\CriterionApprovalTest.php::it deletes an approval" class="Tests\Unit\CriterionApprovalTest" classname="Tests.Unit.CriterionApprovalTest" assertions="1" time="0.240226"/>
        <testcase name="it approval belongs to criterion" file="tests\Unit\CriterionApprovalTest.php::it approval belongs to criterion" class="Tests\Unit\CriterionApprovalTest" classname="Tests.Unit.CriterionApprovalTest" assertions="2" time="0.221864"/>
        <testcase name="it approval belongs to process" file="tests\Unit\CriterionApprovalTest.php::it approval belongs to process" class="Tests\Unit\CriterionApprovalTest" classname="Tests.Unit.CriterionApprovalTest" assertions="2" time="0.315076"/>
        <testcase name="it approval belongs to user" file="tests\Unit\CriterionApprovalTest.php::it approval belongs to user" class="Tests\Unit\CriterionApprovalTest" classname="Tests.Unit.CriterionApprovalTest" assertions="2" time="0.271915"/>
        <testcase name="it can have commentary" file="tests\Unit\CriterionApprovalTest.php::it can have commentary" class="Tests\Unit\CriterionApprovalTest" classname="Tests.Unit.CriterionApprovalTest" assertions="1" time="0.205546"/>
        <testcase name="it has approved state" file="tests\Unit\CriterionApprovalTest.php::it has approved state" class="Tests\Unit\CriterionApprovalTest" classname="Tests.Unit.CriterionApprovalTest" assertions="1" time="0.221664"/>
        <testcase name="it has rejected state" file="tests\Unit\CriterionApprovalTest.php::it has rejected state" class="Tests\Unit\CriterionApprovalTest" classname="Tests.Unit.CriterionApprovalTest" assertions="1" time="0.210834"/>
      </testsuite>
      <testsuite name="Tests\Unit\CriterionTest" file="tests\Unit\CriterionTest.php" tests="6" assertions="6" errors="0" failures="0" skipped="0" time="1.127035">
        <testcase name="it creates a criterion" file="tests\Unit\CriterionTest.php::it creates a criterion" class="Tests\Unit\CriterionTest" classname="Tests.Unit.CriterionTest" assertions="1" time="0.207432"/>
        <testcase name="it requires descripcion field" file="tests\Unit\CriterionTest.php::it requires descripcion field" class="Tests\Unit\CriterionTest" classname="Tests.Unit.CriterionTest" assertions="1" time="0.147746"/>
        <testcase name="it updates a criterion" file="tests\Unit\CriterionTest.php::it updates a criterion" class="Tests\Unit\CriterionTest" classname="Tests.Unit.CriterionTest" assertions="1" time="0.200172"/>
        <testcase name="it deletes a criterion" file="tests\Unit\CriterionTest.php::it deletes a criterion" class="Tests\Unit\CriterionTest" classname="Tests.Unit.CriterionTest" assertions="1" time="0.175618"/>
        <testcase name="it criterion belongs to component" file="tests\Unit\CriterionTest.php::it criterion belongs to component" class="Tests\Unit\CriterionTest" classname="Tests.Unit.CriterionTest" assertions="1" time="0.166874"/>
        <testcase name="it criterion has many evidences" file="tests\Unit\CriterionTest.php::it criterion has many evidences" class="Tests\Unit\CriterionTest" classname="Tests.Unit.CriterionTest" assertions="1" time="0.229194"/>
      </testsuite>
      <testsuite name="Tests\Unit\DimensionTest" file="tests\Unit\DimensionTest.php" tests="5" assertions="5" errors="0" failures="0" skipped="0" time="0.780123">
        <testcase name="it creates a dimension" file="tests\Unit\DimensionTest.php::it creates a dimension" class="Tests\Unit\DimensionTest" classname="Tests.Unit.DimensionTest" assertions="1" time="0.145490"/>
        <testcase name="it requires nombre field" file="tests\Unit\DimensionTest.php::it requires nombre field" class="Tests\Unit\DimensionTest" classname="Tests.Unit.DimensionTest" assertions="1" time="0.119881"/>
        <testcase name="it updates a dimension" file="tests\Unit\DimensionTest.php::it updates a dimension" class="Tests\Unit\DimensionTest" classname="Tests.Unit.DimensionTest" assertions="1" time="0.193501"/>
        <testcase name="it deletes a dimension" file="tests\Unit\DimensionTest.php::it deletes a dimension" class="Tests\Unit\DimensionTest" classname="Tests.Unit.DimensionTest" assertions="1" time="0.165944"/>
        <testcase name="it dimension has many components" file="tests\Unit\DimensionTest.php::it dimension has many components" class="Tests\Unit\DimensionTest" classname="Tests.Unit.DimensionTest" assertions="1" time="0.155307"/>
      </testsuite>
      <testsuite name="Tests\Unit\ElementApprovalTest" file="Element Approval (Tests\Unit\ElementApproval)" tests="18" assertions="39" errors="0" failures="0" skipped="0" time="5.447029">
        <testcase name="ApproveElemento lanza excepcion si elemento no existe" file="Element Approval (Tests\Unit\ElementApproval)::ApproveElemento lanza excepcion si elemento no existe" class="Tests\Unit\ElementApprovalTest" classname="Tests.Unit.ElementApprovalTest" assertions="2" time="0.273710"/>
        <testcase name="ApproveElemento lanza excepcion si ya fue aprobado" file="Element Approval (Tests\Unit\ElementApproval)::ApproveElemento lanza excepcion si ya fue aprobado" class="Tests\Unit\ElementApprovalTest" classname="Tests.Unit.ElementApprovalTest" assertions="2" time="0.398567"/>
        <testcase name="ApproveElemento crea registro en APROBACION ELEMENTO" file="Element Approval (Tests\Unit\ElementApproval)::ApproveElemento crea registro en APROBACION ELEMENTO" class="Tests\Unit\ElementApprovalTest" classname="Tests.Unit.ElementApprovalTest" assertions="5" time="0.299958"/>
        <testcase name="ApproveElemento asigna el usuario autenticado" file="Element Approval (Tests\Unit\ElementApproval)::ApproveElemento asigna el usuario autenticado" class="Tests\Unit\ElementApprovalTest" classname="Tests.Unit.ElementApprovalTest" assertions="1" time="0.312070"/>
        <testcase name="ApproveElemento cascada aprueba hijos activos" file="Element Approval (Tests\Unit\ElementApproval)::ApproveElemento cascada aprueba hijos activos" class="Tests\Unit\ElementApprovalTest" classname="Tests.Unit.ElementApprovalTest" assertions="3" time="0.438774"/>
        <testcase name="ApproveElemento no aprueba hijos inactivos" file="Element Approval (Tests\Unit\ElementApproval)::ApproveElemento no aprueba hijos inactivos" class="Tests\Unit\ElementApprovalTest" classname="Tests.Unit.ElementApprovalTest" assertions="2" time="0.298665"/>
        <testcase name="RejectElemento lanza excepcion si elemento no existe" file="Element Approval (Tests\Unit\ElementApproval)::RejectElemento lanza excepcion si elemento no existe" class="Tests\Unit\ElementApprovalTest" classname="Tests.Unit.ElementApprovalTest" assertions="2" time="0.210497"/>
        <testcase name="RejectElemento lanza excepcion si ya fue rechazado" file="Element Approval (Tests\Unit\ElementApproval)::RejectElemento lanza excepcion si ya fue rechazado" class="Tests\Unit\ElementApprovalTest" classname="Tests.Unit.ElementApprovalTest" assertions="1" time="0.313992"/>
        <testcase name="RejectElemento con fecha limite guarda rechazo correctamente" file="Element Approval (Tests\Unit\ElementApproval)::RejectElemento con fecha limite guarda rechazo correctamente" class="Tests\Unit\ElementApprovalTest" classname="Tests.Unit.ElementApprovalTest" assertions="4" time="0.280328"/>
        <testcase name="RecalculateParentState estado aprobado cuando todos hijos aprobados" file="Element Approval (Tests\Unit\ElementApproval)::RecalculateParentState estado aprobado cuando todos hijos aprobados" class="Tests\Unit\ElementApprovalTest" classname="Tests.Unit.ElementApprovalTest" assertions="1" time="0.268879"/>
        <testcase name="RecalculateParentState estado rechazado cuando todos hijos rechazados" file="Element Approval (Tests\Unit\ElementApproval)::RecalculateParentState estado rechazado cuando todos hijos rechazados" class="Tests\Unit\ElementApprovalTest" classname="Tests.Unit.ElementApprovalTest" assertions="1" time="0.283406"/>
        <testcase name="RecalculateParentState estado incompleto cuando hay mezcla" file="Element Approval (Tests\Unit\ElementApproval)::RecalculateParentState estado incompleto cuando hay mezcla" class="Tests\Unit\ElementApprovalTest" classname="Tests.Unit.ElementApprovalTest" assertions="1" time="0.268578"/>
        <testcase name="ListApprovals retorna todos los registros" file="Element Approval (Tests\Unit\ElementApproval)::ListApprovals retorna todos los registros" class="Tests\Unit\ElementApprovalTest" classname="Tests.Unit.ElementApprovalTest" assertions="2" time="0.348141"/>
        <testcase name="ListApprovals filtra por estado" file="Element Approval (Tests\Unit\ElementApproval)::ListApprovals filtra por estado" class="Tests\Unit\ElementApprovalTest" classname="Tests.Unit.ElementApprovalTest" assertions="1" time="0.297816"/>
        <testcase name="GetApproval retorna null si no existe" file="Element Approval (Tests\Unit\ElementApproval)::GetApproval retorna null si no existe" class="Tests\Unit\ElementApprovalTest" classname="Tests.Unit.ElementApprovalTest" assertions="1" time="0.192272"/>
        <testcase name="GetApprovalByElementAndProcess retorna registro existente" file="Element Approval (Tests\Unit\ElementApproval)::GetApprovalByElementAndProcess retorna registro existente" class="Tests\Unit\ElementApprovalTest" classname="Tests.Unit.ElementApprovalTest" assertions="2" time="0.200202"/>
        <testcase name="ApproveIndividualChild crea aprobacion de padre e hijo" file="Element Approval (Tests\Unit\ElementApproval)::ApproveIndividualChild crea aprobacion de padre e hijo" class="Tests\Unit\ElementApprovalTest" classname="Tests.Unit.ElementApprovalTest" assertions="4" time="0.369754"/>
        <testcase name="RejectIndividualChild rechaza hijo con fecha limite" file="Element Approval (Tests\Unit\ElementApproval)::RejectIndividualChild rechaza hijo con fecha limite" class="Tests\Unit\ElementApprovalTest" classname="Tests.Unit.ElementApprovalTest" assertions="4" time="0.391421"/>
      </testsuite>
      <testsuite name="Tests\Unit\ElementCommitmentTest" file="tests\Unit\ElementCommitmentTest.php" tests="9" assertions="15" errors="0" failures="0" skipped="0" time="2.557351">
        <testcase name="it lists commitments with pagination" file="tests\Unit\ElementCommitmentTest.php::it lists commitments with pagination" class="Tests\Unit\ElementCommitmentTest" classname="Tests.Unit.ElementCommitmentTest" assertions="1" time="0.284632"/>
        <testcase name="it gets an existing commitment by id" file="tests\Unit\ElementCommitmentTest.php::it gets an existing commitment by id" class="Tests\Unit\ElementCommitmentTest" classname="Tests.Unit.ElementCommitmentTest" assertions="2" time="0.286000"/>
        <testcase name="it returns null when commitment does not exist" file="tests\Unit\ElementCommitmentTest.php::it returns null when commitment does not exist" class="Tests\Unit\ElementCommitmentTest" classname="Tests.Unit.ElementCommitmentTest" assertions="1" time="0.193750"/>
        <testcase name="it filters commitments by assigned user" file="tests\Unit\ElementCommitmentTest.php::it filters commitments by assigned user" class="Tests\Unit\ElementCommitmentTest" classname="Tests.Unit.ElementCommitmentTest" assertions="1" time="0.275009"/>
        <testcase name="it filters commitments by element and descendants" file="tests\Unit\ElementCommitmentTest.php::it filters commitments by element and descendants" class="Tests\Unit\ElementCommitmentTest" classname="Tests.Unit.ElementCommitmentTest" assertions="1" time="0.280409"/>
        <testcase name="it creates commitment with element assignments" file="tests\Unit\ElementCommitmentTest.php::it creates commitment with element assignments" class="Tests\Unit\ElementCommitmentTest" classname="Tests.Unit.ElementCommitmentTest" assertions="4" time="0.567120"/>
        <testcase name="it updates commitment fields when data changed" file="tests\Unit\ElementCommitmentTest.php::it updates commitment fields when data changed" class="Tests\Unit\ElementCommitmentTest" classname="Tests.Unit.ElementCommitmentTest" assertions="3" time="0.228803"/>
        <testcase name="it returns null when update has no effective changes" file="tests\Unit\ElementCommitmentTest.php::it returns null when update has no effective changes" class="Tests\Unit\ElementCommitmentTest" classname="Tests.Unit.ElementCommitmentTest" assertions="1" time="0.188286"/>
        <testcase name="it toggles active state" file="tests\Unit\ElementCommitmentTest.php::it toggles active state" class="Tests\Unit\ElementCommitmentTest" classname="Tests.Unit.ElementCommitmentTest" assertions="1" time="0.253342"/>
      </testsuite>
      <testsuite name="Tests\Unit\EvidenceAssignmentTest" file="tests\Unit\EvidenceAssignmentTest.php" tests="3" assertions="8" errors="0" failures="0" skipped="0" time="1.344530">
        <testcase name="it get all assignments returns collection" file="tests\Unit\EvidenceAssignmentTest.php::it get all assignments returns collection" class="Tests\Unit\EvidenceAssignmentTest" classname="Tests.Unit.EvidenceAssignmentTest" assertions="1" time="0.577254"/>
        <testcase name="it find by id returns assignment or null" file="tests\Unit\EvidenceAssignmentTest.php::it find by id returns assignment or null" class="Tests\Unit\EvidenceAssignmentTest" classname="Tests.Unit.EvidenceAssignmentTest" assertions="3" time="0.314887"/>
        <testcase name="it assign evidence creates assignments" file="tests\Unit\EvidenceAssignmentTest.php::it assign evidence creates assignments" class="Tests\Unit\EvidenceAssignmentTest" classname="Tests.Unit.EvidenceAssignmentTest" assertions="4" time="0.452389"/>
      </testsuite>
      <testsuite name="Tests\Unit\EvidenceReportServiceTest" file="tests\Unit\EvidenceReportServiceTest.php" tests="1" assertions="7" errors="0" failures="0" skipped="0" time="0.372843">
        <testcase name="it builds a grouped evidence report with links and responsables" file="tests\Unit\EvidenceReportServiceTest.php::it builds a grouped evidence report with links and responsables" class="Tests\Unit\EvidenceReportServiceTest" classname="Tests.Unit.EvidenceReportServiceTest" assertions="7" time="0.372843"/>
      </testsuite>
      <testsuite name="Tests\Unit\EvidenceStateTest" file="tests\Unit\EvidenceStateTest.php" tests="5" assertions="15" errors="0" failures="0" skipped="0" time="1.215600">
        <testcase name="it evidence estado defaults to Pendiente" file="tests\Unit\EvidenceStateTest.php::it evidence estado defaults to Pendiente" class="Tests\Unit\EvidenceStateTest" classname="Tests.Unit.EvidenceStateTest" assertions="1" time="0.187516"/>
        <testcase name="it evidence acepta todos los estados validos" file="tests\Unit\EvidenceStateTest.php::it evidence acepta todos los estados validos" class="Tests\Unit\EvidenceStateTest" classname="Tests.Unit.EvidenceStateTest" assertions="8" time="0.408617"/>
        <testcase name="it scopeByState filtra correctamente por estado" file="tests\Unit\EvidenceStateTest.php::it scopeByState filtra correctamente por estado" class="Tests\Unit\EvidenceStateTest" classname="Tests.Unit.EvidenceStateTest" assertions="4" time="0.251728"/>
        <testcase name="it evidence puede actualizar su estado" file="tests\Unit\EvidenceStateTest.php::it evidence puede actualizar su estado" class="Tests\Unit\EvidenceStateTest" classname="Tests.Unit.EvidenceStateTest" assertions="1" time="0.212919"/>
        <testcase name="it evidence con estado invalido lanza excepcion de base de datos" file="tests\Unit\EvidenceStateTest.php::it evidence con estado invalido lanza excepcion de base de datos" class="Tests\Unit\EvidenceStateTest" classname="Tests.Unit.EvidenceStateTest" assertions="1" time="0.154820"/>
      </testsuite>
      <testsuite name="Tests\Unit\EvidenceTest" file="Evidence (Tests\Unit\Evidence)" tests="8" assertions="10" errors="0" failures="0" skipped="0" time="1.851958">
        <testcase name="Creates evidence" file="Evidence (Tests\Unit\Evidence)::Creates evidence" class="Tests\Unit\EvidenceTest" classname="Tests.Unit.EvidenceTest" assertions="1" time="0.219206"/>
        <testcase name="Requires descripcion field" file="Evidence (Tests\Unit\Evidence)::Requires descripcion field" class="Tests\Unit\EvidenceTest" classname="Tests.Unit.EvidenceTest" assertions="1" time="0.187192"/>
        <testcase name="Updates evidence" file="Evidence (Tests\Unit\Evidence)::Updates evidence" class="Tests\Unit\EvidenceTest" classname="Tests.Unit.EvidenceTest" assertions="1" time="0.219939"/>
        <testcase name="Deletes evidence" file="Evidence (Tests\Unit\Evidence)::Deletes evidence" class="Tests\Unit\EvidenceTest" classname="Tests.Unit.EvidenceTest" assertions="1" time="0.306035"/>
        <testcase name="Evidence belongs to criterion" file="Evidence (Tests\Unit\Evidence)::Evidence belongs to criterion" class="Tests\Unit\EvidenceTest" classname="Tests.Unit.EvidenceTest" assertions="1" time="0.186851"/>
        <testcase name="Evidence has many comments relacion polimorfica" file="Evidence (Tests\Unit\Evidence)::Evidence has many comments relacion polimorfica" class="Tests\Unit\EvidenceTest" classname="Tests.Unit.EvidenceTest" assertions="1" time="0.212467"/>
        <testcase name="Evidence estado Pendiente no es revisable" file="Evidence (Tests\Unit\Evidence)::Evidence estado Pendiente no es revisable" class="Tests\Unit\EvidenceTest" classname="Tests.Unit.EvidenceTest" assertions="1" time="0.207183"/>
        <testcase name="Evidence estado En Proceso cambia a Observada tras retroalimentar" file="Evidence (Tests\Unit\Evidence)::Evidence estado En Proceso cambia a Observada tras retroalimentar" class="Tests\Unit\EvidenceTest" classname="Tests.Unit.EvidenceTest" assertions="3" time="0.313085"/>
      </testsuite>
      <testsuite name="Tests\Unit\ExtensionRequestTest" file="tests\Unit\ExtensionRequestTest.php" tests="19" assertions="46" errors="0" failures="0" skipped="0" time="8.073975">
        <testcase name="it has correct table name" file="tests\Unit\ExtensionRequestTest.php::it has correct table name" class="Tests\Unit\ExtensionRequestTest" classname="Tests.Unit.ExtensionRequestTest" assertions="1" time="0.154759"/>
        <testcase name="it has correct primary key" file="tests\Unit\ExtensionRequestTest.php::it has correct primary key" class="Tests\Unit\ExtensionRequestTest" classname="Tests.Unit.ExtensionRequestTest" assertions="1" time="0.128546"/>
        <testcase name="it has fillable attributes" file="tests\Unit\ExtensionRequestTest.php::it has fillable attributes" class="Tests\Unit\ExtensionRequestTest" classname="Tests.Unit.ExtensionRequestTest" assertions="1" time="0.205647"/>
        <testcase name="it casts dates correctly" file="tests\Unit\ExtensionRequestTest.php::it casts dates correctly" class="Tests\Unit\ExtensionRequestTest" classname="Tests.Unit.ExtensionRequestTest" assertions="3" time="0.310473"/>
        <testcase name="it has estado constants" file="tests\Unit\ExtensionRequestTest.php::it has estado constants" class="Tests\Unit\ExtensionRequestTest" classname="Tests.Unit.ExtensionRequestTest" assertions="3" time="0.121936"/>
        <testcase name="it belongs to evidence assignment" file="tests\Unit\ExtensionRequestTest.php::it belongs to evidence assignment" class="Tests\Unit\ExtensionRequestTest" classname="Tests.Unit.ExtensionRequestTest" assertions="2" time="0.298847"/>
        <testcase name="it belongs to user" file="tests\Unit\ExtensionRequestTest.php::it belongs to user" class="Tests\Unit\ExtensionRequestTest" classname="Tests.Unit.ExtensionRequestTest" assertions="2" time="0.310849"/>
        <testcase name="it belongs to resolutor" file="tests\Unit\ExtensionRequestTest.php::it belongs to resolutor" class="Tests\Unit\ExtensionRequestTest" classname="Tests.Unit.ExtensionRequestTest" assertions="2" time="0.326510"/>
        <testcase name="it resolutor can be null for pending requests" file="tests\Unit\ExtensionRequestTest.php::it resolutor can be null for pending requests" class="Tests\Unit\ExtensionRequestTest" classname="Tests.Unit.ExtensionRequestTest" assertions="2" time="0.323671"/>
        <testcase name="it scope pendientes filters pending requests" file="tests\Unit\ExtensionRequestTest.php::it scope pendientes filters pending requests" class="Tests\Unit\ExtensionRequestTest" classname="Tests.Unit.ExtensionRequestTest" assertions="2" time="1.094359"/>
        <testcase name="it scope aprobadas filters approved requests" file="tests\Unit\ExtensionRequestTest.php::it scope aprobadas filters approved requests" class="Tests\Unit\ExtensionRequestTest" classname="Tests.Unit.ExtensionRequestTest" assertions="2" time="1.382548"/>
        <testcase name="it scope rechazadas filters rejected requests" file="tests\Unit\ExtensionRequestTest.php::it scope rechazadas filters rejected requests" class="Tests\Unit\ExtensionRequestTest" classname="Tests.Unit.ExtensionRequestTest" assertions="2" time="1.192262"/>
        <testcase name="it can create extension request with all required fields" file="tests\Unit\ExtensionRequestTest.php::it can create extension request with all required fields" class="Tests\Unit\ExtensionRequestTest" classname="Tests.Unit.ExtensionRequestTest" assertions="1" time="0.335553"/>
        <testcase name="it pending request has null resolution fields" file="tests\Unit\ExtensionRequestTest.php::it pending request has null resolution fields" class="Tests\Unit\ExtensionRequestTest" classname="Tests.Unit.ExtensionRequestTest" assertions="3" time="0.292245"/>
        <testcase name="it approved request has resolution fields" file="tests\Unit\ExtensionRequestTest.php::it approved request has resolution fields" class="Tests\Unit\ExtensionRequestTest" classname="Tests.Unit.ExtensionRequestTest" assertions="4" time="0.296814"/>
        <testcase name="it rejected request has resolution fields" file="tests\Unit\ExtensionRequestTest.php::it rejected request has resolution fields" class="Tests\Unit\ExtensionRequestTest" classname="Tests.Unit.ExtensionRequestTest" assertions="4" time="0.291887"/>
        <testcase name="it can update estado from pendiente to aprobada" file="tests\Unit\ExtensionRequestTest.php::it can update estado from pendiente to aprobada" class="Tests\Unit\ExtensionRequestTest" classname="Tests.Unit.ExtensionRequestTest" assertions="2" time="0.293405"/>
        <testcase name="it can update estado from pendiente to rechazada" file="tests\Unit\ExtensionRequestTest.php::it can update estado from pendiente to rechazada" class="Tests\Unit\ExtensionRequestTest" classname="Tests.Unit.ExtensionRequestTest" assertions="2" time="0.377105"/>
        <testcase name="it factory creates valid extension request" file="tests\Unit\ExtensionRequestTest.php::it factory creates valid extension request" class="Tests\Unit\ExtensionRequestTest" classname="Tests.Unit.ExtensionRequestTest" assertions="7" time="0.336559"/>
      </testsuite>
      <testsuite name="Tests\Unit\ExtensionTimeRequestTest" file="tests\Unit\ExtensionTimeRequestTest.php" tests="20" assertions="30" errors="0" failures="0" skipped="0" time="13.247387">
        <testcase name="it list requests retorna todas las solicitudes sin filtros" file="tests\Unit\ExtensionTimeRequestTest.php::it list requests retorna todas las solicitudes sin filtros" class="Tests\Unit\ExtensionTimeRequestTest" classname="Tests.Unit.ExtensionTimeRequestTest" assertions="1" time="0.996749"/>
        <testcase name="it filtra por usuario_id correctamente" file="tests\Unit\ExtensionTimeRequestTest.php::it filtra por usuario_id correctamente" class="Tests\Unit\ExtensionTimeRequestTest" classname="Tests.Unit.ExtensionTimeRequestTest" assertions="1" time="0.902567"/>
        <testcase name="it filtra por estado correctamente" file="tests\Unit\ExtensionTimeRequestTest.php::it filtra por estado correctamente" class="Tests\Unit\ExtensionTimeRequestTest" classname="Tests.Unit.ExtensionTimeRequestTest" assertions="1" time="1.077947"/>
        <testcase name="it filtra por evidencia_asignacion_id correctamente" file="tests\Unit\ExtensionTimeRequestTest.php::it filtra por evidencia_asignacion_id correctamente" class="Tests\Unit\ExtensionTimeRequestTest" classname="Tests.Unit.ExtensionTimeRequestTest" assertions="1" time="0.882947"/>
        <testcase name="it filtra por rango de fechas correctamente" file="tests\Unit\ExtensionTimeRequestTest.php::it filtra por rango de fechas correctamente" class="Tests\Unit\ExtensionTimeRequestTest" classname="Tests.Unit.ExtensionTimeRequestTest" assertions="1" time="1.129019"/>
        <testcase name="it respeta el parámetro de paginación" file="tests\Unit\ExtensionTimeRequestTest.php::it respeta el parámetro de paginación" class="Tests\Unit\ExtensionTimeRequestTest" classname="Tests.Unit.ExtensionTimeRequestTest" assertions="2" time="4.125729"/>
        <testcase name="it retorna solicitud del usuario correcto" file="tests\Unit\ExtensionTimeRequestTest.php::it retorna solicitud del usuario correcto" class="Tests\Unit\ExtensionTimeRequestTest" classname="Tests.Unit.ExtensionTimeRequestTest" assertions="2" time="0.332336"/>
        <testcase name="it retorna null si la solicitud no pertenece al usuario" file="tests\Unit\ExtensionTimeRequestTest.php::it retorna null si la solicitud no pertenece al usuario" class="Tests\Unit\ExtensionTimeRequestTest" classname="Tests.Unit.ExtensionTimeRequestTest" assertions="1" time="0.302441"/>
        <testcase name="it retorna null si la solicitud no existe" file="tests\Unit\ExtensionTimeRequestTest.php::it retorna null si la solicitud no existe" class="Tests\Unit\ExtensionTimeRequestTest" classname="Tests.Unit.ExtensionTimeRequestTest" assertions="1" time="0.152482"/>
        <testcase name="it retorna evidencias próximas a vencer" file="tests\Unit\ExtensionTimeRequestTest.php::it retorna evidencias próximas a vencer" class="Tests\Unit\ExtensionTimeRequestTest" classname="Tests.Unit.ExtensionTimeRequestTest" assertions="1" time="0.383140"/>
        <testcase name="it incluye evidencias vencidas" file="tests\Unit\ExtensionTimeRequestTest.php::it incluye evidencias vencidas" class="Tests\Unit\ExtensionTimeRequestTest" classname="Tests.Unit.ExtensionTimeRequestTest" assertions="1" time="0.268212"/>
        <testcase name="it excluye evidencias completadas" file="tests\Unit\ExtensionTimeRequestTest.php::it excluye evidencias completadas" class="Tests\Unit\ExtensionTimeRequestTest" classname="Tests.Unit.ExtensionTimeRequestTest" assertions="1" time="0.453613"/>
        <testcase name="it ordena por fecha límite ascendente" file="tests\Unit\ExtensionTimeRequestTest.php::it ordena por fecha límite ascendente" class="Tests\Unit\ExtensionTimeRequestTest" classname="Tests.Unit.ExtensionTimeRequestTest" assertions="1" time="0.385307"/>
        <testcase name="it crea solicitud exitosamente con datos válidos" file="tests\Unit\ExtensionTimeRequestTest.php::it crea solicitud exitosamente con datos válidos" class="Tests\Unit\ExtensionTimeRequestTest" classname="Tests.Unit.ExtensionTimeRequestTest" assertions="4" time="0.298812"/>
        <testcase name="it falla si la asignación no existe" file="tests\Unit\ExtensionTimeRequestTest.php::it falla si la asignación no existe" class="Tests\Unit\ExtensionTimeRequestTest" classname="Tests.Unit.ExtensionTimeRequestTest" assertions="1" time="0.159557"/>
        <testcase name="it falla si la evidencia no pertenece al usuario" file="tests\Unit\ExtensionTimeRequestTest.php::it falla si la evidencia no pertenece al usuario" class="Tests\Unit\ExtensionTimeRequestTest" classname="Tests.Unit.ExtensionTimeRequestTest" assertions="2" time="0.261742"/>
        <testcase name="it falla si el plazo ya venció" file="tests\Unit\ExtensionTimeRequestTest.php::it falla si el plazo ya venció" class="Tests\Unit\ExtensionTimeRequestTest" classname="Tests.Unit.ExtensionTimeRequestTest" assertions="2" time="0.262517"/>
        <testcase name="it falla si ya existe solicitud pendiente" file="tests\Unit\ExtensionTimeRequestTest.php::it falla si ya existe solicitud pendiente" class="Tests\Unit\ExtensionTimeRequestTest" classname="Tests.Unit.ExtensionTimeRequestTest" assertions="2" time="0.273044"/>
        <testcase name="it falla si fecha sugerida no es posterior a fecha límite" file="tests\Unit\ExtensionTimeRequestTest.php::it falla si fecha sugerida no es posterior a fecha límite" class="Tests\Unit\ExtensionTimeRequestTest" classname="Tests.Unit.ExtensionTimeRequestTest" assertions="2" time="0.320025"/>
        <testcase name="it falla si la ampliación excede 30 días" file="tests\Unit\ExtensionTimeRequestTest.php::it falla si la ampliación excede 30 días" class="Tests\Unit\ExtensionTimeRequestTest" classname="Tests.Unit.ExtensionTimeRequestTest" assertions="2" time="0.279201"/>
      </testsuite>
      <testsuite name="Tests\Unit\FilterByRoleCareerUnitTest" file="tests\Unit\FilterByRoleCareerUnitTest.php" tests="1" assertions="2" errors="0" failures="0" skipped="0" time="0.327754">
        <testcase name="it filters processes by user role and career campus" file="tests\Unit\FilterByRoleCareerUnitTest.php::it filters processes by user role and career campus" class="Tests\Unit\FilterByRoleCareerUnitTest" classname="Tests.Unit.FilterByRoleCareerUnitTest" assertions="2" time="0.327754"/>
      </testsuite>
      <testsuite name="Tests\Unit\ImprovementCommitmentTest" file="tests\Unit\ImprovementCommitmentTest.php" tests="30" assertions="51" errors="0" failures="0" skipped="0" time="13.059412">
        <testcase name="it un compromiso pertenece a un proceso" file="tests\Unit\ImprovementCommitmentTest.php::it un compromiso pertenece a un proceso" class="Tests\Unit\ImprovementCommitmentTest" classname="Tests.Unit.ImprovementCommitmentTest" assertions="2" time="0.238644"/>
        <testcase name="it un compromiso tiene muchas evidencias" file="tests\Unit\ImprovementCommitmentTest.php::it un compromiso tiene muchas evidencias" class="Tests\Unit\ImprovementCommitmentTest" classname="Tests.Unit.ImprovementCommitmentTest" assertions="1" time="0.367268"/>
        <testcase name="it un compromiso tiene asignaciones de evidencias" file="tests\Unit\ImprovementCommitmentTest.php::it un compromiso tiene asignaciones de evidencias" class="Tests\Unit\ImprovementCommitmentTest" classname="Tests.Unit.ImprovementCommitmentTest" assertions="1" time="0.558867"/>
        <testcase name="it retorna datos paginados" file="tests\Unit\ImprovementCommitmentTest.php::it retorna datos paginados" class="Tests\Unit\ImprovementCommitmentTest" classname="Tests.Unit.ImprovementCommitmentTest" assertions="3" time="1.143677"/>
        <testcase name="it filtra por estado" file="tests\Unit\ImprovementCommitmentTest.php::it filtra por estado" class="Tests\Unit\ImprovementCommitmentTest" classname="Tests.Unit.ImprovementCommitmentTest" assertions="1" time="0.647932"/>
        <testcase name="it filtra por proceso_id" file="tests\Unit\ImprovementCommitmentTest.php::it filtra por proceso_id" class="Tests\Unit\ImprovementCommitmentTest" classname="Tests.Unit.ImprovementCommitmentTest" assertions="1" time="0.468575"/>
        <testcase name="it filtra por usuario_id" file="tests\Unit\ImprovementCommitmentTest.php::it filtra por usuario_id" class="Tests\Unit\ImprovementCommitmentTest" classname="Tests.Unit.ImprovementCommitmentTest" assertions="1" time="0.650939"/>
        <testcase name="it filtra por búsqueda" file="tests\Unit\ImprovementCommitmentTest.php::it filtra por búsqueda" class="Tests\Unit\ImprovementCommitmentTest" classname="Tests.Unit.ImprovementCommitmentTest" assertions="1" time="0.404696"/>
        <testcase name="it retorna compromiso existente" file="tests\Unit\ImprovementCommitmentTest.php::it retorna compromiso existente" class="Tests\Unit\ImprovementCommitmentTest" classname="Tests.Unit.ImprovementCommitmentTest" assertions="2" time="0.310445"/>
        <testcase name="it retorna null si no existe" file="tests\Unit\ImprovementCommitmentTest.php::it retorna null si no existe" class="Tests\Unit\ImprovementCommitmentTest" classname="Tests.Unit.ImprovementCommitmentTest" assertions="1" time="0.208608"/>
        <testcase name="it crea compromiso correctamente" file="tests\Unit\ImprovementCommitmentTest.php::it crea compromiso correctamente" class="Tests\Unit\ImprovementCommitmentTest" classname="Tests.Unit.ImprovementCommitmentTest" assertions="4" time="0.511197"/>
        <testcase name="it no permite duplicados por proceso" file="tests\Unit\ImprovementCommitmentTest.php::it no permite duplicados por proceso" class="Tests\Unit\ImprovementCommitmentTest" classname="Tests.Unit.ImprovementCommitmentTest" assertions="1" time="0.339734"/>
        <testcase name="it vincula evidencias correctamente" file="tests\Unit\ImprovementCommitmentTest.php::it vincula evidencias correctamente" class="Tests\Unit\ImprovementCommitmentTest" classname="Tests.Unit.ImprovementCommitmentTest" assertions="1" time="0.414361"/>
        <testcase name="it actualiza campos correctamente" file="tests\Unit\ImprovementCommitmentTest.php::it actualiza campos correctamente" class="Tests\Unit\ImprovementCommitmentTest" classname="Tests.Unit.ImprovementCommitmentTest" assertions="3" time="0.290066"/>
        <testcase name="it retorna null sin cambios" file="tests\Unit\ImprovementCommitmentTest.php::it retorna null sin cambios" class="Tests\Unit\ImprovementCommitmentTest" classname="Tests.Unit.ImprovementCommitmentTest" assertions="1" time="0.250275"/>
        <testcase name="it actualiza evidencias" file="tests\Unit\ImprovementCommitmentTest.php::it actualiza evidencias" class="Tests\Unit\ImprovementCommitmentTest" classname="Tests.Unit.ImprovementCommitmentTest" assertions="2" time="0.443025"/>
        <testcase name="it activa un compromiso" file="tests\Unit\ImprovementCommitmentTest.php::it activa un compromiso" class="Tests\Unit\ImprovementCommitmentTest" classname="Tests.Unit.ImprovementCommitmentTest" assertions="2" time="0.278938"/>
        <testcase name="it desactiva un compromiso" file="tests\Unit\ImprovementCommitmentTest.php::it desactiva un compromiso" class="Tests\Unit\ImprovementCommitmentTest" classname="Tests.Unit.ImprovementCommitmentTest" assertions="2" time="0.351955"/>
        <testcase name="it retorna compromisos del usuario" file="tests\Unit\ImprovementCommitmentTest.php::it retorna compromisos del usuario" class="Tests\Unit\ImprovementCommitmentTest" classname="Tests.Unit.ImprovementCommitmentTest" assertions="2" time="0.573599"/>
        <testcase name="it se puede crear un compromiso" file="tests\Unit\ImprovementCommitmentTest.php::it se puede crear un compromiso" class="Tests\Unit\ImprovementCommitmentTest" classname="Tests.Unit.ImprovementCommitmentTest" assertions="1" time="0.260107"/>
        <testcase name="it requiere proceso_id" file="tests\Unit\ImprovementCommitmentTest.php::it requiere proceso_id" class="Tests\Unit\ImprovementCommitmentTest" classname="Tests.Unit.ImprovementCommitmentTest" assertions="1" time="0.217014"/>
        <testcase name="it se puede actualizar un compromiso" file="tests\Unit\ImprovementCommitmentTest.php::it se puede actualizar un compromiso" class="Tests\Unit\ImprovementCommitmentTest" classname="Tests.Unit.ImprovementCommitmentTest" assertions="1" time="0.303516"/>
        <testcase name="it se puede eliminar un compromiso" file="tests\Unit\ImprovementCommitmentTest.php::it se puede eliminar un compromiso" class="Tests\Unit\ImprovementCommitmentTest" classname="Tests.Unit.ImprovementCommitmentTest" assertions="1" time="0.279685"/>
        <testcase name="it estado por defecto es Pendiente" file="tests\Unit\ImprovementCommitmentTest.php::it estado por defecto es Pendiente" class="Tests\Unit\ImprovementCommitmentTest" classname="Tests.Unit.ImprovementCommitmentTest" assertions="1" time="0.437149"/>
        <testcase name="it crea asignaciones a usuarios" file="tests\Unit\ImprovementCommitmentTest.php::it crea asignaciones a usuarios" class="Tests\Unit\ImprovementCommitmentTest" classname="Tests.Unit.ImprovementCommitmentTest" assertions="4" time="0.592822"/>
        <testcase name="it crea asignaciones a roles" file="tests\Unit\ImprovementCommitmentTest.php::it crea asignaciones a roles" class="Tests\Unit\ImprovementCommitmentTest" classname="Tests.Unit.ImprovementCommitmentTest" assertions="3" time="0.616316"/>
        <testcase name="it no permite asignar evidencia no vinculada" file="tests\Unit\ImprovementCommitmentTest.php::it no permite asignar evidencia no vinculada" class="Tests\Unit\ImprovementCommitmentTest" classname="Tests.Unit.ImprovementCommitmentTest" assertions="1" time="0.403768"/>
        <testcase name="it no permite crear asignación duplicada" file="tests\Unit\ImprovementCommitmentTest.php::it no permite crear asignación duplicada" class="Tests\Unit\ImprovementCommitmentTest" classname="Tests.Unit.ImprovementCommitmentTest" assertions="1" time="0.361526"/>
        <testcase name="it sincroniza asignaciones" file="tests\Unit\ImprovementCommitmentTest.php::it sincroniza asignaciones" class="Tests\Unit\ImprovementCommitmentTest" classname="Tests.Unit.ImprovementCommitmentTest" assertions="3" time="0.533363"/>
        <testcase name="it guarda comentario en tabla pivot" file="tests\Unit\ImprovementCommitmentTest.php::it guarda comentario en tabla pivot" class="Tests\Unit\ImprovementCommitmentTest" classname="Tests.Unit.ImprovementCommitmentTest" assertions="2" time="0.601345"/>
      </testsuite>
      <testsuite name="Tests\Unit\ProcessTest" file="tests\Unit\ProcessTest.php" tests="7" assertions="8" errors="0" failures="0" skipped="0" time="1.558064">
        <testcase name="it belongs to accreditation cycle" file="tests\Unit\ProcessTest.php::it belongs to accreditation cycle" class="Tests\Unit\ProcessTest" classname="Tests.Unit.ProcessTest" assertions="1" time="0.345135"/>
        <testcase name="it has one autoevaluation" file="tests\Unit\ProcessTest.php::it has one autoevaluation" class="Tests\Unit\ProcessTest" classname="Tests.Unit.ProcessTest" assertions="1" time="0.226033"/>
        <testcase name="it has one improvement commitment" file="tests\Unit\ProcessTest.php::it has one improvement commitment" class="Tests\Unit\ProcessTest" classname="Tests.Unit.ProcessTest" assertions="1" time="0.210059"/>
        <testcase name="it creates a process" file="tests\Unit\ProcessTest.php::it creates a process" class="Tests\Unit\ProcessTest" classname="Tests.Unit.ProcessTest" assertions="2" time="0.203074"/>
        <testcase name="it requires ciclo_acreditacion_id field" file="tests\Unit\ProcessTest.php::it requires ciclo_acreditacion_id field" class="Tests\Unit\ProcessTest" classname="Tests.Unit.ProcessTest" assertions="1" time="0.142545"/>
        <testcase name="it updates a process" file="tests\Unit\ProcessTest.php::it updates a process" class="Tests\Unit\ProcessTest" classname="Tests.Unit.ProcessTest" assertions="1" time="0.236934"/>
        <testcase name="it deletes a process" file="tests\Unit\ProcessTest.php::it deletes a process" class="Tests\Unit\ProcessTest" classname="Tests.Unit.ProcessTest" assertions="1" time="0.194285"/>
      </testsuite>
      <testsuite name="Tests\Unit\RoleTest" file="tests\Unit\RoleTest.php" tests="7" assertions="9" errors="0" failures="0" skipped="0" time="1.294877">
        <testcase name="it creates a role" file="tests\Unit\RoleTest.php::it creates a role" class="Tests\Unit\RoleTest" classname="Tests.Unit.RoleTest" assertions="1" time="0.236748"/>
        <testcase name="it requires name field" file="tests\Unit\RoleTest.php::it requires name field" class="Tests\Unit\RoleTest" classname="Tests.Unit.RoleTest" assertions="1" time="0.123028"/>
        <testcase name="it updates a role" file="tests\Unit\RoleTest.php::it updates a role" class="Tests\Unit\RoleTest" classname="Tests.Unit.RoleTest" assertions="1" time="0.174592"/>
        <testcase name="it deletes a role" file="tests\Unit\RoleTest.php::it deletes a role" class="Tests\Unit\RoleTest" classname="Tests.Unit.RoleTest" assertions="1" time="0.161128"/>
        <testcase name="it role can have permissions" file="tests\Unit\RoleTest.php::it role can have permissions" class="Tests\Unit\RoleTest" classname="Tests.Unit.RoleTest" assertions="1" time="0.222079"/>
        <testcase name="it role can be assigned to users" file="tests\Unit\RoleTest.php::it role can be assigned to users" class="Tests\Unit\RoleTest" classname="Tests.Unit.RoleTest" assertions="1" time="0.176484"/>
        <testcase name="it can retrieve role permissions" file="tests\Unit\RoleTest.php::it can retrieve role permissions" class="Tests\Unit\RoleTest" classname="Tests.Unit.RoleTest" assertions="3" time="0.200818"/>
      </testsuite>
      <testsuite name="Tests\Unit\StandardTest" file="tests\Unit\StandardTest.php" tests="5" assertions="5" errors="0" failures="0" skipped="0" time="1.022953">
        <testcase name="it creates a standard" file="tests\Unit\StandardTest.php::it creates a standard" class="Tests\Unit\StandardTest" classname="Tests.Unit.StandardTest" assertions="1" time="0.187786"/>
        <testcase name="it requires descripcion field" file="tests\Unit\StandardTest.php::it requires descripcion field" class="Tests\Unit\StandardTest" classname="Tests.Unit.StandardTest" assertions="1" time="0.257643"/>
        <testcase name="it updates a standard" file="tests\Unit\StandardTest.php::it updates a standard" class="Tests\Unit\StandardTest" classname="Tests.Unit.StandardTest" assertions="1" time="0.195005"/>
        <testcase name="it deletes a standard" file="tests\Unit\StandardTest.php::it deletes a standard" class="Tests\Unit\StandardTest" classname="Tests.Unit.StandardTest" assertions="1" time="0.198922"/>
        <testcase name="it standard belongs to criterion" file="tests\Unit\StandardTest.php::it standard belongs to criterion" class="Tests\Unit\StandardTest" classname="Tests.Unit.StandardTest" assertions="1" time="0.183597"/>
      </testsuite>
      <testsuite name="Tests\Unit\UniversityTest" file="tests\Unit\UniversityTest.php" tests="5" assertions="5" errors="0" failures="0" skipped="0" time="0.861910">
        <testcase name="it creates a university" file="tests\Unit\UniversityTest.php::it creates a university" class="Tests\Unit\UniversityTest" classname="Tests.Unit.UniversityTest" assertions="1" time="0.192291"/>
        <testcase name="it requires nombre field" file="tests\Unit\UniversityTest.php::it requires nombre field" class="Tests\Unit\UniversityTest" classname="Tests.Unit.UniversityTest" assertions="1" time="0.135942"/>
        <testcase name="it updates a university" file="tests\Unit\UniversityTest.php::it updates a university" class="Tests\Unit\UniversityTest" classname="Tests.Unit.UniversityTest" assertions="1" time="0.148350"/>
        <testcase name="it deletes a university" file="tests\Unit\UniversityTest.php::it deletes a university" class="Tests\Unit\UniversityTest" classname="Tests.Unit.UniversityTest" assertions="1" time="0.148014"/>
        <testcase name="it has many campuses" file="tests\Unit\UniversityTest.php::it has many campuses" class="Tests\Unit\UniversityTest" classname="Tests.Unit.UniversityTest" assertions="1" time="0.237313"/>
      </testsuite>
      <testsuite name="Tests\Unit\UserTest" file="tests\Unit\UserTest.php" tests="5" assertions="9" errors="0" failures="0" skipped="0" time="0.876023">
        <testcase name="it creates a user" file="tests\Unit\UserTest.php::it creates a user" class="Tests\Unit\UserTest" classname="Tests.Unit.UserTest" assertions="5" time="0.161921"/>
        <testcase name="it requires nombre field" file="tests\Unit\UserTest.php::it requires nombre field" class="Tests\Unit\UserTest" classname="Tests.Unit.UserTest" assertions="1" time="0.136312"/>
        <testcase name="it requires email field" file="tests\Unit\UserTest.php::it requires email field" class="Tests\Unit\UserTest" classname="Tests.Unit.UserTest" assertions="1" time="0.212140"/>
        <testcase name="it updates a user" file="tests\Unit\UserTest.php::it updates a user" class="Tests\Unit\UserTest" classname="Tests.Unit.UserTest" assertions="1" time="0.225792"/>
        <testcase name="it deletes a user" file="tests\Unit\UserTest.php::it deletes a user" class="Tests\Unit\UserTest" classname="Tests.Unit.UserTest" assertions="1" time="0.139858"/>
      </testsuite>
    </testsuite>
    <testsuite name="Feature" tests="360" assertions="1056" errors="0" failures="0" skipped="1" time="532.941378">
      <testsuite name="Tests\Feature\AccreditationCycleFeatureTest" file="Accreditation Cycle Feature (Tests\Feature\AccreditationCycleFeature)" tests="21" assertions="41" errors="0" failures="0" skipped="0" time="49.020776">
        <testcase name="Retorna 401 sin token en get index" file="Accreditation Cycle Feature (Tests\Feature\AccreditationCycleFeature)::Retorna 401 sin token en get index" class="Tests\Feature\AccreditationCycleFeatureTest" classname="Tests.Feature.AccreditationCycleFeatureTest" assertions="1" time="2.250536"/>
        <testcase name="Retorna 403 a usuario sin permiso ciclos view" file="Accreditation Cycle Feature (Tests\Feature\AccreditationCycleFeature)::Retorna 403 a usuario sin permiso ciclos view" class="Tests\Feature\AccreditationCycleFeatureTest" classname="Tests.Feature.AccreditationCycleFeatureTest" assertions="1" time="2.393162"/>
        <testcase name="Post crea ciclo valido y retorna 201 AC1" file="Accreditation Cycle Feature (Tests\Feature\AccreditationCycleFeature)::Post crea ciclo valido y retorna 201 AC1" class="Tests\Feature\AccreditationCycleFeatureTest" classname="Tests.Feature.AccreditationCycleFeatureTest" assertions="4" time="2.340335"/>
        <testcase name="Get index retorna ciclos paginados con estructura meta AC3" file="Accreditation Cycle Feature (Tests\Feature\AccreditationCycleFeature)::Get index retorna ciclos paginados con estructura meta AC3" class="Tests\Feature\AccreditationCycleFeatureTest" classname="Tests.Feature.AccreditationCycleFeatureTest" assertions="5" time="2.767492"/>
        <testcase name="Get show retorna un ciclo existente AC1" file="Accreditation Cycle Feature (Tests\Feature\AccreditationCycleFeature)::Get show retorna un ciclo existente AC1" class="Tests\Feature\AccreditationCycleFeatureTest" classname="Tests.Feature.AccreditationCycleFeatureTest" assertions="2" time="2.393359"/>
        <testcase name="Get show retorna 404 si el ciclo no existe" file="Accreditation Cycle Feature (Tests\Feature\AccreditationCycleFeature)::Get show retorna 404 si el ciclo no existe" class="Tests\Feature\AccreditationCycleFeatureTest" classname="Tests.Feature.AccreditationCycleFeatureTest" assertions="1" time="2.590543"/>
        <testcase name="Post permite crear ciclo sin nombre y lo autogenera AC2" file="Accreditation Cycle Feature (Tests\Feature\AccreditationCycleFeature)::Post permite crear ciclo sin nombre y lo autogenera AC2" class="Tests\Feature\AccreditationCycleFeatureTest" classname="Tests.Feature.AccreditationCycleFeatureTest" assertions="2" time="2.512154"/>
        <testcase name="Post retorna 422 sin carrera sede id AC2" file="Accreditation Cycle Feature (Tests\Feature\AccreditationCycleFeature)::Post retorna 422 sin carrera sede id AC2" class="Tests\Feature\AccreditationCycleFeatureTest" classname="Tests.Feature.AccreditationCycleFeatureTest" assertions="3" time="2.285596"/>
        <testcase name="Post retorna 422 sin modelo estructura id AC2" file="Accreditation Cycle Feature (Tests\Feature\AccreditationCycleFeature)::Post retorna 422 sin modelo estructura id AC2" class="Tests\Feature\AccreditationCycleFeatureTest" classname="Tests.Feature.AccreditationCycleFeatureTest" assertions="3" time="2.188521"/>
        <testcase name="Post retorna 422 con estado invalido AC2" file="Accreditation Cycle Feature (Tests\Feature\AccreditationCycleFeature)::Post retorna 422 con estado invalido AC2" class="Tests\Feature\AccreditationCycleFeatureTest" classname="Tests.Feature.AccreditationCycleFeatureTest" assertions="3" time="2.398802"/>
        <testcase name="Post retorna 422 cuando ya existe ciclo activo en misma sede AC6" file="Accreditation Cycle Feature (Tests\Feature\AccreditationCycleFeature)::Post retorna 422 cuando ya existe ciclo activo en misma sede AC6" class="Tests\Feature\AccreditationCycleFeatureTest" classname="Tests.Feature.AccreditationCycleFeatureTest" assertions="3" time="2.330333"/>
        <testcase name="Post permite ciclo activo en sede diferente AC6" file="Accreditation Cycle Feature (Tests\Feature\AccreditationCycleFeature)::Post permite ciclo activo en sede diferente AC6" class="Tests\Feature\AccreditationCycleFeatureTest" classname="Tests.Feature.AccreditationCycleFeatureTest" assertions="1" time="2.264120"/>
        <testcase name="Patch actualiza ciclo activo exitosamente AC4" file="Accreditation Cycle Feature (Tests\Feature\AccreditationCycleFeature)::Patch actualiza ciclo activo exitosamente AC4" class="Tests\Feature\AccreditationCycleFeatureTest" classname="Tests.Feature.AccreditationCycleFeatureTest" assertions="2" time="2.186852"/>
        <testcase name="Patch permite editar ciclo inactivo AC4" file="Accreditation Cycle Feature (Tests\Feature\AccreditationCycleFeature)::Patch permite editar ciclo inactivo AC4" class="Tests\Feature\AccreditationCycleFeatureTest" classname="Tests.Feature.AccreditationCycleFeatureTest" assertions="1" time="2.272995"/>
        <testcase name="Patch retorna 403 al editar ciclo completado AC4" file="Accreditation Cycle Feature (Tests\Feature\AccreditationCycleFeature)::Patch retorna 403 al editar ciclo completado AC4" class="Tests\Feature\AccreditationCycleFeatureTest" classname="Tests.Feature.AccreditationCycleFeatureTest" assertions="1" time="2.330959"/>
        <testcase name="Patch sin campos retorna 422 AC2" file="Accreditation Cycle Feature (Tests\Feature\AccreditationCycleFeature)::Patch sin campos retorna 422 AC2" class="Tests\Feature\AccreditationCycleFeatureTest" classname="Tests.Feature.AccreditationCycleFeatureTest" assertions="1" time="2.248852"/>
        <testcase name="Delete retorna 403 a usuario sin permiso ciclos delete AC5" file="Accreditation Cycle Feature (Tests\Feature\AccreditationCycleFeature)::Delete retorna 403 a usuario sin permiso ciclos delete AC5" class="Tests\Feature\AccreditationCycleFeatureTest" classname="Tests.Feature.AccreditationCycleFeatureTest" assertions="1" time="2.279651"/>
        <testcase name="Patch reactivar cambia ciclo inactivo a activo ACR" file="Accreditation Cycle Feature (Tests\Feature\AccreditationCycleFeature)::Patch reactivar cambia ciclo inactivo a activo ACR" class="Tests\Feature\AccreditationCycleFeatureTest" classname="Tests.Feature.AccreditationCycleFeatureTest" assertions="3" time="2.232878"/>
        <testcase name="Patch reactivar retorna 422 si ciclo ya esta activo ACR" file="Accreditation Cycle Feature (Tests\Feature\AccreditationCycleFeature)::Patch reactivar retorna 422 si ciclo ya esta activo ACR" class="Tests\Feature\AccreditationCycleFeatureTest" classname="Tests.Feature.AccreditationCycleFeatureTest" assertions="1" time="2.416905"/>
        <testcase name="Patch reactivar retorna 403 para usuario Administrador ACR" file="Accreditation Cycle Feature (Tests\Feature\AccreditationCycleFeature)::Patch reactivar retorna 403 para usuario Administrador ACR" class="Tests\Feature\AccreditationCycleFeatureTest" classname="Tests.Feature.AccreditationCycleFeatureTest" assertions="1" time="2.204753"/>
        <testcase name="Patch reactivar retorna 422 cuando ya hay otro ciclo activo en misma sede ACR AC6" file="Accreditation Cycle Feature (Tests\Feature\AccreditationCycleFeature)::Patch reactivar retorna 422 cuando ya hay otro ciclo activo en misma sede ACR AC6" class="Tests\Feature\AccreditationCycleFeatureTest" classname="Tests.Feature.AccreditationCycleFeatureTest" assertions="1" time="2.131979"/>
      </testsuite>
      <testsuite name="Tests\Feature\AccreditationReportFeatureTest" file="Accreditation Report Feature (Tests\Feature\AccreditationReportFeature)" tests="18" assertions="23" errors="0" failures="0" skipped="0" time="43.237966">
        <testcase name="Index accesible sin autenticacion" file="Accreditation Report Feature (Tests\Feature\AccreditationReportFeature)::Index accesible sin autenticacion" class="Tests\Feature\AccreditationReportFeatureTest" classname="Tests.Feature.AccreditationReportFeatureTest" assertions="1" time="2.400327"/>
        <testcase name="Index retorna solo informes publicados" file="Accreditation Report Feature (Tests\Feature\AccreditationReportFeature)::Index retorna solo informes publicados" class="Tests\Feature\AccreditationReportFeatureTest" classname="Tests.Feature.AccreditationReportFeatureTest" assertions="1" time="2.699239"/>
        <testcase name="Index filtra por carrera id" file="Accreditation Report Feature (Tests\Feature\AccreditationReportFeature)::Index filtra por carrera id" class="Tests\Feature\AccreditationReportFeatureTest" classname="Tests.Feature.AccreditationReportFeatureTest" assertions="1" time="2.718792"/>
        <testcase name="Show by cycle retorna 404 sin informe" file="Accreditation Report Feature (Tests\Feature\AccreditationReportFeature)::Show by cycle retorna 404 sin informe" class="Tests\Feature\AccreditationReportFeatureTest" classname="Tests.Feature.AccreditationReportFeatureTest" assertions="1" time="2.305920"/>
        <testcase name="Show by cycle retorna informe publicado sin autenticacion" file="Accreditation Report Feature (Tests\Feature\AccreditationReportFeature)::Show by cycle retorna informe publicado sin autenticacion" class="Tests\Feature\AccreditationReportFeatureTest" classname="Tests.Feature.AccreditationReportFeatureTest" assertions="1" time="2.316377"/>
        <testcase name="Show by cycle informe despublicado retorna 403 sin auth" file="Accreditation Report Feature (Tests\Feature\AccreditationReportFeature)::Show by cycle informe despublicado retorna 403 sin auth" class="Tests\Feature\AccreditationReportFeatureTest" classname="Tests.Feature.AccreditationReportFeatureTest" assertions="1" time="2.453457"/>
        <testcase name="Show by cycle informe despublicado visible con permiso" file="Accreditation Report Feature (Tests\Feature\AccreditationReportFeature)::Show by cycle informe despublicado visible con permiso" class="Tests\Feature\AccreditationReportFeatureTest" classname="Tests.Feature.AccreditationReportFeatureTest" assertions="1" time="2.331875"/>
        <testcase name="Publish retorna 401 sin token" file="Accreditation Report Feature (Tests\Feature\AccreditationReportFeature)::Publish retorna 401 sin token" class="Tests\Feature\AccreditationReportFeatureTest" classname="Tests.Feature.AccreditationReportFeatureTest" assertions="1" time="2.184540"/>
        <testcase name="Publish retorna 403 a profesor" file="Accreditation Report Feature (Tests\Feature\AccreditationReportFeature)::Publish retorna 403 a profesor" class="Tests\Feature\AccreditationReportFeatureTest" classname="Tests.Feature.AccreditationReportFeatureTest" assertions="1" time="2.175636"/>
        <testcase name="Publish crea informe y retorna 201" file="Accreditation Report Feature (Tests\Feature\AccreditationReportFeature)::Publish crea informe y retorna 201" class="Tests\Feature\AccreditationReportFeatureTest" classname="Tests.Feature.AccreditationReportFeatureTest" assertions="2" time="2.502129"/>
        <testcase name="Publish retorna 422 si ciclo ya tiene informe" file="Accreditation Report Feature (Tests\Feature\AccreditationReportFeature)::Publish retorna 422 si ciclo ya tiene informe" class="Tests\Feature\AccreditationReportFeatureTest" classname="Tests.Feature.AccreditationReportFeatureTest" assertions="1" time="2.463597"/>
        <testcase name="Publish retorna 422 sin campos requeridos" file="Accreditation Report Feature (Tests\Feature\AccreditationReportFeature)::Publish retorna 422 sin campos requeridos" class="Tests\Feature\AccreditationReportFeatureTest" classname="Tests.Feature.AccreditationReportFeatureTest" assertions="4" time="2.549665"/>
        <testcase name="Unpublish retorna 401 sin token" file="Accreditation Report Feature (Tests\Feature\AccreditationReportFeature)::Unpublish retorna 401 sin token" class="Tests\Feature\AccreditationReportFeatureTest" classname="Tests.Feature.AccreditationReportFeatureTest" assertions="1" time="2.272586"/>
[...]
        <testcase name="it includes notification metadata in API response" file="tests\Feature\NotificationFeatureTest.php::it includes notification metadata in API response" class="Tests\Feature\NotificationFeatureTest" classname="Tests.Feature.NotificationFeatureTest" assertions="7" time="0.432412"/>
        <testcase name="it requires authentication for notification endpoints" file="tests\Feature\NotificationFeatureTest.php::it requires authentication for notification endpoints" class="Tests\Feature\NotificationFeatureTest" classname="Tests.Feature.NotificationFeatureTest" assertions="5" time="0.241495"/>
      </testsuite>
      <testsuite name="Tests\Feature\ProcessFeatureTest" file="tests\Feature\ProcessFeatureTest.php" tests="12" assertions="16" errors="0" failures="0" skipped="0" time="2.760960">
        <testcase name="it crea y recupera un proceso" file="tests\Feature\ProcessFeatureTest.php::it crea y recupera un proceso" class="Tests\Feature\ProcessFeatureTest" classname="Tests.Feature.ProcessFeatureTest" assertions="2" time="0.230248"/>
        <testcase name="it lista todos los procesos" file="tests\Feature\ProcessFeatureTest.php::it lista todos los procesos" class="Tests\Feature\ProcessFeatureTest" classname="Tests.Feature.ProcessFeatureTest" assertions="1" time="0.225075"/>
        <testcase name="it encuentra proceso por id" file="tests\Feature\ProcessFeatureTest.php::it encuentra proceso por id" class="Tests\Feature\ProcessFeatureTest" classname="Tests.Feature.ProcessFeatureTest" assertions="1" time="0.177748"/>
        <testcase name="it lanza excepcion si proceso no existe" file="tests\Feature\ProcessFeatureTest.php::it lanza excepcion si proceso no existe" class="Tests\Feature\ProcessFeatureTest" classname="Tests.Feature.ProcessFeatureTest" assertions="1" time="0.350821"/>
        <testcase name="it actualiza un proceso" file="tests\Feature\ProcessFeatureTest.php::it actualiza un proceso" class="Tests\Feature\ProcessFeatureTest" classname="Tests.Feature.ProcessFeatureTest" assertions="2" time="0.190561"/>
        <testcase name="it elimina un proceso" file="tests\Feature\ProcessFeatureTest.php::it elimina un proceso" class="Tests\Feature\ProcessFeatureTest" classname="Tests.Feature.ProcessFeatureTest" assertions="1" time="0.203915"/>
        <testcase name="it activa un proceso" file="tests\Feature\ProcessFeatureTest.php::it activa un proceso" class="Tests\Feature\ProcessFeatureTest" classname="Tests.Feature.ProcessFeatureTest" assertions="1" time="0.196152"/>
        <testcase name="it desactiva un proceso" file="tests\Feature\ProcessFeatureTest.php::it desactiva un proceso" class="Tests\Feature\ProcessFeatureTest" classname="Tests.Feature.ProcessFeatureTest" assertions="1" time="0.191570"/>
        <testcase name="it lanza excepcion al activar cuando ya hay otro activo del mismo tipo" file="tests\Feature\ProcessFeatureTest.php::it lanza excepcion al activar cuando ya hay otro activo del mismo tipo" class="Tests\Feature\ProcessFeatureTest" classname="Tests.Feature.ProcessFeatureTest" assertions="1" time="0.220492"/>
        <testcase name="it carga relacion con ciclo de acreditacion" file="tests\Feature\ProcessFeatureTest.php::it carga relacion con ciclo de acreditacion" class="Tests\Feature\ProcessFeatureTest" classname="Tests.Feature.ProcessFeatureTest" assertions="1" time="0.201584"/>
        <testcase name="it filtra procesos por ciclo" file="tests\Feature\ProcessFeatureTest.php::it filtra procesos por ciclo" class="Tests\Feature\ProcessFeatureTest" classname="Tests.Feature.ProcessFeatureTest" assertions="1" time="0.251911"/>
        <testcase name="it retorna resumen de datos asociados antes de eliminar" file="tests\Feature\ProcessFeatureTest.php::it retorna resumen de datos asociados antes de eliminar" class="Tests\Feature\ProcessFeatureTest" classname="Tests.Feature.ProcessFeatureTest" assertions="3" time="0.320883"/>
      </testsuite>
      <testsuite name="Tests\Feature\RetroalimentacionFeatureTest" file="Retroalimentacion Feature (Tests\Feature\RetroalimentacionFeature)" tests="12" assertions="29" errors="0" failures="0" skipped="0" time="27.113142">
        <testcase name="Retorna 401 si no hay token de autenticacion" file="Retroalimentacion Feature (Tests\Feature\RetroalimentacionFeature)::Retorna 401 si no hay token de autenticacion" class="Tests\Feature\RetroalimentacionFeatureTest" classname="Tests.Feature.RetroalimentacionFeatureTest" assertions="1" time="2.106521"/>
        <testcase name="Retorna 403 si el usuario tiene rol Profesor" file="Retroalimentacion Feature (Tests\Feature\RetroalimentacionFeature)::Retorna 403 si el usuario tiene rol Profesor" class="Tests\Feature\RetroalimentacionFeatureTest" classname="Tests.Feature.RetroalimentacionFeatureTest" assertions="1" time="2.278562"/>
        <testcase name="Retorna 404 cuando la evidencia no existe" file="Retroalimentacion Feature (Tests\Feature\RetroalimentacionFeature)::Retorna 404 cuando la evidencia no existe" class="Tests\Feature\RetroalimentacionFeatureTest" classname="Tests.Feature.RetroalimentacionFeatureTest" assertions="1" time="2.093096"/>
        <testcase name="Retorna 422 cuando el comentario esta vacio" file="Retroalimentacion Feature (Tests\Feature\RetroalimentacionFeature)::Retorna 422 cuando el comentario esta vacio" class="Tests\Feature\RetroalimentacionFeatureTest" classname="Tests.Feature.RetroalimentacionFeatureTest" assertions="3" time="2.314814"/>
        <testcase name="Retorna 422 cuando el comentario tiene menos de 5 caracteres" file="Retroalimentacion Feature (Tests\Feature\RetroalimentacionFeature)::Retorna 422 cuando el comentario tiene menos de 5 caracteres" class="Tests\Feature\RetroalimentacionFeatureTest" classname="Tests.Feature.RetroalimentacionFeatureTest" assertions="3" time="2.136636"/>
        <testcase name="Retorna 422 cuando el comentario supera los 800 caracteres" file="Retroalimentacion Feature (Tests\Feature\RetroalimentacionFeature)::Retorna 422 cuando el comentario supera los 800 caracteres" class="Tests\Feature\RetroalimentacionFeatureTest" classname="Tests.Feature.RetroalimentacionFeatureTest" assertions="3" time="2.091444"/>
        <testcase name="Retorna 422 cuando el estado no esta entre Observada y Validada" file="Retroalimentacion Feature (Tests\Feature\RetroalimentacionFeature)::Retorna 422 cuando el estado no esta entre Observada y Validada" class="Tests\Feature\RetroalimentacionFeatureTest" classname="Tests.Feature.RetroalimentacionFeatureTest" assertions="3" time="2.167412"/>
        <testcase name="Retorna 422 cuando la evidencia esta en estado Pendiente" file="Retroalimentacion Feature (Tests\Feature\RetroalimentacionFeature)::Retorna 422 cuando la evidencia esta en estado Pendiente" class="Tests\Feature\RetroalimentacionFeatureTest" classname="Tests.Feature.RetroalimentacionFeatureTest" assertions="1" time="2.170052"/>
        <testcase name="Encargado puede marcar evidencia como Observada y guarda comentario" file="Retroalimentacion Feature (Tests\Feature\RetroalimentacionFeature)::Encargado puede marcar evidencia como Observada y guarda comentario" class="Tests\Feature\RetroalimentacionFeatureTest" classname="Tests.Feature.RetroalimentacionFeatureTest" assertions="4" time="2.529250"/>
        <testcase name="Encargado puede marcar evidencia como Validada y guarda comentario" file="Retroalimentacion Feature (Tests\Feature\RetroalimentacionFeature)::Encargado puede marcar evidencia como Validada y guarda comentario" class="Tests\Feature\RetroalimentacionFeatureTest" classname="Tests.Feature.RetroalimentacionFeatureTest" assertions="3" time="2.249240"/>
        <testcase name="La respuesta incluye el comentario recien creado en el array de comentarios" file="Retroalimentacion Feature (Tests\Feature\RetroalimentacionFeature)::La respuesta incluye el comentario recien creado en el array de comentarios" class="Tests\Feature\RetroalimentacionFeatureTest" classname="Tests.Feature.RetroalimentacionFeatureTest" assertions="5" time="2.486021"/>
        <testcase name="Administrador tambien puede retroalimentar evidencias" file="Retroalimentacion Feature (Tests\Feature\RetroalimentacionFeature)::Administrador tambien puede retroalimentar evidencias" class="Tests\Feature\RetroalimentacionFeatureTest" classname="Tests.Feature.RetroalimentacionFeatureTest" assertions="1" time="2.490095"/>
      </testsuite>
      <testsuite name="Tests\Feature\RoleFeatureTest" file="tests\Feature\RoleFeatureTest.php" tests="11" assertions="24" errors="0" failures="0" skipped="0" time="24.944970">
        <testcase name="it unauthenticated_users_cannot_access_roles" file="tests\Feature\RoleFeatureTest.php::it unauthenticated_users_cannot_access_roles" class="Tests\Feature\RoleFeatureTest" classname="Tests.Feature.RoleFeatureTest" assertions="1" time="2.281650"/>
        <testcase name="it non_admin_users_cannot_access_roles" file="tests\Feature\RoleFeatureTest.php::it non_admin_users_cannot_access_roles" class="Tests\Feature\RoleFeatureTest" classname="Tests.Feature.RoleFeatureTest" assertions="1" time="2.261719"/>
        <testcase name="it superusuario_can_list_roles" file="tests\Feature\RoleFeatureTest.php::it superusuario_can_list_roles" class="Tests\Feature\RoleFeatureTest" classname="Tests.Feature.RoleFeatureTest" assertions="2" time="2.412506"/>
        <testcase name="it administrador_can_list_roles" file="tests\Feature\RoleFeatureTest.php::it administrador_can_list_roles" class="Tests\Feature\RoleFeatureTest" classname="Tests.Feature.RoleFeatureTest" assertions="2" time="2.209672"/>
        <testcase name="it superusuario_can_create_role_and_logs_to_audit" file="tests\Feature\RoleFeatureTest.php::it superusuario_can_create_role_and_logs_to_audit" class="Tests\Feature\RoleFeatureTest" classname="Tests.Feature.RoleFeatureTest" assertions="7" time="2.650106"/>
        <testcase name="it superusuario_can_update_role_and_logs_changes" file="tests\Feature\RoleFeatureTest.php::it superusuario_can_update_role_and_logs_changes" class="Tests\Feature\RoleFeatureTest" classname="Tests.Feature.RoleFeatureTest" assertions="2" time="2.244658"/>
        <testcase name="it superusuario_can_delete_role_and_logs_deletion" file="tests\Feature\RoleFeatureTest.php::it superusuario_can_delete_role_and_logs_deletion" class="Tests\Feature\RoleFeatureTest" classname="Tests.Feature.RoleFeatureTest" assertions="2" time="2.155362"/>
        <testcase name="it it_validates_required_name_field" file="tests\Feature\RoleFeatureTest.php::it it_validates_required_name_field" class="Tests\Feature\RoleFeatureTest" classname="Tests.Feature.RoleFeatureTest" assertions="3" time="2.307605"/>
        <testcase name="it it_prevents_duplicate_role_names" file="tests\Feature\RoleFeatureTest.php::it it_prevents_duplicate_role_names" class="Tests\Feature\RoleFeatureTest" classname="Tests.Feature.RoleFeatureTest" assertions="1" time="2.168772"/>
        <testcase name="it it_can_show_specific_role" file="tests\Feature\RoleFeatureTest.php::it it_can_show_specific_role" class="Tests\Feature\RoleFeatureTest" classname="Tests.Feature.RoleFeatureTest" assertions="2" time="2.213861"/>
        <testcase name="it it_returns_404_for_nonexistent_role" file="tests\Feature\RoleFeatureTest.php::it it_returns_404_for_nonexistent_role" class="Tests\Feature\RoleFeatureTest" classname="Tests.Feature.RoleFeatureTest" assertions="1" time="2.039061"/>
      </testsuite>
      <testsuite name="Tests\Feature\StandardFeatureTest" file="tests\Feature\StandardFeatureTest.php" tests="8" assertions="24" errors="0" failures="0" skipped="0" time="3.004458">
        <testcase name="it index devuelve lista de estandares" file="tests\Feature\StandardFeatureTest.php::it index devuelve lista de estandares" class="Tests\Feature\StandardFeatureTest" classname="Tests.Feature.StandardFeatureTest" assertions="3" time="0.392689"/>
        <testcase name="it show devuelve un estandar existente" file="tests\Feature\StandardFeatureTest.php::it show devuelve un estandar existente" class="Tests\Feature\StandardFeatureTest" classname="Tests.Feature.StandardFeatureTest" assertions="4" time="0.340199"/>
        <testcase name="it show devuelve 404 si no existe" file="tests\Feature\StandardFeatureTest.php::it show devuelve 404 si no existe" class="Tests\Feature\StandardFeatureTest" classname="Tests.Feature.StandardFeatureTest" assertions="1" time="0.281680"/>
        <testcase name="it store crea un estandar" file="tests\Feature\StandardFeatureTest.php::it store crea un estandar" class="Tests\Feature\StandardFeatureTest" classname="Tests.Feature.StandardFeatureTest" assertions="3" time="0.562123"/>
        <testcase name="it update actualiza un estandar" file="tests\Feature\StandardFeatureTest.php::it update actualiza un estandar" class="Tests\Feature\StandardFeatureTest" classname="Tests.Feature.StandardFeatureTest" assertions="3" time="0.504509"/>
        <testcase name="it destroy elimina un estandar" file="tests\Feature\StandardFeatureTest.php::it destroy elimina un estandar" class="Tests\Feature\StandardFeatureTest" classname="Tests.Feature.StandardFeatureTest" assertions="3" time="0.318241"/>
        <testcase name="it store falla sin campos obligatorios" file="tests\Feature\StandardFeatureTest.php::it store falla sin campos obligatorios" class="Tests\Feature\StandardFeatureTest" classname="Tests.Feature.StandardFeatureTest" assertions="4" time="0.295206"/>
        <testcase name="it store falla con criterio inexistente" file="tests\Feature\StandardFeatureTest.php::it store falla con criterio inexistente" class="Tests\Feature\StandardFeatureTest" classname="Tests.Feature.StandardFeatureTest" assertions="3" time="0.309811"/>
      </testsuite>
      <testsuite name="Tests\Feature\UniversityEndpointsTest" file="tests\Feature\UniversityEndpointsTest.php" tests="6" assertions="14" errors="0" failures="0" skipped="0" time="13.083224">
        <testcase name="it index devuelve lista de universidades" file="tests\Feature\UniversityEndpointsTest.php::it index devuelve lista de universidades" class="Tests\Feature\UniversityEndpointsTest" classname="Tests.Feature.UniversityEndpointsTest" assertions="2" time="2.216585"/>
        <testcase name="it show devuelve una universidad existente" file="tests\Feature\UniversityEndpointsTest.php::it show devuelve una universidad existente" class="Tests\Feature\UniversityEndpointsTest" classname="Tests.Feature.UniversityEndpointsTest" assertions="2" time="2.232055"/>
        <testcase name="it show devuelve 404 si no existe" file="tests\Feature\UniversityEndpointsTest.php::it show devuelve 404 si no existe" class="Tests\Feature\UniversityEndpointsTest" classname="Tests.Feature.UniversityEndpointsTest" assertions="1" time="2.170068"/>
        <testcase name="it store crea una universidad" file="tests\Feature\UniversityEndpointsTest.php::it store crea una universidad" class="Tests\Feature\UniversityEndpointsTest" classname="Tests.Feature.UniversityEndpointsTest" assertions="3" time="2.171359"/>
        <testcase name="it update actualiza una universidad" file="tests\Feature\UniversityEndpointsTest.php::it update actualiza una universidad" class="Tests\Feature\UniversityEndpointsTest" classname="Tests.Feature.UniversityEndpointsTest" assertions="3" time="2.155538"/>
        <testcase name="it destroy elimina una universidad" file="tests\Feature\UniversityEndpointsTest.php::it destroy elimina una universidad" class="Tests\Feature\UniversityEndpointsTest" classname="Tests.Feature.UniversityEndpointsTest" assertions="3" time="2.137621"/>
      </testsuite>
      <testsuite name="Tests\Feature\UniversityFeatureTest" file="tests\Feature\UniversityFeatureTest.php" tests="1" assertions="2" errors="0" failures="0" skipped="0" time="0.181696">
        <testcase name="it can create and retrieve a university" file="tests\Feature\UniversityFeatureTest.php::it can create and retrieve a university" class="Tests\Feature\UniversityFeatureTest" classname="Tests.Feature.UniversityFeatureTest" assertions="2" time="0.181696"/>
      </testsuite>
      <testsuite name="Tests\Feature\UserFeatureTest" file="tests\Feature\UserFeatureTest.php" tests="1" assertions="3" errors="0" failures="0" skipped="0" time="0.382002">
        <testcase name="it can create and retrieve a user" file="tests\Feature\UserFeatureTest.php::it can create and retrieve a user" class="Tests\Feature\UserFeatureTest" classname="Tests.Feature.UserFeatureTest" assertions="3" time="0.382002"/>
      </testsuite>
      <testsuite name="Tests\Feature\ValidateDuplicateAssignmentsTest" file="tests\Feature\ValidateDuplicateAssignmentsTest.php" tests="10" assertions="32" errors="0" failures="0" skipped="0" time="3.816263">
        <testcase name="it puede validar sin duplicados" file="tests\Feature\ValidateDuplicateAssignmentsTest.php::it puede validar sin duplicados" class="Tests\Feature\ValidateDuplicateAssignmentsTest" classname="Tests.Feature.ValidateDuplicateAssignmentsTest" assertions="2" time="0.369788"/>
        <testcase name="it detecta asignaciones duplicadas" file="tests\Feature\ValidateDuplicateAssignmentsTest.php::it detecta asignaciones duplicadas" class="Tests\Feature\ValidateDuplicateAssignmentsTest" classname="Tests.Feature.ValidateDuplicateAssignmentsTest" assertions="8" time="0.420026"/>
        <testcase name="it requiere autenticacion" file="tests\Feature\ValidateDuplicateAssignmentsTest.php::it requiere autenticacion" class="Tests\Feature\ValidateDuplicateAssignmentsTest" classname="Tests.Feature.ValidateDuplicateAssignmentsTest" assertions="1" time="0.296582"/>
        <testcase name="it cualquier usuario autenticado puede acceder" file="tests\Feature\ValidateDuplicateAssignmentsTest.php::it cualquier usuario autenticado puede acceder" class="Tests\Feature\ValidateDuplicateAssignmentsTest" classname="Tests.Feature.ValidateDuplicateAssignmentsTest" assertions="1" time="0.340215"/>
        <testcase name="it valida campos requeridos" file="tests\Feature\ValidateDuplicateAssignmentsTest.php::it valida campos requeridos" class="Tests\Feature\ValidateDuplicateAssignmentsTest" classname="Tests.Feature.ValidateDuplicateAssignmentsTest" assertions="5" time="0.302826"/>
        <testcase name="it valida que proceso exista" file="tests\Feature\ValidateDuplicateAssignmentsTest.php::it valida que proceso exista" class="Tests\Feature\ValidateDuplicateAssignmentsTest" classname="Tests.Feature.ValidateDuplicateAssignmentsTest" assertions="3" time="0.549090"/>
        <testcase name="it valida que evidencia exista" file="tests\Feature\ValidateDuplicateAssignmentsTest.php::it valida que evidencia exista" class="Tests\Feature\ValidateDuplicateAssignmentsTest" classname="Tests.Feature.ValidateDuplicateAssignmentsTest" assertions="3" time="0.366881"/>
        <testcase name="it valida array usuarios minimo uno" file="tests\Feature\ValidateDuplicateAssignmentsTest.php::it valida array usuarios minimo uno" class="Tests\Feature\ValidateDuplicateAssignmentsTest" classname="Tests.Feature.ValidateDuplicateAssignmentsTest" assertions="3" time="0.330789"/>
        <testcase name="it valida que usuarios existan" file="tests\Feature\ValidateDuplicateAssignmentsTest.php::it valida que usuarios existan" class="Tests\Feature\ValidateDuplicateAssignmentsTest" classname="Tests.Feature.ValidateDuplicateAssignmentsTest" assertions="4" time="0.339330"/>
        <testcase name="it solo detecta duplicados para mismo proceso y evidencia" file="tests\Feature\ValidateDuplicateAssignmentsTest.php::it solo detecta duplicados para mismo proceso y evidencia" class="Tests\Feature\ValidateDuplicateAssignmentsTest" classname="Tests.Feature.ValidateDuplicateAssignmentsTest" assertions="2" time="0.500735"/>
      </testsuite>
    </testsuite>
  </testsuite>
</testsuites>
