<?xml version="1.0" encoding="UTF-8"?>
<testsuites>
  <testsuite name="C:\Users\itsjo\Universidad\SAAC-UNA\backend\phpunit.xml" tests="206" assertions="397" errors="0" failures="0" skipped="0" time="10.583173">
    <testsuite name="Unit" tests="115" assertions="122" errors="0" failures="0" skipped="0" time="7.124716">
      <testsuite name="Tests\Unit\AccreditationCycleTest" file="C:\Users\itsjo\Universidad\SAAC-UNA\backend\tests\Unit\AccreditationCycleTest.php" tests="6" assertions="6" errors="0" failures="0" skipped="0" time="3.224509">
        <testcase name="it_creates_an_accreditation_cycle" file="C:\Users\itsjo\Universidad\SAAC-UNA\backend\tests\Unit\AccreditationCycleTest.php" line="14" class="Tests\Unit\AccreditationCycleTest" classname="Tests.Unit.AccreditationCycleTest" assertions="1" time="3.034193">
          <system-out>clercler</system-out>
        </testcase>
        <testcase name="it_requires_nombre_field" file="C:\Users\itsjo\Universidad\SAAC-UNA\backend\tests\Unit\AccreditationCycleTest.php" line="33" class="Tests\Unit\AccreditationCycleTest" classname="Tests.Unit.AccreditationCycleTest" assertions="1" time="0.038471"/>
        <testcase name="it_updates_an_accreditation_cycle" file="C:\Users\itsjo\Universidad\SAAC-UNA\backend\tests\Unit\AccreditationCycleTest.php" line="50" class="Tests\Unit\AccreditationCycleTest" classname="Tests.Unit.AccreditationCycleTest" assertions="1" time="0.032616"/>
        <testcase name="it_deletes_an_accreditation_cycle" file="C:\Users\itsjo\Universidad\SAAC-UNA\backend\tests\Unit\AccreditationCycleTest.php" line="68" class="Tests\Unit\AccreditationCycleTest" classname="Tests.Unit.AccreditationCycleTest" assertions="1" time="0.052991"/>
        <testcase name="an_accreditation_cycle_belongs_to_career_campus" file="C:\Users\itsjo\Universidad\SAAC-UNA\backend\tests\Unit\AccreditationCycleTest.php" line="85" class="Tests\Unit\AccreditationCycleTest" classname="Tests.Unit.AccreditationCycleTest" assertions="1" time="0.030940"/>
        <testcase name="an_accreditation_cycle_has_many_processes" file="C:\Users\itsjo\Universidad\SAAC-UNA\backend\tests\Unit\AccreditationCycleTest.php" line="101" class="Tests\Unit\AccreditationCycleTest" classname="Tests.Unit.AccreditationCycleTest" assertions="1" time="0.035297"/>
      </testsuite>
      <testsuite name="Tests\Unit\ActionTypeTest" file="C:\Users\itsjo\Universidad\SAAC-UNA\backend\tests\Unit\ActionTypeTest.php" tests="5" assertions="5" errors="0" failures="0" skipped="0" time="0.190528">
        <testcase name="it_creates_an_action_type" file="C:\Users\itsjo\Universidad\SAAC-UNA\backend\tests\Unit\ActionTypeTest.php" line="14" class="Tests\Unit\ActionTypeTest" classname="Tests.Unit.ActionTypeTest" assertions="1" time="0.053427"/>
        <testcase name="it_requires_descripcion_field" file="C:\Users\itsjo\Universidad\SAAC-UNA\backend\tests\Unit\ActionTypeTest.php" line="26" class="Tests\Unit\ActionTypeTest" classname="Tests.Unit.ActionTypeTest" assertions="1" time="0.033095"/>
        <testcase name="it_updates_an_action_type" file="C:\Users\itsjo\Universidad\SAAC-UNA\backend\tests\Unit\ActionTypeTest.php" line="34" class="Tests\Unit\ActionTypeTest" classname="Tests.Unit.ActionTypeTest" assertions="1" time="0.032432"/>
        <testcase name="it_deletes_an_action_type" file="C:\Users\itsjo\Universidad\SAAC-UNA\backend\tests\Unit\ActionTypeTest.php" line="43" class="Tests\Unit\ActionTypeTest" classname="Tests.Unit.ActionTypeTest" assertions="1" time="0.036793"/>
        <testcase name="an_action_type_has_many_audit_logs" file="C:\Users\itsjo\Universidad\SAAC-UNA\backend\tests\Unit\ActionTypeTest.php" line="52" class="Tests\Unit\ActionTypeTest" classname="Tests.Unit.ActionTypeTest" assertions="1" time="0.034781"/>
      </testsuite>
      <testsuite name="Tests\Unit\AuditLogTest" file="C:\Users\itsjo\Universidad\SAAC-UNA\backend\tests\Unit\AuditLogTest.php" tests="7" assertions="7" errors="0" failures="0" skipped="0" time="0.222485">
        <testcase name="it_creates_an_audit_log" file="C:\Users\itsjo\Universidad\SAAC-UNA\backend\tests\Unit\AuditLogTest.php" line="14" class="Tests\Unit\AuditLogTest" classname="Tests.Unit.AuditLogTest" assertions="1" time="0.040461"/>
        <testcase name="it_requires_usuario_id_field" file="C:\Users\itsjo\Universidad\SAAC-UNA\backend\tests\Unit\AuditLogTest.php" line="24" class="Tests\Unit\AuditLogTest" classname="Tests.Unit.AuditLogTest" assertions="1" time="0.021157"/>
        <testcase name="it_requires_tipo_accion_id_field" file="C:\Users\itsjo\Universidad\SAAC-UNA\backend\tests\Unit\AuditLogTest.php" line="32" class="Tests\Unit\AuditLogTest" classname="Tests.Unit.AuditLogTest" assertions="1" time="0.031283"/>
        <testcase name="it_updates_an_audit_log" file="C:\Users\itsjo\Universidad\SAAC-UNA\backend\tests\Unit\AuditLogTest.php" line="40" class="Tests\Unit\AuditLogTest" classname="Tests.Unit.AuditLogTest" assertions="1" time="0.033328"/>
        <testcase name="it_deletes_an_audit_log" file="C:\Users\itsjo\Universidad\SAAC-UNA\backend\tests\Unit\AuditLogTest.php" line="49" class="Tests\Unit\AuditLogTest" classname="Tests.Unit.AuditLogTest" assertions="1" time="0.033588"/>
        <testcase name="an_audit_log_belongs_to_user" file="C:\Users\itsjo\Universidad\SAAC-UNA\backend\tests\Unit\AuditLogTest.php" line="58" class="Tests\Unit\AuditLogTest" classname="Tests.Unit.AuditLogTest" assertions="1" time="0.031706"/>
        <testcase name="an_audit_log_belongs_to_action_type" file="C:\Users\itsjo\Universidad\SAAC-UNA\backend\tests\Unit\AuditLogTest.php" line="67" class="Tests\Unit\AuditLogTest" classname="Tests.Unit.AuditLogTest" assertions="1" time="0.030960"/>
      </testsuite>
      <testsuite name="Tests\Unit\AutoevaluationTest" file="C:\Users\itsjo\Universidad\SAAC-UNA\backend\tests\Unit\AutoevaluationTest.php" tests="5" assertions="5" errors="0" failures="0" skipped="0" time="0.171553">
        <testcase name="it_creates_an_autoevaluation" file="C:\Users\itsjo\Universidad\SAAC-UNA\backend\tests\Unit\AutoevaluationTest.php" line="14" class="Tests\Unit\AutoevaluationTest" classname="Tests.Unit.AutoevaluationTest" assertions="1" time="0.034125"/>
        <testcase name="it_requires_proceso_id_field" file="C:\Users\itsjo\Universidad\SAAC-UNA\backend\tests\Unit\AutoevaluationTest.php" line="38" class="Tests\Unit\AutoevaluationTest" classname="Tests.Unit.AutoevaluationTest" assertions="1" time="0.029513"/>
        <testcase name="it_updates_an_autoevaluation" file="C:\Users\itsjo\Universidad\SAAC-UNA\backend\tests\Unit\AutoevaluationTest.php" line="46" class="Tests\Unit\AutoevaluationTest" classname="Tests.Unit.AutoevaluationTest" assertions="1" time="0.045055"/>
        <testcase name="it_deletes_an_autoevaluation" file="C:\Users\itsjo\Universidad\SAAC-UNA\backend\tests\Unit\AutoevaluationTest.php" line="70" class="Tests\Unit\AutoevaluationTest" classname="Tests.Unit.AutoevaluationTest" assertions="1" time="0.029398"/>
        <testcase name="an_autoevaluation_belongs_to_process" file="C:\Users\itsjo\Universidad\SAAC-UNA\backend\tests\Unit\AutoevaluationTest.php" line="93" class="Tests\Unit\AutoevaluationTest" classname="Tests.Unit.AutoevaluationTest" assertions="1" time="0.033462"/>
      </testsuite>
      <testsuite name="Tests\Unit\CampusTest" file="C:\Users\itsjo\Universidad\SAAC-UNA\backend\tests\Unit\CampusTest.php" tests="7" assertions="7" errors="0" failures="0" skipped="0" time="0.220208">
        <testcase name="it_creates_a_campus" file="C:\Users\itsjo\Universidad\SAAC-UNA\backend\tests\Unit\CampusTest.php" line="14" class="Tests\Unit\CampusTest" classname="Tests.Unit.CampusTest" assertions="1" time="0.035304"/>
        <testcase name="it_requires_nombre_field" file="C:\Users\itsjo\Universidad\SAAC-UNA\backend\tests\Unit\CampusTest.php" line="28" class="Tests\Unit\CampusTest" classname="Tests.Unit.CampusTest" assertions="1" time="0.032383"/>
        <testcase name="it_requires_universidad_id_field" file="C:\Users\itsjo\Universidad\SAAC-UNA\backend\tests\Unit\CampusTest.php" line="40" class="Tests\Unit\CampusTest" classname="Tests.Unit.CampusTest" assertions="1" time="0.019341"/>
        <testcase name="it_updates_a_campus" file="C:\Users\itsjo\Universidad\SAAC-UNA\backend\tests\Unit\CampusTest.php" line="51" class="Tests\Unit\CampusTest" classname="Tests.Unit.CampusTest" assertions="1" time="0.036858"/>
        <testcase name="it_deletes_a_campus" file="C:\Users\itsjo\Universidad\SAAC-UNA\backend\tests\Unit\CampusTest.php" line="64" class="Tests\Unit\CampusTest" classname="Tests.Unit.CampusTest" assertions="1" time="0.030940"/>
        <testcase name="a_campus_belongs_to_university" file="C:\Users\itsjo\Universidad\SAAC-UNA\backend\tests\Unit\CampusTest.php" line="76" class="Tests\Unit\CampusTest" classname="Tests.Unit.CampusTest" assertions="1" time="0.032678"/>
        <testcase name="a_campus_has_many_faculties" file="C:\Users\itsjo\Universidad\SAAC-UNA\backend\tests\Unit\CampusTest.php" line="85" class="Tests\Unit\CampusTest" classname="Tests.Unit.CampusTest" assertions="1" time="0.032704"/>
      </testsuite>
      <testsuite name="Tests\Unit\CareerCampusTest" file="C:\Users\itsjo\Universidad\SAAC-UNA\backend\tests\Unit\CareerCampusTest.php" tests="8" assertions="8" errors="0" failures="0" skipped="0" time="0.262848">
        <testcase name="it_creates_a_career_campus" file="C:\Users\itsjo\Universidad\SAAC-UNA\backend\tests\Unit\CareerCampusTest.php" line="14" class="Tests\Unit\CareerCampusTest" classname="Tests.Unit.CareerCampusTest" assertions="1" time="0.034815"/>
        <testcase name="it_requires_carrera_id_field" file="C:\Users\itsjo\Universidad\SAAC-UNA\backend\tests\Unit\CareerCampusTest.php" line="29" class="Tests\Unit\CareerCampusTest" classname="Tests.Unit.CareerCampusTest" assertions="1" time="0.029484"/>
        <testcase name="it_requires_sede_id_field" file="C:\Users\itsjo\Universidad\SAAC-UNA\backend\tests\Unit\CareerCampusTest.php" line="41" class="Tests\Unit\CareerCampusTest" classname="Tests.Unit.CareerCampusTest" assertions="1" time="0.022520"/>
        <testcase name="it_updates_a_career_campus" file="C:\Users\itsjo\Universidad\SAAC-UNA\backend\tests\Unit\CareerCampusTest.php" line="53" class="Tests\Unit\CareerCampusTest" classname="Tests.Unit.CareerCampusTest" assertions="1" time="0.050329"/>
        <testcase name="it_deletes_a_career_campus" file="C:\Users\itsjo\Universidad\SAAC-UNA\backend\tests\Unit\CareerCampusTest.php" line="71" class="Tests\Unit\CareerCampusTest" classname="Tests.Unit.CareerCampusTest" assertions="1" time="0.028855"/>
        <testcase name="a_career_campus_belongs_to_career" file="C:\Users\itsjo\Universidad\SAAC-UNA\backend\tests\Unit\CareerCampusTest.php" line="85" class="Tests\Unit\CareerCampusTest" classname="Tests.Unit.CareerCampusTest" assertions="1" time="0.032455"/>
        <testcase name="a_career_campus_belongs_to_campus" file="C:\Users\itsjo\Universidad\SAAC-UNA\backend\tests\Unit\CareerCampusTest.php" line="94" class="Tests\Unit\CareerCampusTest" classname="Tests.Unit.CareerCampusTest" assertions="1" time="0.031272"/>
        <testcase name="a_career_campus_has_many_accreditation_cycles" file="C:\Users\itsjo\Universidad\SAAC-UNA\backend\tests\Unit\CareerCampusTest.php" line="103" class="Tests\Unit\CareerCampusTest" classname="Tests.Unit.CareerCampusTest" assertions="1" time="0.033119"/>
      </testsuite>
      <testsuite name="Tests\Unit\CareerTest" file="C:\Users\itsjo\Universidad\SAAC-UNA\backend\tests\Unit\CareerTest.php" tests="4" assertions="4" errors="0" failures="0" skipped="0" time="0.134671">
        <testcase name="it_creates_a_career" file="C:\Users\itsjo\Universidad\SAAC-UNA\backend\tests\Unit\CareerTest.php" line="14" class="Tests\Unit\CareerTest" classname="Tests.Unit.CareerTest" assertions="1" time="0.041207"/>
        <testcase name="it_requires_nombre_field" file="C:\Users\itsjo\Universidad\SAAC-UNA\backend\tests\Unit\CareerTest.php" line="25" class="Tests\Unit\CareerTest" classname="Tests.Unit.CareerTest" assertions="1" time="0.030884"/>
        <testcase name="it_updates_a_career" file="C:\Users\itsjo\Universidad\SAAC-UNA\backend\tests\Unit\CareerTest.php" line="32" class="Tests\Unit\CareerTest" classname="Tests.Unit.CareerTest" assertions="1" time="0.033925"/>
        <testcase name="it_deletes_a_career" file="C:\Users\itsjo\Universidad\SAAC-UNA\backend\tests\Unit\CareerTest.php" line="41" class="Tests\Unit\CareerTest" classname="Tests.Unit.CareerTest" assertions="1" time="0.028654"/>
      </testsuite>
      <testsuite name="Tests\Unit\CommentTest" file="C:\Users\itsjo\Universidad\SAAC-UNA\backend\tests\Unit\CommentTest.php" tests="4" assertions="4" errors="0" failures="0" skipped="0" time="0.125021">
        <testcase name="it_creates_a_comment" file="C:\Users\itsjo\Universidad\SAAC-UNA\backend\tests\Unit\CommentTest.php" line="14" class="Tests\Unit\CommentTest" classname="Tests.Unit.CommentTest" assertions="1" time="0.028592"/>
        <testcase name="it_requires_texto_field" file="C:\Users\itsjo\Universidad\SAAC-UNA\backend\tests\Unit\CommentTest.php" line="26" class="Tests\Unit\CommentTest" classname="Tests.Unit.CommentTest" assertions="1" time="0.030420"/>
        <testcase name="it_updates_a_comment" file="C:\Users\itsjo\Universidad\SAAC-UNA\backend\tests\Unit\CommentTest.php" line="34" class="Tests\Unit\CommentTest" classname="Tests.Unit.CommentTest" assertions="1" time="0.033047"/>
        <testcase name="it_deletes_a_comment" file="C:\Users\itsjo\Universidad\SAAC-UNA\backend\tests\Unit\CommentTest.php" line="43" class="Tests\Unit\CommentTest" classname="Tests.Unit.CommentTest" assertions="1" time="0.032962"/>
      </testsuite>
      <testsuite name="Tests\Unit\ComponentTest" file="C:\Users\itsjo\Universidad\SAAC-UNA\backend\tests\Unit\ComponentTest.php" tests="6" assertions="6" errors="0" failures="0" skipped="0" time="0.297882">
        <testcase name="it_creates_a_component" file="C:\Users\itsjo\Universidad\SAAC-UNA\backend\tests\Unit\ComponentTest.php" line="14" class="Tests\Unit\ComponentTest" classname="Tests.Unit.ComponentTest" assertions="1" time="0.086955"/>
        <testcase name="it_requires_nombre_field" file="C:\Users\itsjo\Universidad\SAAC-UNA\backend\tests\Unit\ComponentTest.php" line="29" class="Tests\Unit\ComponentTest" classname="Tests.Unit.ComponentTest" assertions="1" time="0.037841"/>
        <testcase name="it_updates_a_component" file="C:\Users\itsjo\Universidad\SAAC-UNA\backend\tests\Unit\ComponentTest.php" line="41" class="Tests\Unit\ComponentTest" classname="Tests.Unit.ComponentTest" assertions="1" time="0.040278"/>
        <testcase name="it_deletes_a_component" file="C:\Users\itsjo\Universidad\SAAC-UNA\backend\tests\Unit\ComponentTest.php" line="54" class="Tests\Unit\ComponentTest" classname="Tests.Unit.ComponentTest" assertions="1" time="0.050472"/>
        <testcase name="a_component_belongs_to_dimension" file="C:\Users\itsjo\Universidad\SAAC-UNA\backend\tests\Unit\ComponentTest.php" line="66" class="Tests\Unit\ComponentTest" classname="Tests.Unit.ComponentTest" assertions="1" time="0.046854"/>
        <testcase name="a_component_has_many_criteria" file="C:\Users\itsjo\Universidad\SAAC-UNA\backend\tests\Unit\ComponentTest.php" line="75" class="Tests\Unit\ComponentTest" classname="Tests.Unit.ComponentTest" assertions="1" time="0.035483"/>
      </testsuite>
      <testsuite name="Tests\Unit\CriterionTest" file="C:\Users\itsjo\Universidad\SAAC-UNA\backend\tests\Unit\CriterionTest.php" tests="6" assertions="6" errors="0" failures="0" skipped="0" time="0.228753">
        <testcase name="it_creates_a_criterion" file="C:\Users\itsjo\Universidad\SAAC-UNA\backend\tests\Unit\CriterionTest.php" line="14" class="Tests\Unit\CriterionTest" classname="Tests.Unit.CriterionTest" assertions="1" time="0.041758"/>
        <testcase name="it_requires_descripcion_field" file="C:\Users\itsjo\Universidad\SAAC-UNA\backend\tests\Unit\CriterionTest.php" line="31" class="Tests\Unit\CriterionTest" classname="Tests.Unit.CriterionTest" assertions="1" time="0.035801"/>
        <testcase name="it_updates_a_criterion" file="C:\Users\itsjo\Universidad\SAAC-UNA\backend\tests\Unit\CriterionTest.php" line="46" class="Tests\Unit\CriterionTest" classname="Tests.Unit.CriterionTest" assertions="1" time="0.035293"/>
        <testcase name="it_deletes_a_criterion" file="C:\Users\itsjo\Universidad\SAAC-UNA\backend\tests\Unit\CriterionTest.php" line="62" class="Tests\Unit\CriterionTest" classname="Tests.Unit.CriterionTest" assertions="1" time="0.049236"/>
        <testcase name="a_criterion_belongs_to_component" file="C:\Users\itsjo\Universidad\SAAC-UNA\backend\tests\Unit\CriterionTest.php" line="77" class="Tests\Unit\CriterionTest" classname="Tests.Unit.CriterionTest" assertions="1" time="0.031371"/>
        <testcase name="a_criterion_has_many_evidences" file="C:\Users\itsjo\Universidad\SAAC-UNA\backend\tests\Unit\CriterionTest.php" line="89" class="Tests\Unit\CriterionTest" classname="Tests.Unit.CriterionTest" assertions="1" time="0.035294"/>
      </testsuite>
      <testsuite name="Tests\Unit\DimensionTest" file="C:\Users\itsjo\Universidad\SAAC-UNA\backend\tests\Unit\DimensionTest.php" tests="5" assertions="5" errors="0" failures="0" skipped="0" time="0.151856">
        <testcase name="it_creates_a_dimension" file="C:\Users\itsjo\Universidad\SAAC-UNA\backend\tests\Unit\DimensionTest.php" line="14" class="Tests\Unit\DimensionTest" classname="Tests.Unit.DimensionTest" assertions="1" time="0.040422"/>
        <testcase name="it_requires_nombre_field" file="C:\Users\itsjo\Universidad\SAAC-UNA\backend\tests\Unit\DimensionTest.php" line="29" class="Tests\Unit\DimensionTest" classname="Tests.Unit.DimensionTest" assertions="1" time="0.033899"/>
        <testcase name="it_updates_a_dimension" file="C:\Users\itsjo\Universidad\SAAC-UNA\backend\tests\Unit\DimensionTest.php" line="41" class="Tests\Unit\DimensionTest" classname="Tests.Unit.DimensionTest" assertions="1" time="0.028767"/>
        <testcase name="it_deletes_a_dimension" file="C:\Users\itsjo\Universidad\SAAC-UNA\backend\tests\Unit\DimensionTest.php" line="54" class="Tests\Unit\DimensionTest" classname="Tests.Unit.DimensionTest" assertions="1" time="0.020722"/>
        <testcase name="a_dimension_has_many_components" file="C:\Users\itsjo\Universidad\SAAC-UNA\backend\tests\Unit\DimensionTest.php" line="66" class="Tests\Unit\DimensionTest" classname="Tests.Unit.DimensionTest" assertions="1" time="0.028046"/>
      </testsuite>
      <testsuite name="Tests\Unit\EvidenceStateTest" file="C:\Users\itsjo\Universidad\SAAC-UNA\backend\tests\Unit\EvidenceStateTest.php" tests="5" assertions="5" errors="0" failures="0" skipped="0" time="0.148939">
        <testcase name="an_evidence_state_has_many_evidences" file="C:\Users\itsjo\Universidad\SAAC-UNA\backend\tests\Unit\EvidenceStateTest.php" line="14" class="Tests\Unit\EvidenceStateTest" classname="Tests.Unit.EvidenceStateTest" assertions="1" time="0.030981"/>
        <testcase name="it_creates_an_evidence_state" file="C:\Users\itsjo\Universidad\SAAC-UNA\backend\tests\Unit\EvidenceStateTest.php" line="33" class="Tests\Unit\EvidenceStateTest" classname="Tests.Unit.EvidenceStateTest" assertions="1" time="0.025849"/>
        <testcase name="it_requires_nombre_field" file="C:\Users\itsjo\Universidad\SAAC-UNA\backend\tests\Unit\EvidenceStateTest.php" line="45" class="Tests\Unit\EvidenceStateTest" classname="Tests.Unit.EvidenceStateTest" assertions="1" time="0.017484"/>
        <testcase name="it_updates_an_evidence_state" file="C:\Users\itsjo\Universidad\SAAC-UNA\backend\tests\Unit\EvidenceStateTest.php" line="52" class="Tests\Unit\EvidenceStateTest" classname="Tests.Unit.EvidenceStateTest" assertions="1" time="0.040262"/>
        <testcase name="it_deletes_an_evidence_state" file="C:\Users\itsjo\Universidad\SAAC-UNA\backend\tests\Unit\EvidenceStateTest.php" line="61" class="Tests\Unit\EvidenceStateTest" classname="Tests.Unit.EvidenceStateTest" assertions="1" time="0.034364"/>
      </testsuite>
      <testsuite name="Tests\Unit\EvidenceTest" file="C:\Users\itsjo\Universidad\SAAC-UNA\backend\tests\Unit\EvidenceTest.php" tests="5" assertions="5" errors="0" failures="0" skipped="0" time="0.145249">
        <testcase name="it_creates_evidence" file="C:\Users\itsjo\Universidad\SAAC-UNA\backend\tests\Unit\EvidenceTest.php" line="14" class="Tests\Unit\EvidenceTest" classname="Tests.Unit.EvidenceTest" assertions="1" time="0.028393"/>
        <testcase name="it_requires_descripcion_field" file="C:\Users\itsjo\Universidad\SAAC-UNA\backend\tests\Unit\EvidenceTest.php" line="36" class="Tests\Unit\EvidenceTest" classname="Tests.Unit.EvidenceTest" assertions="1" time="0.024150"/>
        <testcase name="it_updates_evidence" file="C:\Users\itsjo\Universidad\SAAC-UNA\backend\tests\Unit\EvidenceTest.php" line="56" class="Tests\Unit\EvidenceTest" classname="Tests.Unit.EvidenceTest" assertions="1" time="0.027138"/>
        <testcase name="it_deletes_evidence" file="C:\Users\itsjo\Universidad\SAAC-UNA\backend\tests\Unit\EvidenceTest.php" line="77" class="Tests\Unit\EvidenceTest" classname="Tests.Unit.EvidenceTest" assertions="1" time="0.025452"/>
        <testcase name="evidence_belongs_to_criterion" file="C:\Users\itsjo\Universidad\SAAC-UNA\backend\tests\Unit\EvidenceTest.php" line="97" class="Tests\Unit\EvidenceTest" classname="Tests.Unit.EvidenceTest" assertions="1" time="0.040115"/>
      </testsuite>
      <testsuite name="Tests\Unit\FacultyTest" file="C:\Users\itsjo\Universidad\SAAC-UNA\backend\tests\Unit\FacultyTest.php" tests="5" assertions="5" errors="0" failures="0" skipped="0" time="0.161596">
        <testcase name="it_creates_a_faculty" file="C:\Users\itsjo\Universidad\SAAC-UNA\backend\tests\Unit\FacultyTest.php" line="14" class="Tests\Unit\FacultyTest" classname="Tests.Unit.FacultyTest" assertions="1" time="0.032326"/>
        <testcase name="it_requires_nombre_field" file="C:\Users\itsjo\Universidad\SAAC-UNA\backend\tests\Unit\FacultyTest.php" line="32" class="Tests\Unit\FacultyTest" classname="Tests.Unit.FacultyTest" assertions="1" time="0.035268"/>
        <testcase name="it_updates_a_faculty" file="C:\Users\itsjo\Universidad\SAAC-UNA\backend\tests\Unit\FacultyTest.php" line="48" class="Tests\Unit\FacultyTest" classname="Tests.Unit.FacultyTest" assertions="1" time="0.030425"/>
        <testcase name="it_deletes_a_faculty" file="C:\Users\itsjo\Universidad\SAAC-UNA\backend\tests\Unit\FacultyTest.php" line="65" class="Tests\Unit\FacultyTest" classname="Tests.Unit.FacultyTest" assertions="1" time="0.030967"/>
        <testcase name="a_faculty_belongs_to_university" file="C:\Users\itsjo\Universidad\SAAC-UNA\backend\tests\Unit\FacultyTest.php" line="81" class="Tests\Unit\FacultyTest" classname="Tests.Unit.FacultyTest" assertions="1" time="0.032610"/>
      </testsuite>
      <testsuite name="Tests\Unit\ImprovementCommitmentTest" file="C:\Users\itsjo\Universidad\SAAC-UNA\backend\tests\Unit\ImprovementCommitmentTest.php" tests="5" assertions="5" errors="0" failures="0" skipped="0" time="0.196022">
        <testcase name="an_improvement_commitment_belongs_to_process" file="C:\Users\itsjo\Universidad\SAAC-UNA\backend\tests\Unit\ImprovementCommitmentTest.php" line="14" class="Tests\Unit\ImprovementCommitmentTest" classname="Tests.Unit.ImprovementCommitmentTest" assertions="1" time="0.055975"/>
        <testcase name="it_creates_an_improvement_commitment" file="C:\Users\itsjo\Universidad\SAAC-UNA\backend\tests\Unit\ImprovementCommitmentTest.php" line="33" class="Tests\Unit\ImprovementCommitmentTest" classname="Tests.Unit.ImprovementCommitmentTest" assertions="1" time="0.044904"/>
        <testcase name="it_requires_proceso_id_field" file="C:\Users\itsjo\Universidad\SAAC-UNA\backend\tests\Unit\ImprovementCommitmentTest.php" line="56" class="Tests\Unit\ImprovementCommitmentTest" classname="Tests.Unit.ImprovementCommitmentTest" assertions="1" time="0.023582"/>
        <testcase name="it_updates_an_improvement_commitment" file="C:\Users\itsjo\Universidad\SAAC-UNA\backend\tests\Unit\ImprovementCommitmentTest.php" line="63" class="Tests\Unit\ImprovementCommitmentTest" classname="Tests.Unit.ImprovementCommitmentTest" assertions="1" time="0.044248"/>
        <testcase name="it_deletes_an_improvement_commitment" file="C:\Users\itsjo\Universidad\SAAC-UNA\backend\tests\Unit\ImprovementCommitmentTest.php" line="97" class="Tests\Unit\ImprovementCommitmentTest" classname="Tests.Unit.ImprovementCommitmentTest" assertions="1" time="0.027313"/>
      </testsuite>
      <testsuite name="Tests\Unit\ProcessTest" file="C:\Users\itsjo\Universidad\SAAC-UNA\backend\tests\Unit\ProcessTest.php" tests="7" assertions="7" errors="0" failures="0" skipped="0" time="0.265939">
        <testcase name="a_process_belongs_to_accreditation_cycle" file="C:\Users\itsjo\Universidad\SAAC-UNA\backend\tests\Unit\ProcessTest.php" line="14" class="Tests\Unit\ProcessTest" classname="Tests.Unit.ProcessTest" assertions="1" time="0.034727"/>
        <testcase name="a_process_has_one_autoevaluation" file="C:\Users\itsjo\Universidad\SAAC-UNA\backend\tests\Unit\ProcessTest.php" line="30" class="Tests\Unit\ProcessTest" classname="Tests.Unit.ProcessTest" assertions="1" time="0.052789"/>
        <testcase name="a_process_has_one_improvement_commitment" file="C:\Users\itsjo\Universidad\SAAC-UNA\backend\tests\Unit\ProcessTest.php" line="49" class="Tests\Unit\ProcessTest" classname="Tests.Unit.ProcessTest" assertions="1" time="0.030550"/>
        <testcase name="it_creates_a_process" file="C:\Users\itsjo\Universidad\SAAC-UNA\backend\tests\Unit\ProcessTest.php" line="68" class="Tests\Unit\ProcessTest" classname="Tests.Unit.ProcessTest" assertions="1" time="0.029628"/>
        <testcase name="it_requires_ciclo_acreditacion_id_field" file="C:\Users\itsjo\Universidad\SAAC-UNA\backend\tests\Unit\ProcessTest.php" line="89" class="Tests\Unit\ProcessTest" classname="Tests.Unit.ProcessTest" assertions="1" time="0.024223"/>
        <testcase name="it_updates_a_process" file="C:\Users\itsjo\Universidad\SAAC-UNA\backend\tests\Unit\ProcessTest.php" line="96" class="Tests\Unit\ProcessTest" classname="Tests.Unit.ProcessTest" assertions="1" time="0.043976"/>
        <testcase name="it_deletes_a_process" file="C:\Users\itsjo\Universidad\SAAC-UNA\backend\tests\Unit\ProcessTest.php" line="124" class="Tests\Unit\ProcessTest" classname="Tests.Unit.ProcessTest" assertions="1" time="0.050046"/>
      </testsuite>
      <testsuite name="Tests\Unit\RoleTest" file="C:\Users\itsjo\Universidad\SAAC-UNA\backend\tests\Unit\RoleTest.php" tests="4" assertions="4" errors="0" failures="0" skipped="0" time="0.142163">
        <testcase name="it_creates_a_role" file="C:\Users\itsjo\Universidad\SAAC-UNA\backend\tests\Unit\RoleTest.php" line="14" class="Tests\Unit\RoleTest" classname="Tests.Unit.RoleTest" assertions="1" time="0.044291"/>
        <testcase name="it_requires_name_field" file="C:\Users\itsjo\Universidad\SAAC-UNA\backend\tests\Unit\RoleTest.php" line="26" class="Tests\Unit\RoleTest" classname="Tests.Unit.RoleTest" assertions="1" time="0.023961"/>
        <testcase name="it_updates_a_role" file="C:\Users\itsjo\Universidad\SAAC-UNA\backend\tests\Unit\RoleTest.php" line="34" class="Tests\Unit\RoleTest" classname="Tests.Unit.RoleTest" assertions="1" time="0.044720"/>
        <testcase name="it_deletes_a_role" file="C:\Users\itsjo\Universidad\SAAC-UNA\backend\tests\Unit\RoleTest.php" line="43" class="Tests\Unit\RoleTest" classname="Tests.Unit.RoleTest" assertions="1" time="0.029192"/>
      </testsuite>
      <testsuite name="Tests\Unit\RoleUnitTest" file="C:\Users\itsjo\Universidad\SAAC-UNA\backend\tests\Unit\RoleUnitTest.php" tests="6" assertions="13" errors="0" failures="0" skipped="0" time="0.322407">
        <testcase name="createRoleSuccessfully" file="C:\Users\itsjo\Universidad\SAAC-UNA\backend\tests\Unit\RoleUnitTest.php" line="42" class="Tests\Unit\RoleUnitTest" classname="Tests.Unit.RoleUnitTest" assertions="3" time="0.085891"/>
        <testcase name="updateRoleSuccessfully" file="C:\Users\itsjo\Universidad\SAAC-UNA\backend\tests\Unit\RoleUnitTest.php" line="59" class="Tests\Unit\RoleUnitTest" classname="Tests.Unit.RoleUnitTest" assertions="2" time="0.038615"/>
        <testcase name="deleteRoleSuccessfully" file="C:\Users\itsjo\Universidad\SAAC-UNA\backend\tests\Unit\RoleUnitTest.php" line="81" class="Tests\Unit\RoleUnitTest" classname="Tests.Unit.RoleUnitTest" assertions="1" time="0.047926"/>
        <testcase name="listRolesSuccessfully" file="C:\Users\itsjo\Universidad\SAAC-UNA\backend\tests\Unit\RoleUnitTest.php" line="98" class="Tests\Unit\RoleUnitTest" classname="Tests.Unit.RoleUnitTest" assertions="3" time="0.045802"/>
        <testcase name="getRoleByIdSuccessfully" file="C:\Users\itsjo\Universidad\SAAC-UNA\backend\tests\Unit\RoleUnitTest.php" line="117" class="Tests\Unit\RoleUnitTest" classname="Tests.Unit.RoleUnitTest" assertions="3" time="0.052177"/>
        <testcase name="listPermissionsSuccessfully" file="C:\Users\itsjo\Universidad\SAAC-UNA\backend\tests\Unit\RoleUnitTest.php" line="136" class="Tests\Unit\RoleUnitTest" classname="Tests.Unit.RoleUnitTest" assertions="1" time="0.051996"/>
      </testsuite>
      <testsuite name="Tests\Unit\StandardTest" file="C:\Users\itsjo\Universidad\SAAC-UNA\backend\tests\Unit\StandardTest.php" tests="5" assertions="5" errors="0" failures="0" skipped="0" time="0.188649">
        <testcase name="it_creates_a_standard" file="C:\Users\itsjo\Universidad\SAAC-UNA\backend\tests\Unit\StandardTest.php" line="14" class="Tests\Unit\StandardTest" classname="Tests.Unit.StandardTest" assertions="1" time="0.044282"/>
        <testcase name="it_requires_descripcion_field" file="C:\Users\itsjo\Universidad\SAAC-UNA\backend\tests\Unit\StandardTest.php" line="33" class="Tests\Unit\StandardTest" classname="Tests.Unit.StandardTest" assertions="1" time="0.025960"/>
        <testcase name="it_updates_a_standard" file="C:\Users\itsjo\Universidad\SAAC-UNA\backend\tests\Unit\StandardTest.php" line="51" class="Tests\Unit\StandardTest" classname="Tests.Unit.StandardTest" assertions="1" time="0.036065"/>
        <testcase name="it_deletes_a_standard" file="C:\Users\itsjo\Universidad\SAAC-UNA\backend\tests\Unit\StandardTest.php" line="70" class="Tests\Unit\StandardTest" classname="Tests.Unit.StandardTest" assertions="1" time="0.052657"/>
        <testcase name="a_standard_belongs_to_criterion" file="C:\Users\itsjo\Universidad\SAAC-UNA\backend\tests\Unit\StandardTest.php" line="88" class="Tests\Unit\StandardTest" classname="Tests.Unit.StandardTest" assertions="1" time="0.029684"/>
      </testsuite>
      <testsuite name="Tests\Unit\UniversityTest" file="C:\Users\itsjo\Universidad\SAAC-UNA\backend\tests\Unit\UniversityTest.php" tests="5" assertions="5" errors="0" failures="0" skipped="0" time="0.156923">
        <testcase name="it_creates_a_university" file="C:\Users\itsjo\Universidad\SAAC-UNA\backend\tests\Unit\UniversityTest.php" line="14" class="Tests\Unit\UniversityTest" classname="Tests.Unit.UniversityTest" assertions="1" time="0.024182"/>
        <testcase name="it_requires_nombre_field" file="C:\Users\itsjo\Universidad\SAAC-UNA\backend\tests\Unit\UniversityTest.php" line="26" class="Tests\Unit\UniversityTest" classname="Tests.Unit.UniversityTest" assertions="1" time="0.026079"/>
        <testcase name="it_updates_a_university" file="C:\Users\itsjo\Universidad\SAAC-UNA\backend\tests\Unit\UniversityTest.php" line="34" class="Tests\Unit\UniversityTest" classname="Tests.Unit.UniversityTest" assertions="1" time="0.034617"/>
        <testcase name="it_deletes_a_university" file="C:\Users\itsjo\Universidad\SAAC-UNA\backend\tests\Unit\UniversityTest.php" line="43" class="Tests\Unit\UniversityTest" classname="Tests.Unit.UniversityTest" assertions="1" time="0.039896"/>
        <testcase name="a_university_has_many_faculties" file="C:\Users\itsjo\Universidad\SAAC-UNA\backend\tests\Unit\UniversityTest.php" line="52" class="Tests\Unit\UniversityTest" classname="Tests.Unit.UniversityTest" assertions="1" time="0.032148"/>
      </testsuite>
      <testsuite name="Tests\Unit\UserTest" file="C:\Users\itsjo\Universidad\SAAC-UNA\backend\tests\Unit\UserTest.php" tests="5" assertions="5" errors="0" failures="0" skipped="0" time="0.166517">
        <testcase name="it_creates_a_user" file="C:\Users\itsjo\Universidad\SAAC-UNA\backend\tests\Unit\UserTest.php" line="14" class="Tests\Unit\UserTest" classname="Tests.Unit.UserTest" assertions="1" time="0.028244"/>
        <testcase name="it_requires_nombre_field" file="C:\Users\itsjo\Universidad\SAAC-UNA\backend\tests\Unit\UserTest.php" line="30" class="Tests\Unit\UserTest" classname="Tests.Unit.UserTest" assertions="1" time="0.030798"/>
        <testcase name="it_requires_email_field" file="C:\Users\itsjo\Universidad\SAAC-UNA\backend\tests\Unit\UserTest.php" line="38" class="Tests\Unit\UserTest" classname="Tests.Unit.UserTest" assertions="1" time="0.031162"/>
        <testcase name="it_updates_a_user" file="C:\Users\itsjo\Universidad\SAAC-UNA\backend\tests\Unit\UserTest.php" line="46" class="Tests\Unit\UserTest" classname="Tests.Unit.UserTest" assertions="1" time="0.035075"/>
        <testcase name="it_deletes_a_user" file="C:\Users\itsjo\Universidad\SAAC-UNA\backend\tests\Unit\UserTest.php" line="55" class="Tests\Unit\UserTest" classname="Tests.Unit.UserTest" assertions="1" time="0.041239"/>
      </testsuite>
    </testsuite>
    <testsuite name="Feature" tests="91" assertions="275" errors="0" failures="0" skipped="0" time="3.458458">
      <testsuite name="Tests\Feature\AccreditationCycleFeatureTest" file="C:\Users\itsjo\Universidad\SAAC-UNA\backend\tests\Feature\AccreditationCycleFeatureTest.php" tests="1" assertions="2" errors="0" failures="0" skipped="0" time="0.044319">
        <testcase name="it_can_create_and_retrieve_an_accreditation_cycle" file="C:\Users\itsjo\Universidad\SAAC-UNA\backend\tests\Feature\AccreditationCycleFeatureTest.php" line="14" class="Tests\Feature\AccreditationCycleFeatureTest" classname="Tests.Feature.AccreditationCycleFeatureTest" assertions="2" time="0.044319"/>
      </testsuite>
      <testsuite name="Tests\Feature\ActionTypeFeatureTest" file="C:\Users\itsjo\Universidad\SAAC-UNA\backend\tests\Feature\ActionTypeFeatureTest.php" tests="1" assertions="2" errors="0" failures="0" skipped="0" time="0.024767">
        <testcase name="it_can_create_and_retrieve_an_action_type" file="C:\Users\itsjo\Universidad\SAAC-UNA\backend\tests\Feature\ActionTypeFeatureTest.php" line="14" class="Tests\Feature\ActionTypeFeatureTest" classname="Tests.Feature.ActionTypeFeatureTest" assertions="2" time="0.024767"/>
      </testsuite>
      <testsuite name="Tests\Feature\AuditLogFeatureTest" file="C:\Users\itsjo\Universidad\SAAC-UNA\backend\tests\Feature\AuditLogFeatureTest.php" tests="1" assertions="2" errors="0" failures="0" skipped="0" time="0.027504">
        <testcase name="it_can_create_and_retrieve_an_audit_log" file="C:\Users\itsjo\Universidad\SAAC-UNA\backend\tests\Feature\AuditLogFeatureTest.php" line="14" class="Tests\Feature\AuditLogFeatureTest" classname="Tests.Feature.AuditLogFeatureTest" assertions="2" time="0.027504"/>
      </testsuite>
      <testsuite name="Tests\Feature\AutoevaluationFeatureTest" file="C:\Users\itsjo\Universidad\SAAC-UNA\backend\tests\Feature\AutoevaluationFeatureTest.php" tests="1" assertions="2" errors="0" failures="0" skipped="0" time="0.031068">
        <testcase name="it_can_create_and_retrieve_an_autoevaluation" file="C:\Users\itsjo\Universidad\SAAC-UNA\backend\tests\Feature\AutoevaluationFeatureTest.php" line="14" class="Tests\Feature\AutoevaluationFeatureTest" classname="Tests.Feature.AutoevaluationFeatureTest" assertions="2" time="0.031068"/>
      </testsuite>
      <testsuite name="Tests\Feature\CampusEndpointsTest" file="C:\Users\itsjo\Universidad\SAAC-UNA\backend\tests\Feature\CampusEndpointsTest.php" tests="6" assertions="15" errors="0" failures="0" skipped="0" time="0.241045">
        <testcase name="index_devuelve_lista_de_campus" file="C:\Users\itsjo\Universidad\SAAC-UNA\backend\tests\Feature\CampusEndpointsTest.php" line="19" class="Tests\Feature\CampusEndpointsTest" classname="Tests.Feature.CampusEndpointsTest" assertions="2" time="0.053543"/>
        <testcase name="show_devuelve_un_campus_existente" file="C:\Users\itsjo\Universidad\SAAC-UNA\backend\tests\Feature\CampusEndpointsTest.php" line="30" class="Tests\Feature\CampusEndpointsTest" classname="Tests.Feature.CampusEndpointsTest" assertions="3" time="0.041917"/>
        <testcase name="show_devuelve_404_si_no_existe" file="C:\Users\itsjo\Universidad\SAAC-UNA\backend\tests\Feature\CampusEndpointsTest.php" line="43" class="Tests\Feature\CampusEndpointsTest" classname="Tests.Feature.CampusEndpointsTest" assertions="1" time="0.031857"/>
        <testcase name="store_crea_un_campus" file="C:\Users\itsjo\Universidad\SAAC-UNA\backend\tests\Feature\CampusEndpointsTest.php" line="49" class="Tests\Feature\CampusEndpointsTest" classname="Tests.Feature.CampusEndpointsTest" assertions="3" time="0.046365"/>
        <testcase name="update_actualiza_un_campus" file="C:\Users\itsjo\Universidad\SAAC-UNA\backend\tests\Feature\CampusEndpointsTest.php" line="67" class="Tests\Feature\CampusEndpointsTest" classname="Tests.Feature.CampusEndpointsTest" assertions="3" time="0.036718"/>
        <testcase name="destroy_elimina_un_campus" file="C:\Users\itsjo\Universidad\SAAC-UNA\backend\tests\Feature\CampusEndpointsTest.php" line="87" class="Tests\Feature\CampusEndpointsTest" classname="Tests.Feature.CampusEndpointsTest" assertions="3" time="0.030646"/>
      </testsuite>
      <testsuite name="Tests\Feature\CampusFeatureTest" file="C:\Users\itsjo\Universidad\SAAC-UNA\backend\tests\Feature\CampusFeatureTest.php" tests="1" assertions="2" errors="0" failures="0" skipped="0" time="0.043251">
        <testcase name="it_can_create_and_retrieve_a_campus" file="C:\Users\itsjo\Universidad\SAAC-UNA\backend\tests\Feature\CampusFeatureTest.php" line="14" class="Tests\Feature\CampusFeatureTest" classname="Tests.Feature.CampusFeatureTest" assertions="2" time="0.043251"/>
      </testsuite>
      <testsuite name="Tests\Feature\CareerCampusFeatureTest" file="C:\Users\itsjo\Universidad\SAAC-UNA\backend\tests\Feature\CareerCampusFeatureTest.php" tests="1" assertions="2" errors="0" failures="0" skipped="0" time="0.030358">
        <testcase name="it_can_create_and_retrieve_a_career_campus" file="C:\Users\itsjo\Universidad\SAAC-UNA\backend\tests\Feature\CareerCampusFeatureTest.php" line="14" class="Tests\Feature\CareerCampusFeatureTest" classname="Tests.Feature.CareerCampusFeatureTest" assertions="2" time="0.030358"/>
      </testsuite>
      <testsuite name="Tests\Feature\CareerFeatureTest" file="C:\Users\itsjo\Universidad\SAAC-UNA\backend\tests\Feature\CareerFeatureTest.php" tests="6" assertions="15" errors="0" failures="0" skipped="0" time="0.221794">
        <testcase name="index_devuelve_lista_de_carreras" file="C:\Users\itsjo\Universidad\SAAC-UNA\backend\tests\Feature\CareerFeatureTest.php" line="29" class="Tests\Feature\CareerFeatureTest" classname="Tests.Feature.CareerFeatureTest" assertions="2" time="0.033219"/>
        <testcase name="show_devuelve_una_carrera_existente" file="C:\Users\itsjo\Universidad\SAAC-UNA\backend\tests\Feature\CareerFeatureTest.php" line="39" class="Tests\Feature\CareerFeatureTest" classname="Tests.Feature.CareerFeatureTest" assertions="3" time="0.024592"/>
        <testcase name="show_devuelve_404_si_no_existe" file="C:\Users\itsjo\Universidad\SAAC-UNA\backend\tests\Feature\CareerFeatureTest.php" line="52" class="Tests\Feature\CareerFeatureTest" classname="Tests.Feature.CareerFeatureTest" assertions="1" time="0.030868"/>
        <testcase name="store_crea_una_carrera" file="C:\Users\itsjo\Universidad\SAAC-UNA\backend\tests\Feature\CareerFeatureTest.php" line="58" class="Tests\Feature\CareerFeatureTest" classname="Tests.Feature.CareerFeatureTest" assertions="3" time="0.056750"/>
        <testcase name="update_actualiza_una_carrera" file="C:\Users\itsjo\Universidad\SAAC-UNA\backend\tests\Feature\CareerFeatureTest.php" line="75" class="Tests\Feature\CareerFeatureTest" classname="Tests.Feature.CareerFeatureTest" assertions="3" time="0.043057"/>
        <testcase name="destroy_elimina_una_carrera" file="C:\Users\itsjo\Universidad\SAAC-UNA\backend\tests\Feature\CareerFeatureTest.php" line="95" class="Tests\Feature\CareerFeatureTest" classname="Tests.Feature.CareerFeatureTest" assertions="3" time="0.033307"/>
      </testsuite>
      <testsuite name="Tests\Feature\CommentFeatureTest" file="C:\Users\itsjo\Universidad\SAAC-UNA\backend\tests\Feature\CommentFeatureTest.php" tests="1" assertions="2" errors="0" failures="0" skipped="0" time="0.038942">
        <testcase name="it_can_create_and_retrieve_a_comment" file="C:\Users\itsjo\Universidad\SAAC-UNA\backend\tests\Feature\CommentFeatureTest.php" line="14" class="Tests\Feature\CommentFeatureTest" classname="Tests.Feature.CommentFeatureTest" assertions="2" time="0.038942"/>
      </testsuite>
      <testsuite name="Tests\Feature\ComponentFeatureTest" file="C:\Users\itsjo\Universidad\SAAC-UNA\backend\tests\Feature\ComponentFeatureTest.php" tests="8" assertions="24" errors="0" failures="0" skipped="0" time="0.286368">
        <testcase name="index_devuelve_lista_de_componentes" file="C:\Users\itsjo\Universidad\SAAC-UNA\backend\tests\Feature\ComponentFeatureTest.php" line="17" class="Tests\Feature\ComponentFeatureTest" classname="Tests.Feature.ComponentFeatureTest" assertions="2" time="0.041968"/>
        <testcase name="show_devuelve_un_componente_existente" file="C:\Users\itsjo\Universidad\SAAC-UNA\backend\tests\Feature\ComponentFeatureTest.php" line="27" class="Tests\Feature\ComponentFeatureTest" classname="Tests.Feature.ComponentFeatureTest" assertions="3" time="0.042244"/>
        <testcase name="show_devuelve_404_si_no_existe" file="C:\Users\itsjo\Universidad\SAAC-UNA\backend\tests\Feature\ComponentFeatureTest.php" line="45" class="Tests\Feature\ComponentFeatureTest" classname="Tests.Feature.ComponentFeatureTest" assertions="1" time="0.043842"/>
        <testcase name="store_crea_un_componente" file="C:\Users\itsjo\Universidad\SAAC-UNA\backend\tests\Feature\ComponentFeatureTest.php" line="51" class="Tests\Feature\ComponentFeatureTest" classname="Tests.Feature.ComponentFeatureTest" assertions="3" time="0.041485"/>
        <testcase name="update_actualiza_un_componente" file="C:\Users\itsjo\Universidad\SAAC-UNA\backend\tests\Feature\ComponentFeatureTest.php" line="77" class="Tests\Feature\ComponentFeatureTest" classname="Tests.Feature.ComponentFeatureTest" assertions="3" time="0.030162"/>
        <testcase name="destroy_elimina_un_componente" file="C:\Users\itsjo\Universidad\SAAC-UNA\backend\tests\Feature\ComponentFeatureTest.php" line="102" class="Tests\Feature\ComponentFeatureTest" classname="Tests.Feature.ComponentFeatureTest" assertions="3" time="0.028621"/>
        <testcase name="store_falla_sin_campos_obligatorios" file="C:\Users\itsjo\Universidad\SAAC-UNA\backend\tests\Feature\ComponentFeatureTest.php" line="118" class="Tests\Feature\ComponentFeatureTest" classname="Tests.Feature.ComponentFeatureTest" assertions="5" time="0.026615"/>
        <testcase name="store_falla_con_dimension_inexistente" file="C:\Users\itsjo\Universidad\SAAC-UNA\backend\tests\Feature\ComponentFeatureTest.php" line="129" class="Tests\Feature\ComponentFeatureTest" classname="Tests.Feature.ComponentFeatureTest" assertions="4" time="0.031431"/>
      </testsuite>
      <testsuite name="Tests\Feature\CriterionFeatureTest" file="C:\Users\itsjo\Universidad\SAAC-UNA\backend\tests\Feature\CriterionFeatureTest.php" tests="8" assertions="24" errors="0" failures="0" skipped="0" time="0.399379">
        <testcase name="index_devuelve_lista_de_criterios" file="C:\Users\itsjo\Universidad\SAAC-UNA\backend\tests\Feature\CriterionFeatureTest.php" line="21" class="Tests\Feature\CriterionFeatureTest" classname="Tests.Feature.CriterionFeatureTest" assertions="2" time="0.042257"/>
        <testcase name="show_devuelve_un_criterio_existente" file="C:\Users\itsjo\Universidad\SAAC-UNA\backend\tests\Feature\CriterionFeatureTest.php" line="40" class="Tests\Feature\CriterionFeatureTest" classname="Tests.Feature.CriterionFeatureTest" assertions="3" time="0.034478"/>
        <testcase name="show_devuelve_404_si_no_existe" file="C:\Users\itsjo\Universidad\SAAC-UNA\backend\tests\Feature\CriterionFeatureTest.php" line="59" class="Tests\Feature\CriterionFeatureTest" classname="Tests.Feature.CriterionFeatureTest" assertions="1" time="0.019690"/>
        <testcase name="store_crea_un_criterio" file="C:\Users\itsjo\Universidad\SAAC-UNA\backend\tests\Feature\CriterionFeatureTest.php" line="65" class="Tests\Feature\CriterionFeatureTest" classname="Tests.Feature.CriterionFeatureTest" assertions="3" time="0.040474"/>
        <testcase name="update_actualiza_un_criterio" file="C:\Users\itsjo\Universidad\SAAC-UNA\backend\tests\Feature\CriterionFeatureTest.php" line="94" class="Tests\Feature\CriterionFeatureTest" classname="Tests.Feature.CriterionFeatureTest" assertions="3" time="0.036504"/>
        <testcase name="destroy_elimina_un_criterio" file="C:\Users\itsjo\Universidad\SAAC-UNA\backend\tests\Feature\CriterionFeatureTest.php" line="125" class="Tests\Feature\CriterionFeatureTest" classname="Tests.Feature.CriterionFeatureTest" assertions="3" time="0.167763"/>
        <testcase name="store_falla_sin_campos_obligatorios" file="C:\Users\itsjo\Universidad\SAAC-UNA\backend\tests\Feature\CriterionFeatureTest.php" line="146" class="Tests\Feature\CriterionFeatureTest" classname="Tests.Feature.CriterionFeatureTest" assertions="5" time="0.025576"/>
        <testcase name="store_falla_con_componente_inexistente" file="C:\Users\itsjo\Universidad\SAAC-UNA\backend\tests\Feature\CriterionFeatureTest.php" line="157" class="Tests\Feature\CriterionFeatureTest" classname="Tests.Feature.CriterionFeatureTest" assertions="4" time="0.032637"/>
      </testsuite>
      <testsuite name="Tests\Feature\DimensionFeatureTest" file="C:\Users\itsjo\Universidad\SAAC-UNA\backend\tests\Feature\DimensionFeatureTest.php" tests="6" assertions="15" errors="0" failures="0" skipped="0" time="0.203714">
        <testcase name="index_devuelve_lista_de_dimensiones" file="C:\Users\itsjo\Universidad\SAAC-UNA\backend\tests\Feature\DimensionFeatureTest.php" line="28" class="Tests\Feature\DimensionFeatureTest" classname="Tests.Feature.DimensionFeatureTest" assertions="2" time="0.035537"/>
        <testcase name="show_devuelve_una_dimension_existente" file="C:\Users\itsjo\Universidad\SAAC-UNA\backend\tests\Feature\DimensionFeatureTest.php" line="38" class="Tests\Feature\DimensionFeatureTest" classname="Tests.Feature.DimensionFeatureTest" assertions="3" time="0.027180"/>
        <testcase name="show_devuelve_404_si_no_existe" file="C:\Users\itsjo\Universidad\SAAC-UNA\backend\tests\Feature\DimensionFeatureTest.php" line="51" class="Tests\Feature\DimensionFeatureTest" classname="Tests.Feature.DimensionFeatureTest" assertions="1" time="0.026222"/>
        <testcase name="store_crea_una_dimension" file="C:\Users\itsjo\Universidad\SAAC-UNA\backend\tests\Feature\DimensionFeatureTest.php" line="57" class="Tests\Feature\DimensionFeatureTest" classname="Tests.Feature.DimensionFeatureTest" assertions="3" time="0.039003"/>
        <testcase name="update_actualiza_una_dimension" file="C:\Users\itsjo\Universidad\SAAC-UNA\backend\tests\Feature\DimensionFeatureTest.php" line="74" class="Tests\Feature\DimensionFeatureTest" classname="Tests.Feature.DimensionFeatureTest" assertions="3" time="0.031392"/>
        <testcase name="destroy_elimina_una_dimension" file="C:\Users\itsjo\Universidad\SAAC-UNA\backend\tests\Feature\DimensionFeatureTest.php" line="96" class="Tests\Feature\DimensionFeatureTest" classname="Tests.Feature.DimensionFeatureTest" assertions="3" time="0.044380"/>
      </testsuite>
      <testsuite name="Tests\Feature\EvidenceFeatureTest" file="C:\Users\itsjo\Universidad\SAAC-UNA\backend\tests\Feature\EvidenceFeatureTest.php" tests="7" assertions="27" errors="0" failures="0" skipped="0" time="0.260320">
        <testcase name="index_devuelve_lista_de_evidencias" file="C:\Users\itsjo\Universidad\SAAC-UNA\backend\tests\Feature\EvidenceFeatureTest.php" line="22" class="Tests\Feature\EvidenceFeatureTest" classname="Tests.Feature.EvidenceFeatureTest" assertions="2" time="0.042429"/>
        <testcase name="show_devuelve_una_evidencia_existente" file="C:\Users\itsjo\Universidad\SAAC-UNA\backend\tests\Feature\EvidenceFeatureTest.php" line="43" class="Tests\Feature\EvidenceFeatureTest" classname="Tests.Feature.EvidenceFeatureTest" assertions="4" time="0.040950"/>
        <testcase name="store_crea_una_evidencia" file="C:\Users\itsjo\Universidad\SAAC-UNA\backend\tests\Feature\EvidenceFeatureTest.php" line="73" class="Tests\Feature\EvidenceFeatureTest" classname="Tests.Feature.EvidenceFeatureTest" assertions="3" time="0.033779"/>
        <testcase name="update_actualiza_una_evidencia" file="C:\Users\itsjo\Universidad\SAAC-UNA\backend\tests\Feature\EvidenceFeatureTest.php" line="104" class="Tests\Feature\EvidenceFeatureTest" classname="Tests.Feature.EvidenceFeatureTest" assertions="3" time="0.032011"/>
        <testcase name="destroy_elimina_una_evidencia" file="C:\Users\itsjo\Universidad\SAAC-UNA\backend\tests\Feature\EvidenceFeatureTest.php" line="140" class="Tests\Feature\EvidenceFeatureTest" classname="Tests.Feature.EvidenceFeatureTest" assertions="3" time="0.047101"/>
        <testcase name="store_falla_sin_campos_obligatorios" file="C:\Users\itsjo\Universidad\SAAC-UNA\backend\tests\Feature\EvidenceFeatureTest.php" line="165" class="Tests\Feature\EvidenceFeatureTest" classname="Tests.Feature.EvidenceFeatureTest" assertions="7" time="0.032929"/>
        <testcase name="store_falla_con_fks_inexistentes" file="C:\Users\itsjo\Universidad\SAAC-UNA\backend\tests\Feature\EvidenceFeatureTest.php" line="176" class="Tests\Feature\EvidenceFeatureTest" classname="Tests.Feature.EvidenceFeatureTest" assertions="5" time="0.031121"/>
      </testsuite>
      <testsuite name="Tests\Feature\EvidenceStateFeatureTest" file="C:\Users\itsjo\Universidad\SAAC-UNA\backend\tests\Feature\EvidenceStateFeatureTest.php" tests="7" assertions="20" errors="0" failures="0" skipped="0" time="0.258568">
        <testcase name="index_devuelve_lista_de_estados_de_evidencia" file="C:\Users\itsjo\Universidad\SAAC-UNA\backend\tests\Feature\EvidenceStateFeatureTest.php" line="18" class="Tests\Feature\EvidenceStateFeatureTest" classname="Tests.Feature.EvidenceStateFeatureTest" assertions="3" time="0.032432"/>
        <testcase name="show_devuelve_un_estado_de_evidencia_existente" file="C:\Users\itsjo\Universidad\SAAC-UNA\backend\tests\Feature\EvidenceStateFeatureTest.php" line="33" class="Tests\Feature\EvidenceStateFeatureTest" classname="Tests.Feature.EvidenceStateFeatureTest" assertions="4" time="0.027734"/>
        <testcase name="show_devuelve_404_si_no_existe" file="C:\Users\itsjo\Universidad\SAAC-UNA\backend\tests\Feature\EvidenceStateFeatureTest.php" line="51" class="Tests\Feature\EvidenceStateFeatureTest" classname="Tests.Feature.EvidenceStateFeatureTest" assertions="1" time="0.028444"/>
        <testcase name="store_crea_un_estado_de_evidencia" file="C:\Users\itsjo\Universidad\SAAC-UNA\backend\tests\Feature\EvidenceStateFeatureTest.php" line="57" class="Tests\Feature\EvidenceStateFeatureTest" classname="Tests.Feature.EvidenceStateFeatureTest" assertions="3" time="0.036786"/>
        <testcase name="update_actualiza_un_estado_de_evidencia" file="C:\Users\itsjo\Universidad\SAAC-UNA\backend\tests\Feature\EvidenceStateFeatureTest.php" line="72" class="Tests\Feature\EvidenceStateFeatureTest" classname="Tests.Feature.EvidenceStateFeatureTest" assertions="3" time="0.037763"/>
        <testcase name="destroy_elimina_un_estado_de_evidencia" file="C:\Users\itsjo\Universidad\SAAC-UNA\backend\tests\Feature\EvidenceStateFeatureTest.php" line="90" class="Tests\Feature\EvidenceStateFeatureTest" classname="Tests.Feature.EvidenceStateFeatureTest" assertions="3" time="0.051887"/>
        <testcase name="store_falla_sin_nombre" file="C:\Users\itsjo\Universidad\SAAC-UNA\backend\tests\Feature\EvidenceStateFeatureTest.php" line="104" class="Tests\Feature\EvidenceStateFeatureTest" classname="Tests.Feature.EvidenceStateFeatureTest" assertions="3" time="0.043522"/>
      </testsuite>
      <testsuite name="Tests\Feature\FacultyFeatureTest" file="C:\Users\itsjo\Universidad\SAAC-UNA\backend\tests\Feature\FacultyFeatureTest.php" tests="5" assertions="13" errors="0" failures="0" skipped="0" time="0.183277">
        <testcase name="show_devuelve_una_facultad_existente" file="C:\Users\itsjo\Universidad\SAAC-UNA\backend\tests\Feature\FacultyFeatureTest.php" line="36" class="Tests\Feature\FacultyFeatureTest" classname="Tests.Feature.FacultyFeatureTest" assertions="3" time="0.037040"/>
        <testcase name="show_devuelve_404_si_no_existe" file="C:\Users\itsjo\Universidad\SAAC-UNA\backend\tests\Feature\FacultyFeatureTest.php" line="48" class="Tests\Feature\FacultyFeatureTest" classname="Tests.Feature.FacultyFeatureTest" assertions="1" time="0.022954"/>
        <testcase name="store_crea_una_facultad" file="C:\Users\itsjo\Universidad\SAAC-UNA\backend\tests\Feature\FacultyFeatureTest.php" line="54" class="Tests\Feature\FacultyFeatureTest" classname="Tests.Feature.FacultyFeatureTest" assertions="3" time="0.043322"/>
        <testcase name="update_actualiza_una_facultad" file="C:\Users\itsjo\Universidad\SAAC-UNA\backend\tests\Feature\FacultyFeatureTest.php" line="76" class="Tests\Feature\FacultyFeatureTest" classname="Tests.Feature.FacultyFeatureTest" assertions="3" time="0.049597"/>
        <testcase name="destroy_elimina_una_facultad" file="C:\Users\itsjo\Universidad\SAAC-UNA\backend\tests\Feature\FacultyFeatureTest.php" line="97" class="Tests\Feature\FacultyFeatureTest" classname="Tests.Feature.FacultyFeatureTest" assertions="3" time="0.030365"/>
      </testsuite>
      <testsuite name="Tests\Feature\ImprovementCommitmentFeatureTest" file="C:\Users\itsjo\Universidad\SAAC-UNA\backend\tests\Feature\ImprovementCommitmentFeatureTest.php" tests="1" assertions="2" errors="0" failures="0" skipped="0" time="0.029987">
        <testcase name="it_can_create_and_retrieve_an_improvement_commitment" file="C:\Users\itsjo\Universidad\SAAC-UNA\backend\tests\Feature\ImprovementCommitmentFeatureTest.php" line="14" class="Tests\Feature\ImprovementCommitmentFeatureTest" classname="Tests.Feature.ImprovementCommitmentFeatureTest" assertions="2" time="0.029987"/>
      </testsuite>
      <testsuite name="Tests\Feature\ProcessFeatureTest" file="C:\Users\itsjo\Universidad\SAAC-UNA\backend\tests\Feature\ProcessFeatureTest.php" tests="1" assertions="2" errors="0" failures="0" skipped="0" time="0.041149">
        <testcase name="it_can_create_and_retrieve_a_process" file="C:\Users\itsjo\Universidad\SAAC-UNA\backend\tests\Feature\ProcessFeatureTest.php" line="14" class="Tests\Feature\ProcessFeatureTest" classname="Tests.Feature.ProcessFeatureTest" assertions="2" time="0.041149"/>
      </testsuite>
      <testsuite name="Tests\Feature\RoleFeatureTest" file="C:\Users\itsjo\Universidad\SAAC-UNA\backend\tests\Feature\RoleFeatureTest.php" tests="13" assertions="61" errors="0" failures="0" skipped="0" time="0.499457">
        <testcase name="createRoleSuccessfully" file="C:\Users\itsjo\Universidad\SAAC-UNA\backend\tests\Feature\RoleFeatureTest.php" line="23" class="Tests\Feature\RoleFeatureTest" classname="Tests.Feature.RoleFeatureTest" assertions="12" time="0.097377"/>
        <testcase name="rejectRoleWithoutPermissions" file="C:\Users\itsjo\Universidad\SAAC-UNA\backend\tests\Feature\RoleFeatureTest.php" line="50" class="Tests\Feature\RoleFeatureTest" classname="Tests.Feature.RoleFeatureTest" assertions="3" time="0.030982"/>
        <testcase name="listRolesSuccessfully" file="C:\Users\itsjo\Universidad\SAAC-UNA\backend\tests\Feature\RoleFeatureTest.php" line="63" class="Tests\Feature\RoleFeatureTest" classname="Tests.Feature.RoleFeatureTest" assertions="11" time="0.036956"/>
        <testcase name="showRoleSuccessfully" file="C:\Users\itsjo\Universidad\SAAC-UNA\backend\tests\Feature\RoleFeatureTest.php" line="85" class="Tests\Feature\RoleFeatureTest" classname="Tests.Feature.RoleFeatureTest" assertions="10" time="0.030465"/>
        <testcase name="rejectShowNonExistentRole" file="C:\Users\itsjo\Universidad\SAAC-UNA\backend\tests\Feature\RoleFeatureTest.php" line="107" class="Tests\Feature\RoleFeatureTest" classname="Tests.Feature.RoleFeatureTest" assertions="2" time="0.032747"/>
        <testcase name="updateRoleSuccessfully" file="C:\Users\itsjo\Universidad\SAAC-UNA\backend\tests\Feature\RoleFeatureTest.php" line="119" class="Tests\Feature\RoleFeatureTest" classname="Tests.Feature.RoleFeatureTest" assertions="3" time="0.045086"/>
        <testcase name="rejectUpdateNonExistentRole" file="C:\Users\itsjo\Universidad\SAAC-UNA\backend\tests\Feature\RoleFeatureTest.php" line="143" class="Tests\Feature\RoleFeatureTest" classname="Tests.Feature.RoleFeatureTest" assertions="2" time="0.038758"/>
        <testcase name="deleteRoleSuccessfully" file="C:\Users\itsjo\Universidad\SAAC-UNA\backend\tests\Feature\RoleFeatureTest.php" line="161" class="Tests\Feature\RoleFeatureTest" classname="Tests.Feature.RoleFeatureTest" assertions="3" time="0.031495"/>
        <testcase name="rejectDeleteNonExistentRole" file="C:\Users\itsjo\Universidad\SAAC-UNA\backend\tests\Feature\RoleFeatureTest.php" line="174" class="Tests\Feature\RoleFeatureTest" classname="Tests.Feature.RoleFeatureTest" assertions="2" time="0.027166"/>
        <testcase name="rejectRoleWithoutName" file="C:\Users\itsjo\Universidad\SAAC-UNA\backend\tests\Feature\RoleFeatureTest.php" line="186" class="Tests\Feature\RoleFeatureTest" classname="Tests.Feature.RoleFeatureTest" assertions="3" time="0.036466"/>
        <testcase name="rejectRoleWithTooLongName" file="C:\Users\itsjo\Universidad\SAAC-UNA\backend\tests\Feature\RoleFeatureTest.php" line="201" class="Tests\Feature\RoleFeatureTest" classname="Tests.Feature.RoleFeatureTest" assertions="3" time="0.031622"/>
        <testcase name="rejectDuplicateRole" file="C:\Users\itsjo\Universidad\SAAC-UNA\backend\tests\Feature\RoleFeatureTest.php" line="216" class="Tests\Feature\RoleFeatureTest" classname="Tests.Feature.RoleFeatureTest" assertions="4" time="0.037696"/>
        <testcase name="rejectRoleWithInvalidPermission" file="C:\Users\itsjo\Universidad\SAAC-UNA\backend\tests\Feature\RoleFeatureTest.php" line="237" class="Tests\Feature\RoleFeatureTest" classname="Tests.Feature.RoleFeatureTest" assertions="3" time="0.022640"/>
      </testsuite>
      <testsuite name="Tests\Feature\StandardFeatureTest" file="C:\Users\itsjo\Universidad\SAAC-UNA\backend\tests\Feature\StandardFeatureTest.php" tests="8" assertions="24" errors="0" failures="0" skipped="0" time="0.322094">
        <testcase name="index_devuelve_lista_de_estandares" file="C:\Users\itsjo\Universidad\SAAC-UNA\backend\tests\Feature\StandardFeatureTest.php" line="20" class="Tests\Feature\StandardFeatureTest" classname="Tests.Feature.StandardFeatureTest" assertions="3" time="0.039102"/>
        <testcase name="show_devuelve_un_estandar_existente" file="C:\Users\itsjo\Universidad\SAAC-UNA\backend\tests\Feature\StandardFeatureTest.php" line="37" class="Tests\Feature\StandardFeatureTest" classname="Tests.Feature.StandardFeatureTest" assertions="4" time="0.041501"/>
        <testcase name="show_devuelve_404_si_no_existe" file="C:\Users\itsjo\Universidad\SAAC-UNA\backend\tests\Feature\StandardFeatureTest.php" line="58" class="Tests\Feature\StandardFeatureTest" classname="Tests.Feature.StandardFeatureTest" assertions="1" time="0.025036"/>
        <testcase name="store_crea_un_estandar" file="C:\Users\itsjo\Universidad\SAAC-UNA\backend\tests\Feature\StandardFeatureTest.php" line="64" class="Tests\Feature\StandardFeatureTest" classname="Tests.Feature.StandardFeatureTest" assertions="3" time="0.042241"/>
        <testcase name="update_actualiza_un_estandar" file="C:\Users\itsjo\Universidad\SAAC-UNA\backend\tests\Feature\StandardFeatureTest.php" line="86" class="Tests\Feature\StandardFeatureTest" classname="Tests.Feature.StandardFeatureTest" assertions="3" time="0.056197"/>
        <testcase name="destroy_elimina_un_estandar" file="C:\Users\itsjo\Universidad\SAAC-UNA\backend\tests\Feature\StandardFeatureTest.php" line="113" class="Tests\Feature\StandardFeatureTest" classname="Tests.Feature.StandardFeatureTest" assertions="3" time="0.042432"/>
        <testcase name="store_falla_sin_campos_obligatorios" file="C:\Users\itsjo\Universidad\SAAC-UNA\backend\tests\Feature\StandardFeatureTest.php" line="128" class="Tests\Feature\StandardFeatureTest" classname="Tests.Feature.StandardFeatureTest" assertions="4" time="0.042118"/>
        <testcase name="store_falla_con_criterio_inexistente" file="C:\Users\itsjo\Universidad\SAAC-UNA\backend\tests\Feature\StandardFeatureTest.php" line="136" class="Tests\Feature\StandardFeatureTest" classname="Tests.Feature.StandardFeatureTest" assertions="3" time="0.033468"/>
      </testsuite>
      <testsuite name="Tests\Feature\UniversityEndpointsTest" file="C:\Users\itsjo\Universidad\SAAC-UNA\backend\tests\Feature\UniversityEndpointsTest.php" tests="6" assertions="14" errors="0" failures="0" skipped="0" time="0.197069">
        <testcase name="index_devuelve_lista_de_universidades" file="C:\Users\itsjo\Universidad\SAAC-UNA\backend\tests\Feature\UniversityEndpointsTest.php" line="15" class="Tests\Feature\UniversityEndpointsTest" classname="Tests.Feature.UniversityEndpointsTest" assertions="2" time="0.032764"/>
        <testcase name="show_devuelve_una_universidad_existente" file="C:\Users\itsjo\Universidad\SAAC-UNA\backend\tests\Feature\UniversityEndpointsTest.php" line="25" class="Tests\Feature\UniversityEndpointsTest" classname="Tests.Feature.UniversityEndpointsTest" assertions="2" time="0.031612"/>
        <testcase name="show_devuelve_404_si_no_existe" file="C:\Users\itsjo\Universidad\SAAC-UNA\backend\tests\Feature\UniversityEndpointsTest.php" line="35" class="Tests\Feature\UniversityEndpointsTest" classname="Tests.Feature.UniversityEndpointsTest" assertions="1" time="0.030798"/>
        <testcase name="store_crea_una_universidad" file="C:\Users\itsjo\Universidad\SAAC-UNA\backend\tests\Feature\UniversityEndpointsTest.php" line="42" class="Tests\Feature\UniversityEndpointsTest" classname="Tests.Feature.UniversityEndpointsTest" assertions="3" time="0.037127"/>
        <testcase name="update_actualiza_una_universidad" file="C:\Users\itsjo\Universidad\SAAC-UNA\backend\tests\Feature\UniversityEndpointsTest.php" line="54" class="Tests\Feature\UniversityEndpointsTest" classname="Tests.Feature.UniversityEndpointsTest" assertions="3" time="0.030926"/>
        <testcase name="destroy_elimina_una_universidad" file="C:\Users\itsjo\Universidad\SAAC-UNA\backend\tests\Feature\UniversityEndpointsTest.php" line="67" class="Tests\Feature\UniversityEndpointsTest" classname="Tests.Feature.UniversityEndpointsTest" assertions="3" time="0.033842"/>
      </testsuite>
      <testsuite name="Tests\Feature\UniversityFeatureTest" file="C:\Users\itsjo\Universidad\SAAC-UNA\backend\tests\Feature\UniversityFeatureTest.php" tests="1" assertions="2" errors="0" failures="0" skipped="0" time="0.037605">
        <testcase name="it_can_create_and_retrieve_a_university" file="C:\Users\itsjo\Universidad\SAAC-UNA\backend\tests\Feature\UniversityFeatureTest.php" line="14" class="Tests\Feature\UniversityFeatureTest" classname="Tests.Feature.UniversityFeatureTest" assertions="2" time="0.037605"/>
      </testsuite>
      <testsuite name="Tests\Feature\UserFeatureTest" file="C:\Users\itsjo\Universidad\SAAC-UNA\backend\tests\Feature\UserFeatureTest.php" tests="1" assertions="3" errors="0" failures="0" skipped="0" time="0.036423">
        <testcase name="it_can_create_and_retrieve_a_user" file="C:\Users\itsjo\Universidad\SAAC-UNA\backend\tests\Feature\UserFeatureTest.php" line="14" class="Tests\Feature\UserFeatureTest" classname="Tests.Feature.UserFeatureTest" assertions="3" time="0.036423"/>
      </testsuite>
    </testsuite>
  </testsuite>
</testsuites>
