<?xml version="1.0" encoding="UTF-8"?>
<testsuites>
  <testsuite name="C:\Users\itsjo\Universidad\SAAC-UNA\backend\phpunit.xml" tests="188" assertions="325" errors="0" failures="0" skipped="0" time="8.150835">
    <testsuite name="Unit" tests="109" assertions="109" errors="0" failures="0" skipped="0" time="5.557838">
      <testsuite name="Tests\Unit\AccreditationCycleTest" file="C:\Users\itsjo\Universidad\SAAC-UNA\backend\tests\Unit\AccreditationCycleTest.php" tests="6" assertions="6" errors="0" failures="0" skipped="0" time="2.272686">
        <testcase name="it_creates_an_accreditation_cycle" file="C:\Users\itsjo\Universidad\SAAC-UNA\backend\tests\Unit\AccreditationCycleTest.php" line="14" class="Tests\Unit\AccreditationCycleTest" classname="Tests.Unit.AccreditationCycleTest" assertions="1" time="2.104326">
  <testsuite name="C:\Users\khrizk\Desktop\SAAC-Backend\phpunit.xml" tests="194" assertions="344" errors="0" failures="0" skipped="0" time="15.684337">
    <testsuite name="Unit" tests="109" assertions="109" errors="0" failures="0" skipped="0" time="10.790681">
      <testsuite name="Tests\Unit\AccreditationCycleTest" file="C:\Users\khrizk\Desktop\SAAC-Backend\tests\Unit\AccreditationCycleTest.php" tests="6" assertions="6" errors="0" failures="0" skipped="0" time="4.989683">
        <testcase name="it_creates_an_accreditation_cycle" file="C:\Users\khrizk\Desktop\SAAC-Backend\tests\Unit\AccreditationCycleTest.php" line="14" class="Tests\Unit\AccreditationCycleTest" classname="Tests.Unit.AccreditationCycleTest" assertions="1" time="4.680741">
          <system-out>clercler</system-out>
        </testcase>
        <testcase name="it_requires_nombre_field" file="C:\Users\khrizk\Desktop\SAAC-Backend\tests\Unit\AccreditationCycleTest.php" line="33" class="Tests\Unit\AccreditationCycleTest" classname="Tests.Unit.AccreditationCycleTest" assertions="1" time="0.068515"/>
        <testcase name="it_updates_an_accreditation_cycle" file="C:\Users\khrizk\Desktop\SAAC-Backend\tests\Unit\AccreditationCycleTest.php" line="50" class="Tests\Unit\AccreditationCycleTest" classname="Tests.Unit.AccreditationCycleTest" assertions="1" time="0.062504"/>
        <testcase name="it_deletes_an_accreditation_cycle" file="C:\Users\khrizk\Desktop\SAAC-Backend\tests\Unit\AccreditationCycleTest.php" line="68" class="Tests\Unit\AccreditationCycleTest" classname="Tests.Unit.AccreditationCycleTest" assertions="1" time="0.064074"/>
        <testcase name="an_accreditation_cycle_belongs_to_career_campus" file="C:\Users\khrizk\Desktop\SAAC-Backend\tests\Unit\AccreditationCycleTest.php" line="85" class="Tests\Unit\AccreditationCycleTest" classname="Tests.Unit.AccreditationCycleTest" assertions="1" time="0.063846"/>
        <testcase name="an_accreditation_cycle_has_many_processes" file="C:\Users\khrizk\Desktop\SAAC-Backend\tests\Unit\AccreditationCycleTest.php" line="101" class="Tests\Unit\AccreditationCycleTest" classname="Tests.Unit.AccreditationCycleTest" assertions="1" time="0.050004"/>
      </testsuite>
      <testsuite name="Tests\Unit\ActionTypeTest" file="C:\Users\khrizk\Desktop\SAAC-Backend\tests\Unit\ActionTypeTest.php" tests="5" assertions="5" errors="0" failures="0" skipped="0" time="0.235781">
        <testcase name="it_creates_an_action_type" file="C:\Users\khrizk\Desktop\SAAC-Backend\tests\Unit\ActionTypeTest.php" line="14" class="Tests\Unit\ActionTypeTest" classname="Tests.Unit.ActionTypeTest" assertions="1" time="0.054088"/>
        <testcase name="it_requires_descripcion_field" file="C:\Users\khrizk\Desktop\SAAC-Backend\tests\Unit\ActionTypeTest.php" line="26" class="Tests\Unit\ActionTypeTest" classname="Tests.Unit.ActionTypeTest" assertions="1" time="0.041375"/>
        <testcase name="it_updates_an_action_type" file="C:\Users\khrizk\Desktop\SAAC-Backend\tests\Unit\ActionTypeTest.php" line="34" class="Tests\Unit\ActionTypeTest" classname="Tests.Unit.ActionTypeTest" assertions="1" time="0.027016"/>
        <testcase name="it_deletes_an_action_type" file="C:\Users\khrizk\Desktop\SAAC-Backend\tests\Unit\ActionTypeTest.php" line="43" class="Tests\Unit\ActionTypeTest" classname="Tests.Unit.ActionTypeTest" assertions="1" time="0.058278"/>
        <testcase name="an_action_type_has_many_audit_logs" file="C:\Users\khrizk\Desktop\SAAC-Backend\tests\Unit\ActionTypeTest.php" line="52" class="Tests\Unit\ActionTypeTest" classname="Tests.Unit.ActionTypeTest" assertions="1" time="0.055023"/>
      </testsuite>
      <testsuite name="Tests\Unit\AuditLogTest" file="C:\Users\khrizk\Desktop\SAAC-Backend\tests\Unit\AuditLogTest.php" tests="7" assertions="7" errors="0" failures="0" skipped="0" time="0.275545">
        <testcase name="it_creates_an_audit_log" file="C:\Users\khrizk\Desktop\SAAC-Backend\tests\Unit\AuditLogTest.php" line="14" class="Tests\Unit\AuditLogTest" classname="Tests.Unit.AuditLogTest" assertions="1" time="0.050107"/>
        <testcase name="it_requires_usuario_id_field" file="C:\Users\khrizk\Desktop\SAAC-Backend\tests\Unit\AuditLogTest.php" line="24" class="Tests\Unit\AuditLogTest" classname="Tests.Unit.AuditLogTest" assertions="1" time="0.042381"/>
        <testcase name="it_requires_tipo_accion_id_field" file="C:\Users\khrizk\Desktop\SAAC-Backend\tests\Unit\AuditLogTest.php" line="32" class="Tests\Unit\AuditLogTest" classname="Tests.Unit.AuditLogTest" assertions="1" time="0.031445"/>
        <testcase name="it_updates_an_audit_log" file="C:\Users\khrizk\Desktop\SAAC-Backend\tests\Unit\AuditLogTest.php" line="40" class="Tests\Unit\AuditLogTest" classname="Tests.Unit.AuditLogTest" assertions="1" time="0.034598"/>
        <testcase name="it_deletes_an_audit_log" file="C:\Users\khrizk\Desktop\SAAC-Backend\tests\Unit\AuditLogTest.php" line="49" class="Tests\Unit\AuditLogTest" classname="Tests.Unit.AuditLogTest" assertions="1" time="0.048626"/>
        <testcase name="an_audit_log_belongs_to_user" file="C:\Users\khrizk\Desktop\SAAC-Backend\tests\Unit\AuditLogTest.php" line="58" class="Tests\Unit\AuditLogTest" classname="Tests.Unit.AuditLogTest" assertions="1" time="0.033520"/>
        <testcase name="an_audit_log_belongs_to_action_type" file="C:\Users\khrizk\Desktop\SAAC-Backend\tests\Unit\AuditLogTest.php" line="67" class="Tests\Unit\AuditLogTest" classname="Tests.Unit.AuditLogTest" assertions="1" time="0.034870"/>
      </testsuite>
      <testsuite name="Tests\Unit\AutoevaluationTest" file="C:\Users\khrizk\Desktop\SAAC-Backend\tests\Unit\AutoevaluationTest.php" tests="5" assertions="5" errors="0" failures="0" skipped="0" time="0.290328">
        <testcase name="it_creates_an_autoevaluation" file="C:\Users\khrizk\Desktop\SAAC-Backend\tests\Unit\AutoevaluationTest.php" line="14" class="Tests\Unit\AutoevaluationTest" classname="Tests.Unit.AutoevaluationTest" assertions="1" time="0.080408"/>
        <testcase name="it_requires_proceso_id_field" file="C:\Users\khrizk\Desktop\SAAC-Backend\tests\Unit\AutoevaluationTest.php" line="38" class="Tests\Unit\AutoevaluationTest" classname="Tests.Unit.AutoevaluationTest" assertions="1" time="0.042148"/>
        <testcase name="it_updates_an_autoevaluation" file="C:\Users\khrizk\Desktop\SAAC-Backend\tests\Unit\AutoevaluationTest.php" line="46" class="Tests\Unit\AutoevaluationTest" classname="Tests.Unit.AutoevaluationTest" assertions="1" time="0.072203"/>
        <testcase name="it_deletes_an_autoevaluation" file="C:\Users\khrizk\Desktop\SAAC-Backend\tests\Unit\AutoevaluationTest.php" line="70" class="Tests\Unit\AutoevaluationTest" classname="Tests.Unit.AutoevaluationTest" assertions="1" time="0.043150"/>
        <testcase name="an_autoevaluation_belongs_to_process" file="C:\Users\khrizk\Desktop\SAAC-Backend\tests\Unit\AutoevaluationTest.php" line="93" class="Tests\Unit\AutoevaluationTest" classname="Tests.Unit.AutoevaluationTest" assertions="1" time="0.052418"/>
      </testsuite>
      <testsuite name="Tests\Unit\CampusTest" file="C:\Users\khrizk\Desktop\SAAC-Backend\tests\Unit\CampusTest.php" tests="7" assertions="7" errors="0" failures="0" skipped="0" time="0.338014">
        <testcase name="it_creates_a_campus" file="C:\Users\khrizk\Desktop\SAAC-Backend\tests\Unit\CampusTest.php" line="14" class="Tests\Unit\CampusTest" classname="Tests.Unit.CampusTest" assertions="1" time="0.056153"/>
        <testcase name="it_requires_nombre_field" file="C:\Users\khrizk\Desktop\SAAC-Backend\tests\Unit\CampusTest.php" line="28" class="Tests\Unit\CampusTest" classname="Tests.Unit.CampusTest" assertions="1" time="0.044624"/>
        <testcase name="it_requires_universidad_id_field" file="C:\Users\khrizk\Desktop\SAAC-Backend\tests\Unit\CampusTest.php" line="40" class="Tests\Unit\CampusTest" classname="Tests.Unit.CampusTest" assertions="1" time="0.032816"/>
        <testcase name="it_updates_a_campus" file="C:\Users\khrizk\Desktop\SAAC-Backend\tests\Unit\CampusTest.php" line="51" class="Tests\Unit\CampusTest" classname="Tests.Unit.CampusTest" assertions="1" time="0.063087"/>
        <testcase name="it_deletes_a_campus" file="C:\Users\khrizk\Desktop\SAAC-Backend\tests\Unit\CampusTest.php" line="64" class="Tests\Unit\CampusTest" classname="Tests.Unit.CampusTest" assertions="1" time="0.049128"/>
        <testcase name="a_campus_belongs_to_university" file="C:\Users\khrizk\Desktop\SAAC-Backend\tests\Unit\CampusTest.php" line="76" class="Tests\Unit\CampusTest" classname="Tests.Unit.CampusTest" assertions="1" time="0.041018"/>
        <testcase name="a_campus_has_many_faculties" file="C:\Users\khrizk\Desktop\SAAC-Backend\tests\Unit\CampusTest.php" line="85" class="Tests\Unit\CampusTest" classname="Tests.Unit.CampusTest" assertions="1" time="0.051190"/>
      </testsuite>
      <testsuite name="Tests\Unit\CareerCampusTest" file="C:\Users\khrizk\Desktop\SAAC-Backend\tests\Unit\CareerCampusTest.php" tests="8" assertions="8" errors="0" failures="0" skipped="0" time="0.440846">
        <testcase name="it_creates_a_career_campus" file="C:\Users\khrizk\Desktop\SAAC-Backend\tests\Unit\CareerCampusTest.php" line="14" class="Tests\Unit\CareerCampusTest" classname="Tests.Unit.CareerCampusTest" assertions="1" time="0.047546"/>
        <testcase name="it_requires_carrera_id_field" file="C:\Users\khrizk\Desktop\SAAC-Backend\tests\Unit\CareerCampusTest.php" line="29" class="Tests\Unit\CareerCampusTest" classname="Tests.Unit.CareerCampusTest" assertions="1" time="0.040131"/>
        <testcase name="it_requires_sede_id_field" file="C:\Users\khrizk\Desktop\SAAC-Backend\tests\Unit\CareerCampusTest.php" line="41" class="Tests\Unit\CareerCampusTest" classname="Tests.Unit.CareerCampusTest" assertions="1" time="0.064324"/>
        <testcase name="it_updates_a_career_campus" file="C:\Users\khrizk\Desktop\SAAC-Backend\tests\Unit\CareerCampusTest.php" line="53" class="Tests\Unit\CareerCampusTest" classname="Tests.Unit.CareerCampusTest" assertions="1" time="0.061668"/>
        <testcase name="it_deletes_a_career_campus" file="C:\Users\khrizk\Desktop\SAAC-Backend\tests\Unit\CareerCampusTest.php" line="71" class="Tests\Unit\CareerCampusTest" classname="Tests.Unit.CareerCampusTest" assertions="1" time="0.053906"/>
        <testcase name="a_career_campus_belongs_to_career" file="C:\Users\khrizk\Desktop\SAAC-Backend\tests\Unit\CareerCampusTest.php" line="85" class="Tests\Unit\CareerCampusTest" classname="Tests.Unit.CareerCampusTest" assertions="1" time="0.066149"/>
        <testcase name="a_career_campus_belongs_to_campus" file="C:\Users\khrizk\Desktop\SAAC-Backend\tests\Unit\CareerCampusTest.php" line="94" class="Tests\Unit\CareerCampusTest" classname="Tests.Unit.CareerCampusTest" assertions="1" time="0.057244"/>
        <testcase name="a_career_campus_has_many_accreditation_cycles" file="C:\Users\khrizk\Desktop\SAAC-Backend\tests\Unit\CareerCampusTest.php" line="103" class="Tests\Unit\CareerCampusTest" classname="Tests.Unit.CareerCampusTest" assertions="1" time="0.049877"/>
      </testsuite>
      <testsuite name="Tests\Unit\CareerTest" file="C:\Users\khrizk\Desktop\SAAC-Backend\tests\Unit\CareerTest.php" tests="4" assertions="4" errors="0" failures="0" skipped="0" time="0.232652">
        <testcase name="it_creates_a_career" file="C:\Users\khrizk\Desktop\SAAC-Backend\tests\Unit\CareerTest.php" line="14" class="Tests\Unit\CareerTest" classname="Tests.Unit.CareerTest" assertions="1" time="0.062519"/>
        <testcase name="it_requires_nombre_field" file="C:\Users\khrizk\Desktop\SAAC-Backend\tests\Unit\CareerTest.php" line="25" class="Tests\Unit\CareerTest" classname="Tests.Unit.CareerTest" assertions="1" time="0.053623"/>
        <testcase name="it_updates_a_career" file="C:\Users\khrizk\Desktop\SAAC-Backend\tests\Unit\CareerTest.php" line="32" class="Tests\Unit\CareerTest" classname="Tests.Unit.CareerTest" assertions="1" time="0.050419"/>
        <testcase name="it_deletes_a_career" file="C:\Users\khrizk\Desktop\SAAC-Backend\tests\Unit\CareerTest.php" line="41" class="Tests\Unit\CareerTest" classname="Tests.Unit.CareerTest" assertions="1" time="0.066091"/>
      </testsuite>
      <testsuite name="Tests\Unit\CommentTest" file="C:\Users\khrizk\Desktop\SAAC-Backend\tests\Unit\CommentTest.php" tests="4" assertions="4" errors="0" failures="0" skipped="0" time="0.230694">
        <testcase name="it_creates_a_comment" file="C:\Users\khrizk\Desktop\SAAC-Backend\tests\Unit\CommentTest.php" line="14" class="Tests\Unit\CommentTest" classname="Tests.Unit.CommentTest" assertions="1" time="0.058901"/>
        <testcase name="it_requires_texto_field" file="C:\Users\khrizk\Desktop\SAAC-Backend\tests\Unit\CommentTest.php" line="26" class="Tests\Unit\CommentTest" classname="Tests.Unit.CommentTest" assertions="1" time="0.053064"/>
        <testcase name="it_updates_a_comment" file="C:\Users\khrizk\Desktop\SAAC-Backend\tests\Unit\CommentTest.php" line="34" class="Tests\Unit\CommentTest" classname="Tests.Unit.CommentTest" assertions="1" time="0.049689"/>
        <testcase name="it_deletes_a_comment" file="C:\Users\khrizk\Desktop\SAAC-Backend\tests\Unit\CommentTest.php" line="43" class="Tests\Unit\CommentTest" classname="Tests.Unit.CommentTest" assertions="1" time="0.069040"/>
      </testsuite>
      <testsuite name="Tests\Unit\ComponentTest" file="C:\Users\khrizk\Desktop\SAAC-Backend\tests\Unit\ComponentTest.php" tests="6" assertions="6" errors="0" failures="0" skipped="0" time="0.354481">
        <testcase name="it_creates_a_component" file="C:\Users\khrizk\Desktop\SAAC-Backend\tests\Unit\ComponentTest.php" line="14" class="Tests\Unit\ComponentTest" classname="Tests.Unit.ComponentTest" assertions="1" time="0.056661"/>
        <testcase name="it_requires_nombre_field" file="C:\Users\khrizk\Desktop\SAAC-Backend\tests\Unit\ComponentTest.php" line="29" class="Tests\Unit\ComponentTest" classname="Tests.Unit.ComponentTest" assertions="1" time="0.062375"/>
        <testcase name="it_updates_a_component" file="C:\Users\khrizk\Desktop\SAAC-Backend\tests\Unit\ComponentTest.php" line="41" class="Tests\Unit\ComponentTest" classname="Tests.Unit.ComponentTest" assertions="1" time="0.061468"/>
        <testcase name="it_deletes_a_component" file="C:\Users\khrizk\Desktop\SAAC-Backend\tests\Unit\ComponentTest.php" line="54" class="Tests\Unit\ComponentTest" classname="Tests.Unit.ComponentTest" assertions="1" time="0.064649"/>
        <testcase name="a_component_belongs_to_dimension" file="C:\Users\khrizk\Desktop\SAAC-Backend\tests\Unit\ComponentTest.php" line="66" class="Tests\Unit\ComponentTest" classname="Tests.Unit.ComponentTest" assertions="1" time="0.061189"/>
        <testcase name="a_component_has_many_criteria" file="C:\Users\khrizk\Desktop\SAAC-Backend\tests\Unit\ComponentTest.php" line="75" class="Tests\Unit\ComponentTest" classname="Tests.Unit.ComponentTest" assertions="1" time="0.048139"/>
      </testsuite>
      <testsuite name="Tests\Unit\CriterionTest" file="C:\Users\khrizk\Desktop\SAAC-Backend\tests\Unit\CriterionTest.php" tests="6" assertions="6" errors="0" failures="0" skipped="0" time="0.375334">
        <testcase name="it_creates_a_criterion" file="C:\Users\khrizk\Desktop\SAAC-Backend\tests\Unit\CriterionTest.php" line="14" class="Tests\Unit\CriterionTest" classname="Tests.Unit.CriterionTest" assertions="1" time="0.063807"/>
        <testcase name="it_requires_descripcion_field" file="C:\Users\khrizk\Desktop\SAAC-Backend\tests\Unit\CriterionTest.php" line="31" class="Tests\Unit\CriterionTest" classname="Tests.Unit.CriterionTest" assertions="1" time="0.060028"/>
        <testcase name="it_updates_a_criterion" file="C:\Users\khrizk\Desktop\SAAC-Backend\tests\Unit\CriterionTest.php" line="46" class="Tests\Unit\CriterionTest" classname="Tests.Unit.CriterionTest" assertions="1" time="0.042455"/>
        <testcase name="it_deletes_a_criterion" file="C:\Users\khrizk\Desktop\SAAC-Backend\tests\Unit\CriterionTest.php" line="62" class="Tests\Unit\CriterionTest" classname="Tests.Unit.CriterionTest" assertions="1" time="0.074930"/>
        <testcase name="a_criterion_belongs_to_component" file="C:\Users\khrizk\Desktop\SAAC-Backend\tests\Unit\CriterionTest.php" line="77" class="Tests\Unit\CriterionTest" classname="Tests.Unit.CriterionTest" assertions="1" time="0.048794"/>
        <testcase name="a_criterion_has_many_evidences" file="C:\Users\khrizk\Desktop\SAAC-Backend\tests\Unit\CriterionTest.php" line="89" class="Tests\Unit\CriterionTest" classname="Tests.Unit.CriterionTest" assertions="1" time="0.085319"/>
      </testsuite>
      <testsuite name="Tests\Unit\DimensionTest" file="C:\Users\khrizk\Desktop\SAAC-Backend\tests\Unit\DimensionTest.php" tests="5" assertions="5" errors="0" failures="0" skipped="0" time="0.262337">
        <testcase name="it_creates_a_dimension" file="C:\Users\khrizk\Desktop\SAAC-Backend\tests\Unit\DimensionTest.php" line="14" class="Tests\Unit\DimensionTest" classname="Tests.Unit.DimensionTest" assertions="1" time="0.048136"/>
        <testcase name="it_requires_nombre_field" file="C:\Users\khrizk\Desktop\SAAC-Backend\tests\Unit\DimensionTest.php" line="29" class="Tests\Unit\DimensionTest" classname="Tests.Unit.DimensionTest" assertions="1" time="0.031575"/>
        <testcase name="it_updates_a_dimension" file="C:\Users\khrizk\Desktop\SAAC-Backend\tests\Unit\DimensionTest.php" line="41" class="Tests\Unit\DimensionTest" classname="Tests.Unit.DimensionTest" assertions="1" time="0.057997"/>
        <testcase name="it_deletes_a_dimension" file="C:\Users\khrizk\Desktop\SAAC-Backend\tests\Unit\DimensionTest.php" line="54" class="Tests\Unit\DimensionTest" classname="Tests.Unit.DimensionTest" assertions="1" time="0.058948"/>
        <testcase name="a_dimension_has_many_components" file="C:\Users\khrizk\Desktop\SAAC-Backend\tests\Unit\DimensionTest.php" line="66" class="Tests\Unit\DimensionTest" classname="Tests.Unit.DimensionTest" assertions="1" time="0.065681"/>
      </testsuite>
      <testsuite name="Tests\Unit\EvidenceStateTest" file="C:\Users\khrizk\Desktop\SAAC-Backend\tests\Unit\EvidenceStateTest.php" tests="5" assertions="5" errors="0" failures="0" skipped="0" time="0.250704">
        <testcase name="an_evidence_state_has_many_evidences" file="C:\Users\khrizk\Desktop\SAAC-Backend\tests\Unit\EvidenceStateTest.php" line="14" class="Tests\Unit\EvidenceStateTest" classname="Tests.Unit.EvidenceStateTest" assertions="1" time="0.057630"/>
        <testcase name="it_creates_an_evidence_state" file="C:\Users\khrizk\Desktop\SAAC-Backend\tests\Unit\EvidenceStateTest.php" line="33" class="Tests\Unit\EvidenceStateTest" classname="Tests.Unit.EvidenceStateTest" assertions="1" time="0.050356"/>
        <testcase name="it_requires_nombre_field" file="C:\Users\khrizk\Desktop\SAAC-Backend\tests\Unit\EvidenceStateTest.php" line="45" class="Tests\Unit\EvidenceStateTest" classname="Tests.Unit.EvidenceStateTest" assertions="1" time="0.042577"/>
        <testcase name="it_updates_an_evidence_state" file="C:\Users\khrizk\Desktop\SAAC-Backend\tests\Unit\EvidenceStateTest.php" line="52" class="Tests\Unit\EvidenceStateTest" classname="Tests.Unit.EvidenceStateTest" assertions="1" time="0.038198"/>
        <testcase name="it_deletes_an_evidence_state" file="C:\Users\khrizk\Desktop\SAAC-Backend\tests\Unit\EvidenceStateTest.php" line="61" class="Tests\Unit\EvidenceStateTest" classname="Tests.Unit.EvidenceStateTest" assertions="1" time="0.061942"/>
      </testsuite>
      <testsuite name="Tests\Unit\EvidenceTest" file="C:\Users\khrizk\Desktop\SAAC-Backend\tests\Unit\EvidenceTest.php" tests="5" assertions="5" errors="0" failures="0" skipped="0" time="0.363043">
        <testcase name="it_creates_evidence" file="C:\Users\khrizk\Desktop\SAAC-Backend\tests\Unit\EvidenceTest.php" line="14" class="Tests\Unit\EvidenceTest" classname="Tests.Unit.EvidenceTest" assertions="1" time="0.067359"/>
        <testcase name="it_requires_descripcion_field" file="C:\Users\khrizk\Desktop\SAAC-Backend\tests\Unit\EvidenceTest.php" line="36" class="Tests\Unit\EvidenceTest" classname="Tests.Unit.EvidenceTest" assertions="1" time="0.059611"/>
        <testcase name="it_updates_evidence" file="C:\Users\khrizk\Desktop\SAAC-Backend\tests\Unit\EvidenceTest.php" line="56" class="Tests\Unit\EvidenceTest" classname="Tests.Unit.EvidenceTest" assertions="1" time="0.066379"/>
        <testcase name="it_deletes_evidence" file="C:\Users\khrizk\Desktop\SAAC-Backend\tests\Unit\EvidenceTest.php" line="77" class="Tests\Unit\EvidenceTest" classname="Tests.Unit.EvidenceTest" assertions="1" time="0.080513"/>
        <testcase name="evidence_belongs_to_criterion" file="C:\Users\khrizk\Desktop\SAAC-Backend\tests\Unit\EvidenceTest.php" line="97" class="Tests\Unit\EvidenceTest" classname="Tests.Unit.EvidenceTest" assertions="1" time="0.089182"/>
      </testsuite>
      <testsuite name="Tests\Unit\FacultyTest" file="C:\Users\khrizk\Desktop\SAAC-Backend\tests\Unit\FacultyTest.php" tests="5" assertions="5" errors="0" failures="0" skipped="0" time="0.340785">
        <testcase name="it_creates_a_faculty" file="C:\Users\khrizk\Desktop\SAAC-Backend\tests\Unit\FacultyTest.php" line="14" class="Tests\Unit\FacultyTest" classname="Tests.Unit.FacultyTest" assertions="1" time="0.066451"/>
        <testcase name="it_requires_nombre_field" file="C:\Users\khrizk\Desktop\SAAC-Backend\tests\Unit\FacultyTest.php" line="32" class="Tests\Unit\FacultyTest" classname="Tests.Unit.FacultyTest" assertions="1" time="0.071097"/>
        <testcase name="it_updates_a_faculty" file="C:\Users\khrizk\Desktop\SAAC-Backend\tests\Unit\FacultyTest.php" line="48" class="Tests\Unit\FacultyTest" classname="Tests.Unit.FacultyTest" assertions="1" time="0.065638"/>
        <testcase name="it_deletes_a_faculty" file="C:\Users\khrizk\Desktop\SAAC-Backend\tests\Unit\FacultyTest.php" line="65" class="Tests\Unit\FacultyTest" classname="Tests.Unit.FacultyTest" assertions="1" time="0.073817"/>
        <testcase name="a_faculty_belongs_to_university" file="C:\Users\khrizk\Desktop\SAAC-Backend\tests\Unit\FacultyTest.php" line="81" class="Tests\Unit\FacultyTest" classname="Tests.Unit.FacultyTest" assertions="1" time="0.063782"/>
      </testsuite>
      <testsuite name="Tests\Unit\ImprovementCommitmentTest" file="C:\Users\khrizk\Desktop\SAAC-Backend\tests\Unit\ImprovementCommitmentTest.php" tests="5" assertions="5" errors="0" failures="0" skipped="0" time="0.350881">
        <testcase name="an_improvement_commitment_belongs_to_process" file="C:\Users\khrizk\Desktop\SAAC-Backend\tests\Unit\ImprovementCommitmentTest.php" line="14" class="Tests\Unit\ImprovementCommitmentTest" classname="Tests.Unit.ImprovementCommitmentTest" assertions="1" time="0.073500"/>
        <testcase name="it_creates_an_improvement_commitment" file="C:\Users\khrizk\Desktop\SAAC-Backend\tests\Unit\ImprovementCommitmentTest.php" line="33" class="Tests\Unit\ImprovementCommitmentTest" classname="Tests.Unit.ImprovementCommitmentTest" assertions="1" time="0.056110"/>
        <testcase name="it_requires_proceso_id_field" file="C:\Users\khrizk\Desktop\SAAC-Backend\tests\Unit\ImprovementCommitmentTest.php" line="56" class="Tests\Unit\ImprovementCommitmentTest" classname="Tests.Unit.ImprovementCommitmentTest" assertions="1" time="0.045948"/>
        <testcase name="it_updates_an_improvement_commitment" file="C:\Users\khrizk\Desktop\SAAC-Backend\tests\Unit\ImprovementCommitmentTest.php" line="63" class="Tests\Unit\ImprovementCommitmentTest" classname="Tests.Unit.ImprovementCommitmentTest" assertions="1" time="0.099579"/>
        <testcase name="it_deletes_an_improvement_commitment" file="C:\Users\khrizk\Desktop\SAAC-Backend\tests\Unit\ImprovementCommitmentTest.php" line="97" class="Tests\Unit\ImprovementCommitmentTest" classname="Tests.Unit.ImprovementCommitmentTest" assertions="1" time="0.075743"/>
      </testsuite>
      <testsuite name="Tests\Unit\ProcessTest" file="C:\Users\khrizk\Desktop\SAAC-Backend\tests\Unit\ProcessTest.php" tests="7" assertions="7" errors="0" failures="0" skipped="0" time="0.439310">
        <testcase name="a_process_belongs_to_accreditation_cycle" file="C:\Users\khrizk\Desktop\SAAC-Backend\tests\Unit\ProcessTest.php" line="14" class="Tests\Unit\ProcessTest" classname="Tests.Unit.ProcessTest" assertions="1" time="0.069415"/>
        <testcase name="a_process_has_one_autoevaluation" file="C:\Users\khrizk\Desktop\SAAC-Backend\tests\Unit\ProcessTest.php" line="30" class="Tests\Unit\ProcessTest" classname="Tests.Unit.ProcessTest" assertions="1" time="0.059703"/>
        <testcase name="a_process_has_one_improvement_commitment" file="C:\Users\khrizk\Desktop\SAAC-Backend\tests\Unit\ProcessTest.php" line="49" class="Tests\Unit\ProcessTest" classname="Tests.Unit.ProcessTest" assertions="1" time="0.062414"/>
        <testcase name="it_creates_a_process" file="C:\Users\khrizk\Desktop\SAAC-Backend\tests\Unit\ProcessTest.php" line="68" class="Tests\Unit\ProcessTest" classname="Tests.Unit.ProcessTest" assertions="1" time="0.063640"/>
        <testcase name="it_requires_ciclo_acreditacion_id_field" file="C:\Users\khrizk\Desktop\SAAC-Backend\tests\Unit\ProcessTest.php" line="89" class="Tests\Unit\ProcessTest" classname="Tests.Unit.ProcessTest" assertions="1" time="0.040441"/>
        <testcase name="it_updates_a_process" file="C:\Users\khrizk\Desktop\SAAC-Backend\tests\Unit\ProcessTest.php" line="96" class="Tests\Unit\ProcessTest" classname="Tests.Unit.ProcessTest" assertions="1" time="0.075748"/>
        <testcase name="it_deletes_a_process" file="C:\Users\khrizk\Desktop\SAAC-Backend\tests\Unit\ProcessTest.php" line="124" class="Tests\Unit\ProcessTest" classname="Tests.Unit.ProcessTest" assertions="1" time="0.067949"/>
      </testsuite>
      <testsuite name="Tests\Unit\RoleTest" file="C:\Users\khrizk\Desktop\SAAC-Backend\tests\Unit\RoleTest.php" tests="4" assertions="4" errors="0" failures="0" skipped="0" time="0.262575">
        <testcase name="it_creates_a_role" file="C:\Users\khrizk\Desktop\SAAC-Backend\tests\Unit\RoleTest.php" line="14" class="Tests\Unit\RoleTest" classname="Tests.Unit.RoleTest" assertions="1" time="0.040707"/>
        <testcase name="it_requires_name_field" file="C:\Users\khrizk\Desktop\SAAC-Backend\tests\Unit\RoleTest.php" line="26" class="Tests\Unit\RoleTest" classname="Tests.Unit.RoleTest" assertions="1" time="0.044639"/>
        <testcase name="it_updates_a_role" file="C:\Users\khrizk\Desktop\SAAC-Backend\tests\Unit\RoleTest.php" line="34" class="Tests\Unit\RoleTest" classname="Tests.Unit.RoleTest" assertions="1" time="0.081309"/>
        <testcase name="it_deletes_a_role" file="C:\Users\khrizk\Desktop\SAAC-Backend\tests\Unit\RoleTest.php" line="43" class="Tests\Unit\RoleTest" classname="Tests.Unit.RoleTest" assertions="1" time="0.095920"/>
      </testsuite>
      <testsuite name="Tests\Unit\StandardTest" file="C:\Users\khrizk\Desktop\SAAC-Backend\tests\Unit\StandardTest.php" tests="5" assertions="5" errors="0" failures="0" skipped="0" time="0.298169">
        <testcase name="it_creates_a_standard" file="C:\Users\khrizk\Desktop\SAAC-Backend\tests\Unit\StandardTest.php" line="14" class="Tests\Unit\StandardTest" classname="Tests.Unit.StandardTest" assertions="1" time="0.079052"/>
        <testcase name="it_requires_descripcion_field" file="C:\Users\khrizk\Desktop\SAAC-Backend\tests\Unit\StandardTest.php" line="33" class="Tests\Unit\StandardTest" classname="Tests.Unit.StandardTest" assertions="1" time="0.053448"/>
        <testcase name="it_updates_a_standard" file="C:\Users\khrizk\Desktop\SAAC-Backend\tests\Unit\StandardTest.php" line="51" class="Tests\Unit\StandardTest" classname="Tests.Unit.StandardTest" assertions="1" time="0.063777"/>
        <testcase name="it_deletes_a_standard" file="C:\Users\khrizk\Desktop\SAAC-Backend\tests\Unit\StandardTest.php" line="70" class="Tests\Unit\StandardTest" classname="Tests.Unit.StandardTest" assertions="1" time="0.061691"/>
        <testcase name="a_standard_belongs_to_criterion" file="C:\Users\khrizk\Desktop\SAAC-Backend\tests\Unit\StandardTest.php" line="88" class="Tests\Unit\StandardTest" classname="Tests.Unit.StandardTest" assertions="1" time="0.040201"/>
      </testsuite>
      <testsuite name="Tests\Unit\UniversityTest" file="C:\Users\khrizk\Desktop\SAAC-Backend\tests\Unit\UniversityTest.php" tests="5" assertions="5" errors="0" failures="0" skipped="0" time="0.216282">
        <testcase name="it_creates_a_university" file="C:\Users\khrizk\Desktop\SAAC-Backend\tests\Unit\UniversityTest.php" line="14" class="Tests\Unit\UniversityTest" classname="Tests.Unit.UniversityTest" assertions="1" time="0.038487"/>
        <testcase name="it_requires_nombre_field" file="C:\Users\khrizk\Desktop\SAAC-Backend\tests\Unit\UniversityTest.php" line="26" class="Tests\Unit\UniversityTest" classname="Tests.Unit.UniversityTest" assertions="1" time="0.040198"/>
        <testcase name="it_updates_a_university" file="C:\Users\khrizk\Desktop\SAAC-Backend\tests\Unit\UniversityTest.php" line="34" class="Tests\Unit\UniversityTest" classname="Tests.Unit.UniversityTest" assertions="1" time="0.033420"/>
        <testcase name="it_deletes_a_university" file="C:\Users\khrizk\Desktop\SAAC-Backend\tests\Unit\UniversityTest.php" line="43" class="Tests\Unit\UniversityTest" classname="Tests.Unit.UniversityTest" assertions="1" time="0.050277"/>
        <testcase name="a_university_has_many_faculties" file="C:\Users\khrizk\Desktop\SAAC-Backend\tests\Unit\UniversityTest.php" line="52" class="Tests\Unit\UniversityTest" classname="Tests.Unit.UniversityTest" assertions="1" time="0.053899"/>
      </testsuite>
      <testsuite name="Tests\Unit\UserTest" file="C:\Users\khrizk\Desktop\SAAC-Backend\tests\Unit\UserTest.php" tests="5" assertions="5" errors="0" failures="0" skipped="0" time="0.243238">
        <testcase name="it_creates_a_user" file="C:\Users\khrizk\Desktop\SAAC-Backend\tests\Unit\UserTest.php" line="14" class="Tests\Unit\UserTest" classname="Tests.Unit.UserTest" assertions="1" time="0.049753"/>
        <testcase name="it_requires_nombre_field" file="C:\Users\khrizk\Desktop\SAAC-Backend\tests\Unit\UserTest.php" line="30" class="Tests\Unit\UserTest" classname="Tests.Unit.UserTest" assertions="1" time="0.042928"/>
        <testcase name="it_requires_email_field" file="C:\Users\khrizk\Desktop\SAAC-Backend\tests\Unit\UserTest.php" line="38" class="Tests\Unit\UserTest" classname="Tests.Unit.UserTest" assertions="1" time="0.046862"/>
        <testcase name="it_updates_a_user" file="C:\Users\khrizk\Desktop\SAAC-Backend\tests\Unit\UserTest.php" line="46" class="Tests\Unit\UserTest" classname="Tests.Unit.UserTest" assertions="1" time="0.051075"/>
        <testcase name="it_deletes_a_user" file="C:\Users\khrizk\Desktop\SAAC-Backend\tests\Unit\UserTest.php" line="55" class="Tests\Unit\UserTest" classname="Tests.Unit.UserTest" assertions="1" time="0.052621"/>
      </testsuite>
    </testsuite>
    <testsuite name="Feature" tests="85" assertions="235" errors="0" failures="0" skipped="0" time="4.893656">
      <testsuite name="Tests\Feature\AccreditationCycleFeatureTest" file="C:\Users\khrizk\Desktop\SAAC-Backend\tests\Feature\AccreditationCycleFeatureTest.php" tests="1" assertions="2" errors="0" failures="0" skipped="0" time="0.062767">
        <testcase name="it_can_create_and_retrieve_an_accreditation_cycle" file="C:\Users\khrizk\Desktop\SAAC-Backend\tests\Feature\AccreditationCycleFeatureTest.php" line="14" class="Tests\Feature\AccreditationCycleFeatureTest" classname="Tests.Feature.AccreditationCycleFeatureTest" assertions="2" time="0.062767"/>
      </testsuite>
      <testsuite name="Tests\Feature\ActionTypeFeatureTest" file="C:\Users\khrizk\Desktop\SAAC-Backend\tests\Feature\ActionTypeFeatureTest.php" tests="1" assertions="2" errors="0" failures="0" skipped="0" time="0.047448">
        <testcase name="it_can_create_and_retrieve_an_action_type" file="C:\Users\khrizk\Desktop\SAAC-Backend\tests\Feature\ActionTypeFeatureTest.php" line="14" class="Tests\Feature\ActionTypeFeatureTest" classname="Tests.Feature.ActionTypeFeatureTest" assertions="2" time="0.047448"/>
      </testsuite>
      <testsuite name="Tests\Feature\AuditLogFeatureTest" file="C:\Users\khrizk\Desktop\SAAC-Backend\tests\Feature\AuditLogFeatureTest.php" tests="1" assertions="2" errors="0" failures="0" skipped="0" time="0.046183">
        <testcase name="it_can_create_and_retrieve_an_audit_log" file="C:\Users\khrizk\Desktop\SAAC-Backend\tests\Feature\AuditLogFeatureTest.php" line="14" class="Tests\Feature\AuditLogFeatureTest" classname="Tests.Feature.AuditLogFeatureTest" assertions="2" time="0.046183"/>
      </testsuite>
      <testsuite name="Tests\Feature\AutoevaluationFeatureTest" file="C:\Users\khrizk\Desktop\SAAC-Backend\tests\Feature\AutoevaluationFeatureTest.php" tests="1" assertions="2" errors="0" failures="0" skipped="0" time="0.077472">
        <testcase name="it_can_create_and_retrieve_an_autoevaluation" file="C:\Users\khrizk\Desktop\SAAC-Backend\tests\Feature\AutoevaluationFeatureTest.php" line="14" class="Tests\Feature\AutoevaluationFeatureTest" classname="Tests.Feature.AutoevaluationFeatureTest" assertions="2" time="0.077472"/>
      </testsuite>
      <testsuite name="Tests\Feature\CampusEndpointsTest" file="C:\Users\khrizk\Desktop\SAAC-Backend\tests\Feature\CampusEndpointsTest.php" tests="6" assertions="15" errors="0" failures="0" skipped="0" time="0.358965">
        <testcase name="index_devuelve_lista_de_campus" file="C:\Users\khrizk\Desktop\SAAC-Backend\tests\Feature\CampusEndpointsTest.php" line="19" class="Tests\Feature\CampusEndpointsTest" classname="Tests.Feature.CampusEndpointsTest" assertions="2" time="0.086043"/>
        <testcase name="show_devuelve_un_campus_existente" file="C:\Users\khrizk\Desktop\SAAC-Backend\tests\Feature\CampusEndpointsTest.php" line="30" class="Tests\Feature\CampusEndpointsTest" classname="Tests.Feature.CampusEndpointsTest" assertions="3" time="0.034928"/>
        <testcase name="show_devuelve_404_si_no_existe" file="C:\Users\khrizk\Desktop\SAAC-Backend\tests\Feature\CampusEndpointsTest.php" line="43" class="Tests\Feature\CampusEndpointsTest" classname="Tests.Feature.CampusEndpointsTest" assertions="1" time="0.040565"/>
        <testcase name="store_crea_un_campus" file="C:\Users\khrizk\Desktop\SAAC-Backend\tests\Feature\CampusEndpointsTest.php" line="49" class="Tests\Feature\CampusEndpointsTest" classname="Tests.Feature.CampusEndpointsTest" assertions="3" time="0.074640"/>
        <testcase name="update_actualiza_un_campus" file="C:\Users\khrizk\Desktop\SAAC-Backend\tests\Feature\CampusEndpointsTest.php" line="67" class="Tests\Feature\CampusEndpointsTest" classname="Tests.Feature.CampusEndpointsTest" assertions="3" time="0.069350"/>
        <testcase name="destroy_elimina_un_campus" file="C:\Users\khrizk\Desktop\SAAC-Backend\tests\Feature\CampusEndpointsTest.php" line="87" class="Tests\Feature\CampusEndpointsTest" classname="Tests.Feature.CampusEndpointsTest" assertions="3" time="0.053439"/>
      </testsuite>
      <testsuite name="Tests\Feature\CampusFeatureTest" file="C:\Users\khrizk\Desktop\SAAC-Backend\tests\Feature\CampusFeatureTest.php" tests="1" assertions="2" errors="0" failures="0" skipped="0" time="0.043798">
        <testcase name="it_can_create_and_retrieve_a_campus" file="C:\Users\khrizk\Desktop\SAAC-Backend\tests\Feature\CampusFeatureTest.php" line="14" class="Tests\Feature\CampusFeatureTest" classname="Tests.Feature.CampusFeatureTest" assertions="2" time="0.043798"/>
      </testsuite>
      <testsuite name="Tests\Feature\CareerCampusFeatureTest" file="C:\Users\khrizk\Desktop\SAAC-Backend\tests\Feature\CareerCampusFeatureTest.php" tests="1" assertions="2" errors="0" failures="0" skipped="0" time="0.059798">
        <testcase name="it_can_create_and_retrieve_a_career_campus" file="C:\Users\khrizk\Desktop\SAAC-Backend\tests\Feature\CareerCampusFeatureTest.php" line="14" class="Tests\Feature\CareerCampusFeatureTest" classname="Tests.Feature.CareerCampusFeatureTest" assertions="2" time="0.059798"/>
      </testsuite>
      <testsuite name="Tests\Feature\CareerFeatureTest" file="C:\Users\khrizk\Desktop\SAAC-Backend\tests\Feature\CareerFeatureTest.php" tests="6" assertions="15" errors="0" failures="0" skipped="0" time="0.368526">
        <testcase name="index_devuelve_lista_de_carreras" file="C:\Users\khrizk\Desktop\SAAC-Backend\tests\Feature\CareerFeatureTest.php" line="29" class="Tests\Feature\CareerFeatureTest" classname="Tests.Feature.CareerFeatureTest" assertions="2" time="0.071919"/>
        <testcase name="show_devuelve_una_carrera_existente" file="C:\Users\khrizk\Desktop\SAAC-Backend\tests\Feature\CareerFeatureTest.php" line="39" class="Tests\Feature\CareerFeatureTest" classname="Tests.Feature.CareerFeatureTest" assertions="3" time="0.065512"/>
        <testcase name="show_devuelve_404_si_no_existe" file="C:\Users\khrizk\Desktop\SAAC-Backend\tests\Feature\CareerFeatureTest.php" line="52" class="Tests\Feature\CareerFeatureTest" classname="Tests.Feature.CareerFeatureTest" assertions="1" time="0.050897"/>
        <testcase name="store_crea_una_carrera" file="C:\Users\khrizk\Desktop\SAAC-Backend\tests\Feature\CareerFeatureTest.php" line="58" class="Tests\Feature\CareerFeatureTest" classname="Tests.Feature.CareerFeatureTest" assertions="3" time="0.063539"/>
        <testcase name="update_actualiza_una_carrera" file="C:\Users\khrizk\Desktop\SAAC-Backend\tests\Feature\CareerFeatureTest.php" line="75" class="Tests\Feature\CareerFeatureTest" classname="Tests.Feature.CareerFeatureTest" assertions="3" time="0.059209"/>
        <testcase name="destroy_elimina_una_carrera" file="C:\Users\khrizk\Desktop\SAAC-Backend\tests\Feature\CareerFeatureTest.php" line="95" class="Tests\Feature\CareerFeatureTest" classname="Tests.Feature.CareerFeatureTest" assertions="3" time="0.057451"/>
      </testsuite>
      <testsuite name="Tests\Feature\CommentFeatureTest" file="C:\Users\khrizk\Desktop\SAAC-Backend\tests\Feature\CommentFeatureTest.php" tests="1" assertions="2" errors="0" failures="0" skipped="0" time="0.037869">
        <testcase name="it_can_create_and_retrieve_a_comment" file="C:\Users\khrizk\Desktop\SAAC-Backend\tests\Feature\CommentFeatureTest.php" line="14" class="Tests\Feature\CommentFeatureTest" classname="Tests.Feature.CommentFeatureTest" assertions="2" time="0.037869"/>
      </testsuite>
      <testsuite name="Tests\Feature\ComponentFeatureTest" file="C:\Users\khrizk\Desktop\SAAC-Backend\tests\Feature\ComponentFeatureTest.php" tests="8" assertions="24" errors="0" failures="0" skipped="0" time="0.491739">
        <testcase name="index_devuelve_lista_de_componentes" file="C:\Users\khrizk\Desktop\SAAC-Backend\tests\Feature\ComponentFeatureTest.php" line="17" class="Tests\Feature\ComponentFeatureTest" classname="Tests.Feature.ComponentFeatureTest" assertions="2" time="0.092921"/>
        <testcase name="show_devuelve_un_componente_existente" file="C:\Users\khrizk\Desktop\SAAC-Backend\tests\Feature\ComponentFeatureTest.php" line="27" class="Tests\Feature\ComponentFeatureTest" classname="Tests.Feature.ComponentFeatureTest" assertions="3" time="0.054318"/>
        <testcase name="show_devuelve_404_si_no_existe" file="C:\Users\khrizk\Desktop\SAAC-Backend\tests\Feature\ComponentFeatureTest.php" line="45" class="Tests\Feature\ComponentFeatureTest" classname="Tests.Feature.ComponentFeatureTest" assertions="1" time="0.046914"/>
        <testcase name="store_crea_un_componente" file="C:\Users\khrizk\Desktop\SAAC-Backend\tests\Feature\ComponentFeatureTest.php" line="51" class="Tests\Feature\ComponentFeatureTest" classname="Tests.Feature.ComponentFeatureTest" assertions="3" time="0.067085"/>
        <testcase name="update_actualiza_un_componente" file="C:\Users\khrizk\Desktop\SAAC-Backend\tests\Feature\ComponentFeatureTest.php" line="77" class="Tests\Feature\ComponentFeatureTest" classname="Tests.Feature.ComponentFeatureTest" assertions="3" time="0.080803"/>
        <testcase name="destroy_elimina_un_componente" file="C:\Users\khrizk\Desktop\SAAC-Backend\tests\Feature\ComponentFeatureTest.php" line="102" class="Tests\Feature\ComponentFeatureTest" classname="Tests.Feature.ComponentFeatureTest" assertions="3" time="0.052861"/>
        <testcase name="store_falla_sin_campos_obligatorios" file="C:\Users\khrizk\Desktop\SAAC-Backend\tests\Feature\ComponentFeatureTest.php" line="118" class="Tests\Feature\ComponentFeatureTest" classname="Tests.Feature.ComponentFeatureTest" assertions="5" time="0.050255"/>
        <testcase name="store_falla_con_dimension_inexistente" file="C:\Users\khrizk\Desktop\SAAC-Backend\tests\Feature\ComponentFeatureTest.php" line="129" class="Tests\Feature\ComponentFeatureTest" classname="Tests.Feature.ComponentFeatureTest" assertions="4" time="0.046580"/>
      </testsuite>
      <testsuite name="Tests\Feature\CriterionFeatureTest" file="C:\Users\khrizk\Desktop\SAAC-Backend\tests\Feature\CriterionFeatureTest.php" tests="8" assertions="24" errors="0" failures="0" skipped="0" time="0.428905">
        <testcase name="index_devuelve_lista_de_criterios" file="C:\Users\khrizk\Desktop\SAAC-Backend\tests\Feature\CriterionFeatureTest.php" line="21" class="Tests\Feature\CriterionFeatureTest" classname="Tests.Feature.CriterionFeatureTest" assertions="2" time="0.075365"/>
        <testcase name="show_devuelve_un_criterio_existente" file="C:\Users\khrizk\Desktop\SAAC-Backend\tests\Feature\CriterionFeatureTest.php" line="40" class="Tests\Feature\CriterionFeatureTest" classname="Tests.Feature.CriterionFeatureTest" assertions="3" time="0.065866"/>
        <testcase name="show_devuelve_404_si_no_existe" file="C:\Users\khrizk\Desktop\SAAC-Backend\tests\Feature\CriterionFeatureTest.php" line="59" class="Tests\Feature\CriterionFeatureTest" classname="Tests.Feature.CriterionFeatureTest" assertions="1" time="0.044722"/>
        <testcase name="store_crea_un_criterio" file="C:\Users\khrizk\Desktop\SAAC-Backend\tests\Feature\CriterionFeatureTest.php" line="65" class="Tests\Feature\CriterionFeatureTest" classname="Tests.Feature.CriterionFeatureTest" assertions="3" time="0.065366"/>
        <testcase name="update_actualiza_un_criterio" file="C:\Users\khrizk\Desktop\SAAC-Backend\tests\Feature\CriterionFeatureTest.php" line="94" class="Tests\Feature\CriterionFeatureTest" classname="Tests.Feature.CriterionFeatureTest" assertions="3" time="0.063890"/>
        <testcase name="destroy_elimina_un_criterio" file="C:\Users\khrizk\Desktop\SAAC-Backend\tests\Feature\CriterionFeatureTest.php" line="125" class="Tests\Feature\CriterionFeatureTest" classname="Tests.Feature.CriterionFeatureTest" assertions="3" time="0.060110"/>
        <testcase name="store_falla_sin_campos_obligatorios" file="C:\Users\khrizk\Desktop\SAAC-Backend\tests\Feature\CriterionFeatureTest.php" line="146" class="Tests\Feature\CriterionFeatureTest" classname="Tests.Feature.CriterionFeatureTest" assertions="5" time="0.027676"/>
        <testcase name="store_falla_con_componente_inexistente" file="C:\Users\khrizk\Desktop\SAAC-Backend\tests\Feature\CriterionFeatureTest.php" line="157" class="Tests\Feature\CriterionFeatureTest" classname="Tests.Feature.CriterionFeatureTest" assertions="4" time="0.025910"/>
      </testsuite>
      <testsuite name="Tests\Feature\DimensionFeatureTest" file="C:\Users\khrizk\Desktop\SAAC-Backend\tests\Feature\DimensionFeatureTest.php" tests="6" assertions="15" errors="0" failures="0" skipped="0" time="0.287771">
        <testcase name="index_devuelve_lista_de_dimensiones" file="C:\Users\khrizk\Desktop\SAAC-Backend\tests\Feature\DimensionFeatureTest.php" line="28" class="Tests\Feature\DimensionFeatureTest" classname="Tests.Feature.DimensionFeatureTest" assertions="2" time="0.048443"/>
        <testcase name="show_devuelve_una_dimension_existente" file="C:\Users\khrizk\Desktop\SAAC-Backend\tests\Feature\DimensionFeatureTest.php" line="38" class="Tests\Feature\DimensionFeatureTest" classname="Tests.Feature.DimensionFeatureTest" assertions="3" time="0.032591"/>
        <testcase name="show_devuelve_404_si_no_existe" file="C:\Users\khrizk\Desktop\SAAC-Backend\tests\Feature\DimensionFeatureTest.php" line="51" class="Tests\Feature\DimensionFeatureTest" classname="Tests.Feature.DimensionFeatureTest" assertions="1" time="0.048731"/>
        <testcase name="store_crea_una_dimension" file="C:\Users\khrizk\Desktop\SAAC-Backend\tests\Feature\DimensionFeatureTest.php" line="57" class="Tests\Feature\DimensionFeatureTest" classname="Tests.Feature.DimensionFeatureTest" assertions="3" time="0.065884"/>
        <testcase name="update_actualiza_una_dimension" file="C:\Users\khrizk\Desktop\SAAC-Backend\tests\Feature\DimensionFeatureTest.php" line="74" class="Tests\Feature\DimensionFeatureTest" classname="Tests.Feature.DimensionFeatureTest" assertions="3" time="0.042046"/>
        <testcase name="destroy_elimina_una_dimension" file="C:\Users\khrizk\Desktop\SAAC-Backend\tests\Feature\DimensionFeatureTest.php" line="96" class="Tests\Feature\DimensionFeatureTest" classname="Tests.Feature.DimensionFeatureTest" assertions="3" time="0.050075"/>
      </testsuite>
      <testsuite name="Tests\Feature\EvidenceFeatureTest" file="C:\Users\khrizk\Desktop\SAAC-Backend\tests\Feature\EvidenceFeatureTest.php" tests="7" assertions="27" errors="0" failures="0" skipped="0" time="0.457664">
        <testcase name="index_devuelve_lista_de_evidencias" file="C:\Users\khrizk\Desktop\SAAC-Backend\tests\Feature\EvidenceFeatureTest.php" line="22" class="Tests\Feature\EvidenceFeatureTest" classname="Tests.Feature.EvidenceFeatureTest" assertions="2" time="0.081096"/>
        <testcase name="show_devuelve_una_evidencia_existente" file="C:\Users\khrizk\Desktop\SAAC-Backend\tests\Feature\EvidenceFeatureTest.php" line="43" class="Tests\Feature\EvidenceFeatureTest" classname="Tests.Feature.EvidenceFeatureTest" assertions="4" time="0.065879"/>
        <testcase name="store_crea_una_evidencia" file="C:\Users\khrizk\Desktop\SAAC-Backend\tests\Feature\EvidenceFeatureTest.php" line="73" class="Tests\Feature\EvidenceFeatureTest" classname="Tests.Feature.EvidenceFeatureTest" assertions="3" time="0.069251"/>
        <testcase name="update_actualiza_una_evidencia" file="C:\Users\khrizk\Desktop\SAAC-Backend\tests\Feature\EvidenceFeatureTest.php" line="104" class="Tests\Feature\EvidenceFeatureTest" classname="Tests.Feature.EvidenceFeatureTest" assertions="3" time="0.066783"/>
        <testcase name="destroy_elimina_una_evidencia" file="C:\Users\khrizk\Desktop\SAAC-Backend\tests\Feature\EvidenceFeatureTest.php" line="140" class="Tests\Feature\EvidenceFeatureTest" classname="Tests.Feature.EvidenceFeatureTest" assertions="3" time="0.074614"/>
        <testcase name="store_falla_sin_campos_obligatorios" file="C:\Users\khrizk\Desktop\SAAC-Backend\tests\Feature\EvidenceFeatureTest.php" line="165" class="Tests\Feature\EvidenceFeatureTest" classname="Tests.Feature.EvidenceFeatureTest" assertions="7" time="0.051592"/>
        <testcase name="store_falla_con_fks_inexistentes" file="C:\Users\khrizk\Desktop\SAAC-Backend\tests\Feature\EvidenceFeatureTest.php" line="176" class="Tests\Feature\EvidenceFeatureTest" classname="Tests.Feature.EvidenceFeatureTest" assertions="5" time="0.048448"/>
      </testsuite>
      <testsuite name="Tests\Feature\EvidenceStateFeatureTest" file="C:\Users\khrizk\Desktop\SAAC-Backend\tests\Feature\EvidenceStateFeatureTest.php" tests="7" assertions="20" errors="0" failures="0" skipped="0" time="0.318838">
        <testcase name="index_devuelve_lista_de_estados_de_evidencia" file="C:\Users\khrizk\Desktop\SAAC-Backend\tests\Feature\EvidenceStateFeatureTest.php" line="18" class="Tests\Feature\EvidenceStateFeatureTest" classname="Tests.Feature.EvidenceStateFeatureTest" assertions="3" time="0.064936"/>
        <testcase name="show_devuelve_un_estado_de_evidencia_existente" file="C:\Users\khrizk\Desktop\SAAC-Backend\tests\Feature\EvidenceStateFeatureTest.php" line="33" class="Tests\Feature\EvidenceStateFeatureTest" classname="Tests.Feature.EvidenceStateFeatureTest" assertions="4" time="0.058341"/>
        <testcase name="show_devuelve_404_si_no_existe" file="C:\Users\khrizk\Desktop\SAAC-Backend\tests\Feature\EvidenceStateFeatureTest.php" line="51" class="Tests\Feature\EvidenceStateFeatureTest" classname="Tests.Feature.EvidenceStateFeatureTest" assertions="1" time="0.040581"/>
        <testcase name="store_crea_un_estado_de_evidencia" file="C:\Users\khrizk\Desktop\SAAC-Backend\tests\Feature\EvidenceStateFeatureTest.php" line="57" class="Tests\Feature\EvidenceStateFeatureTest" classname="Tests.Feature.EvidenceStateFeatureTest" assertions="3" time="0.053124"/>
        <testcase name="update_actualiza_un_estado_de_evidencia" file="C:\Users\khrizk\Desktop\SAAC-Backend\tests\Feature\EvidenceStateFeatureTest.php" line="72" class="Tests\Feature\EvidenceStateFeatureTest" classname="Tests.Feature.EvidenceStateFeatureTest" assertions="3" time="0.040339"/>
        <testcase name="destroy_elimina_un_estado_de_evidencia" file="C:\Users\khrizk\Desktop\SAAC-Backend\tests\Feature\EvidenceStateFeatureTest.php" line="90" class="Tests\Feature\EvidenceStateFeatureTest" classname="Tests.Feature.EvidenceStateFeatureTest" assertions="3" time="0.033896"/>
        <testcase name="store_falla_sin_nombre" file="C:\Users\khrizk\Desktop\SAAC-Backend\tests\Feature\EvidenceStateFeatureTest.php" line="104" class="Tests\Feature\EvidenceStateFeatureTest" classname="Tests.Feature.EvidenceStateFeatureTest" assertions="3" time="0.027621"/>
      </testsuite>
      <testsuite name="Tests\Feature\FacultyFeatureTest" file="C:\Users\khrizk\Desktop\SAAC-Backend\tests\Feature\FacultyFeatureTest.php" tests="5" assertions="13" errors="0" failures="0" skipped="0" time="0.289091">
        <testcase name="show_devuelve_una_facultad_existente" file="C:\Users\khrizk\Desktop\SAAC-Backend\tests\Feature\FacultyFeatureTest.php" line="36" class="Tests\Feature\FacultyFeatureTest" classname="Tests.Feature.FacultyFeatureTest" assertions="3" time="0.083209"/>
        <testcase name="show_devuelve_404_si_no_existe" file="C:\Users\khrizk\Desktop\SAAC-Backend\tests\Feature\FacultyFeatureTest.php" line="48" class="Tests\Feature\FacultyFeatureTest" classname="Tests.Feature.FacultyFeatureTest" assertions="1" time="0.025483"/>
        <testcase name="store_crea_una_facultad" file="C:\Users\khrizk\Desktop\SAAC-Backend\tests\Feature\FacultyFeatureTest.php" line="54" class="Tests\Feature\FacultyFeatureTest" classname="Tests.Feature.FacultyFeatureTest" assertions="3" time="0.058103"/>
        <testcase name="update_actualiza_una_facultad" file="C:\Users\khrizk\Desktop\SAAC-Backend\tests\Feature\FacultyFeatureTest.php" line="76" class="Tests\Feature\FacultyFeatureTest" classname="Tests.Feature.FacultyFeatureTest" assertions="3" time="0.063305"/>
        <testcase name="destroy_elimina_una_facultad" file="C:\Users\khrizk\Desktop\SAAC-Backend\tests\Feature\FacultyFeatureTest.php" line="97" class="Tests\Feature\FacultyFeatureTest" classname="Tests.Feature.FacultyFeatureTest" assertions="3" time="0.058990"/>
      </testsuite>
      <testsuite name="Tests\Feature\ImprovementCommitmentFeatureTest" file="C:\Users\khrizk\Desktop\SAAC-Backend\tests\Feature\ImprovementCommitmentFeatureTest.php" tests="1" assertions="2" errors="0" failures="0" skipped="0" time="0.062065">
        <testcase name="it_can_create_and_retrieve_an_improvement_commitment" file="C:\Users\khrizk\Desktop\SAAC-Backend\tests\Feature\ImprovementCommitmentFeatureTest.php" line="14" class="Tests\Feature\ImprovementCommitmentFeatureTest" classname="Tests.Feature.ImprovementCommitmentFeatureTest" assertions="2" time="0.062065"/>
      </testsuite>
      <testsuite name="Tests\Feature\ProcessFeatureTest" file="C:\Users\khrizk\Desktop\SAAC-Backend\tests\Feature\ProcessFeatureTest.php" tests="1" assertions="2" errors="0" failures="0" skipped="0" time="0.053418">
        <testcase name="it_can_create_and_retrieve_a_process" file="C:\Users\khrizk\Desktop\SAAC-Backend\tests\Feature\ProcessFeatureTest.php" line="14" class="Tests\Feature\ProcessFeatureTest" classname="Tests.Feature.ProcessFeatureTest" assertions="2" time="0.053418"/>
      </testsuite>
      <testsuite name="Tests\Feature\RoleFeatureTest" file="C:\Users\khrizk\Desktop\SAAC-Backend\tests\Feature\RoleFeatureTest.php" tests="1" assertions="2" errors="0" failures="0" skipped="0" time="0.050696">
        <testcase name="it_can_create_and_retrieve_a_role" file="C:\Users\khrizk\Desktop\SAAC-Backend\tests\Feature\RoleFeatureTest.php" line="14" class="Tests\Feature\RoleFeatureTest" classname="Tests.Feature.RoleFeatureTest" assertions="2" time="0.050696"/>
      </testsuite>
      <testsuite name="Tests\Feature\StandardFeatureTest" file="C:\Users\khrizk\Desktop\SAAC-Backend\tests\Feature\StandardFeatureTest.php" tests="8" assertions="24" errors="0" failures="0" skipped="0" time="0.461994">
        <testcase name="index_devuelve_lista_de_estandares" file="C:\Users\khrizk\Desktop\SAAC-Backend\tests\Feature\StandardFeatureTest.php" line="20" class="Tests\Feature\StandardFeatureTest" classname="Tests.Feature.StandardFeatureTest" assertions="3" time="0.084225"/>
        <testcase name="show_devuelve_un_estandar_existente" file="C:\Users\khrizk\Desktop\SAAC-Backend\tests\Feature\StandardFeatureTest.php" line="37" class="Tests\Feature\StandardFeatureTest" classname="Tests.Feature.StandardFeatureTest" assertions="4" time="0.068615"/>
        <testcase name="show_devuelve_404_si_no_existe" file="C:\Users\khrizk\Desktop\SAAC-Backend\tests\Feature\StandardFeatureTest.php" line="58" class="Tests\Feature\StandardFeatureTest" classname="Tests.Feature.StandardFeatureTest" assertions="1" time="0.044930"/>
        <testcase name="store_crea_un_estandar" file="C:\Users\khrizk\Desktop\SAAC-Backend\tests\Feature\StandardFeatureTest.php" line="64" class="Tests\Feature\StandardFeatureTest" classname="Tests.Feature.StandardFeatureTest" assertions="3" time="0.067775"/>
        <testcase name="update_actualiza_un_estandar" file="C:\Users\khrizk\Desktop\SAAC-Backend\tests\Feature\StandardFeatureTest.php" line="86" class="Tests\Feature\StandardFeatureTest" classname="Tests.Feature.StandardFeatureTest" assertions="3" time="0.058837"/>
        <testcase name="destroy_elimina_un_estandar" file="C:\Users\khrizk\Desktop\SAAC-Backend\tests\Feature\StandardFeatureTest.php" line="113" class="Tests\Feature\StandardFeatureTest" classname="Tests.Feature.StandardFeatureTest" assertions="3" time="0.061558"/>
        <testcase name="store_falla_sin_campos_obligatorios" file="C:\Users\khrizk\Desktop\SAAC-Backend\tests\Feature\StandardFeatureTest.php" line="128" class="Tests\Feature\StandardFeatureTest" classname="Tests.Feature.StandardFeatureTest" assertions="4" time="0.027388"/>
        <testcase name="store_falla_con_criterio_inexistente" file="C:\Users\khrizk\Desktop\SAAC-Backend\tests\Feature\StandardFeatureTest.php" line="136" class="Tests\Feature\StandardFeatureTest" classname="Tests.Feature.StandardFeatureTest" assertions="3" time="0.048664"/>
      </testsuite>
      <testsuite name="Tests\Feature\UniversityEndpointsTest" file="C:\Users\khrizk\Desktop\SAAC-Backend\tests\Feature\UniversityEndpointsTest.php" tests="6" assertions="14" errors="0" failures="0" skipped="0" time="0.352156">
        <testcase name="index_devuelve_lista_de_universidades" file="C:\Users\khrizk\Desktop\SAAC-Backend\tests\Feature\UniversityEndpointsTest.php" line="15" class="Tests\Feature\UniversityEndpointsTest" classname="Tests.Feature.UniversityEndpointsTest" assertions="2" time="0.069496"/>
        <testcase name="show_devuelve_una_universidad_existente" file="C:\Users\khrizk\Desktop\SAAC-Backend\tests\Feature\UniversityEndpointsTest.php" line="25" class="Tests\Feature\UniversityEndpointsTest" classname="Tests.Feature.UniversityEndpointsTest" assertions="2" time="0.060096"/>
        <testcase name="show_devuelve_404_si_no_existe" file="C:\Users\khrizk\Desktop\SAAC-Backend\tests\Feature\UniversityEndpointsTest.php" line="35" class="Tests\Feature\UniversityEndpointsTest" classname="Tests.Feature.UniversityEndpointsTest" assertions="1" time="0.046880"/>
        <testcase name="store_crea_una_universidad" file="C:\Users\khrizk\Desktop\SAAC-Backend\tests\Feature\UniversityEndpointsTest.php" line="42" class="Tests\Feature\UniversityEndpointsTest" classname="Tests.Feature.UniversityEndpointsTest" assertions="3" time="0.045840"/>
        <testcase name="update_actualiza_una_universidad" file="C:\Users\khrizk\Desktop\SAAC-Backend\tests\Feature\UniversityEndpointsTest.php" line="54" class="Tests\Feature\UniversityEndpointsTest" classname="Tests.Feature.UniversityEndpointsTest" assertions="3" time="0.070226"/>
        <testcase name="destroy_elimina_una_universidad" file="C:\Users\khrizk\Desktop\SAAC-Backend\tests\Feature\UniversityEndpointsTest.php" line="67" class="Tests\Feature\UniversityEndpointsTest" classname="Tests.Feature.UniversityEndpointsTest" assertions="3" time="0.059618"/>
      </testsuite>
      <testsuite name="Tests\Feature\UniversityFeatureTest" file="C:\Users\khrizk\Desktop\SAAC-Backend\tests\Feature\UniversityFeatureTest.php" tests="1" assertions="2" errors="0" failures="0" skipped="0" time="0.051162">
        <testcase name="it_can_create_and_retrieve_a_university" file="C:\Users\khrizk\Desktop\SAAC-Backend\tests\Feature\UniversityFeatureTest.php" line="14" class="Tests\Feature\UniversityFeatureTest" classname="Tests.Feature.UniversityFeatureTest" assertions="2" time="0.051162"/>
      </testsuite>
      <testsuite name="Tests\Feature\UserFeatureTest" file="C:\Users\khrizk\Desktop\SAAC-Backend\tests\Feature\UserFeatureTest.php" tests="5" assertions="15" errors="0" failures="0" skipped="0" time="0.294421">
        <testcase name="activa_un_usuario_inactivo" file="C:\Users\khrizk\Desktop\SAAC-Backend\tests\Feature\UserFeatureTest.php" line="14" class="Tests\Feature\UserFeatureTest" classname="Tests.Feature.UserFeatureTest" assertions="3" time="0.055375"/>
        <testcase name="no_activa_si_ya_esta_activo" file="C:\Users\khrizk\Desktop\SAAC-Backend\tests\Feature\UserFeatureTest.php" line="32" class="Tests\Feature\UserFeatureTest" classname="Tests.Feature.UserFeatureTest" assertions="3" time="0.054604"/>
        <testcase name="desactiva_un_usuario_activo" file="C:\Users\khrizk\Desktop\SAAC-Backend\tests\Feature\UserFeatureTest.php" line="46" class="Tests\Feature\UserFeatureTest" classname="Tests.Feature.UserFeatureTest" assertions="3" time="0.065981"/>
        <testcase name="no_desactiva_si_ya_esta_inactivo" file="C:\Users\khrizk\Desktop\SAAC-Backend\tests\Feature\UserFeatureTest.php" line="61" class="Tests\Feature\UserFeatureTest" classname="Tests.Feature.UserFeatureTest" assertions="3" time="0.063023"/>
        <testcase name="it_can_create_and_retrieve_a_user" file="C:\Users\khrizk\Desktop\SAAC-Backend\tests\Feature\UserFeatureTest.php" line="77" class="Tests\Feature\UserFeatureTest" classname="Tests.Feature.UserFeatureTest" assertions="3" time="0.055438"/>
      </testsuite>
      <testsuite name="Tests\Feature\UserRoleFeatureTest" file="C:\Users\khrizk\Desktop\SAAC-Backend\tests\Feature\UserRoleFeatureTest.php" tests="2" assertions="7" errors="0" failures="0" skipped="0" time="0.190914">
        <testcase name="puede_asignar_un_rol_a_un_usuario" file="C:\Users\khrizk\Desktop\SAAC-Backend\tests\Feature\UserRoleFeatureTest.php" line="16" class="Tests\Feature\UserRoleFeatureTest" classname="Tests.Feature.UserRoleFeatureTest" assertions="2" time="0.109599"/>
        <testcase name="puede_asignar_permisos_a_un_usuario" file="C:\Users\khrizk\Desktop\SAAC-Backend\tests\Feature\UserRoleFeatureTest.php" line="43" class="Tests\Feature\UserRoleFeatureTest" classname="Tests.Feature.UserRoleFeatureTest" assertions="5" time="0.081315"/>
      </testsuite>
    </testsuite>
  </testsuite>
</testsuites>
